#
# A fatal error has been detected by the Java Runtime Environment:
#
#  SIGBUS (0xa) at pc=0x0000000105ab60a4, pid=6196, tid=39939
#
# JRE version: OpenJDK Runtime Environment Zulu15.40+19-CA (15.0.7+4) (build 15.0.7+4-MTS)
# Java VM: OpenJDK 64-Bit Server VM Zulu15.40+19-CA (15.0.7+4-MTS, mixed mode, tiered, compressed oops, g1 gc, bsd-aarch64)
# Problematic frame:
# V  [libjvm.dylib+0x8920a4]  MarkActivationClosure::do_code_blob(CodeBlob*)+0x3c
#
# No core dump will be written. Core dumps have been disabled. To enable core dumping, try "ulimit -c unlimited" before starting Java again
#
# If you would like to submit a bug report, please visit:
#   http://www.azul.com/support/
#

---------------  S U M M A R Y ------------

Command Line: -Dorg.gradle.native=false -javaagent:build/tmp/expandedArchives/org.jacoco.agent-0.8.6.jar_a26f6511a7813217be4cd6439d66563b/jacocoagent.jar=destfile=build/jacoco/test.exec,append=true,inclnolocationclasses=false,dumponexit=true,output=file,jmx=false -Xmx512m -Dfile.encoding=UTF-8 -Duser.country=KR -Duser.language=ko -Duser.variant -ea worker.org.gradle.process.internal.worker.GradleWorkerMain 'Gradle Test Executor 20'

Host: MacBookPro18,3 arm64 1 MHz, 8 cores, 16G, Darwin 22.2.0
Time: Sat Apr 22 00:03:54 2023 KST elapsed time: 1.401671 seconds (0d 0h 0m 1s)

---------------  T H R E A D  ---------------

Current thread (0x000000013cf00a00):  JavaThread "background-preinit" [_thread_in_vm, id=39939, stack(0x000000016f7d8000,0x000000016f9db000)]

Stack: [0x000000016f7d8000,0x000000016f9db000],  sp=0x000000016f9d3490,  free space=2029k
Native frames: (J=compiled Java code, A=aot compiled Java code, j=interpreted, Vv=VM code, C=native code)
V  [libjvm.dylib+0x8920a4]  MarkActivationClosure::do_code_blob(CodeBlob*)+0x3c
V  [libjvm.dylib+0x8cd8e8]  JavaThread::nmethods_do(CodeBlobClosure*)+0x80
V  [libjvm.dylib+0x38972c]  HandshakeState::process_self_inner()+0x170
V  [libjvm.dylib+0x79e9a8]  SafepointMechanism::block_if_requested_slow(JavaThread*)+0x74
V  [libjvm.dylib+0x55eb10]  jvmti_SetThreadLocalStorage(_jvmtiEnv*, _jobject*, void const*)+0x1d8
C  [libinstrument.dylib+0x6228]  tryToAcquireReentrancyToken+0x100
C  [libinstrument.dylib+0x3774]  transformClassFile+0x50
C  [libinstrument.dylib+0x251c]  eventHandlerClassFileLoadHook+0x88
V  [libjvm.dylib+0x5acdcc]  JvmtiClassFileLoadHookPoster::post_to_env(JvmtiEnv*, bool)+0xb0
V  [libjvm.dylib+0x5accac]  JvmtiClassFileLoadHookPoster::post_all_envs()+0xf8
V  [libjvm.dylib+0x5a3570]  JvmtiExport::post_class_file_load_hook(Symbol*, Handle, Handle, unsigned char**, unsigned char**, JvmtiCachedClassFileData**)+0x58
V  [libjvm.dylib+0x5c80e0]  KlassFactory::create_from_stream(ClassFileStream*, Symbol*, ClassLoaderData*, ClassLoadInfo const&, Thread*)+0x294
V  [libjvm.dylib+0x8a169c]  SystemDictionary::resolve_from_stream(Symbol*, Handle, Handle, ClassFileStream*, Thread*)+0x25c
V  [libjvm.dylib+0x47ff04]  jvm_define_class_common(JNIEnv_*, char const*, _jobject*, signed char const*, int, _jobject*, char const*, Thread*)+0x2fc
V  [libjvm.dylib+0x480904]  JVM_DefineClassWithSource+0xf4
C  [libjava.dylib+0x3e20]  Java_java_lang_ClassLoader_defineClass1+0x24c
J 1340  java.lang.ClassLoader.defineClass1(Ljava/lang/ClassLoader;Ljava/lang/String;[BIILjava/security/ProtectionDomain;Ljava/lang/String;)Ljava/lang/Class; java.base@15.0.7 (0 bytes) @ 0x000000011515669c [0x00000001151565c0+0x00000000000000dc]
J 1013 c1 sun.net.util.URLUtil.urlNoFragString(Ljava/net/URL;)Ljava/lang/String; java.base@15.0.7 (114 bytes) @ 0x000000010de121d4 [0x000000010de11640+0x0000000000000b94]
J 1350 c1 java.security.CodeSource.<init>(Ljava/net/URL;[Ljava/security/CodeSigner;)V java.base@15.0.7 (52 bytes) @ 0x000000010ded0d28 [0x000000010ded0c40+0x00000000000000e8]
J 1804 c1 jdk.internal.loader.BuiltinClassLoader.defineClass(Ljava/lang/String;Ljdk/internal/loader/Resource;)Ljava/lang/Class; java.base@15.0.7 (121 bytes) @ 0x000000010dfb2df8 [0x000000010dfb2a00+0x00000000000003f8]
J 1595 c1 jdk.internal.loader.BuiltinClassLoader.findClassOnClassPathOrNull(Ljava/lang/String;)Ljava/lang/Class; java.base@15.0.7 (64 bytes) @ 0x000000010df5cb58 [0x000000010df5c940+0x0000000000000218]
J 621 c1 jdk.internal.loader.BuiltinClassLoader.loadClassOrNull(Ljava/lang/String;Z)Ljava/lang/Class; java.base@15.0.7 (143 bytes) @ 0x000000010dced67c [0x000000010dcec7c0+0x0000000000000ebc]
J 1487 c1 jdk.internal.loader.ClassLoaders$AppClassLoader.loadClass(Ljava/lang/String;Z)Ljava/lang/Class; java.base@15.0.7 (40 bytes) @ 0x000000010df2a654 [0x000000010df2a500+0x0000000000000154]
J 818 c1 java.lang.ClassLoader.loadClass(Ljava/lang/String;)Ljava/lang/Class; java.base@15.0.7 (7 bytes) @ 0x000000010dd64df0 [0x000000010dd64cc0+0x0000000000000130]
v  ~StubRoutines::call_stub
V  [libjvm.dylib+0x3e00a4]  JavaCalls::call_helper(JavaValue*, methodHandle const&, JavaCallArguments*, Thread*)+0x324
V  [libjvm.dylib+0x3df17c]  JavaCalls::call_virtual(JavaValue*, Klass*, Symbol*, Symbol*, JavaCallArguments*, Thread*)+0xf8
V  [libjvm.dylib+0x3df2d4]  JavaCalls::call_virtual(JavaValue*, Handle, Klass*, Symbol*, Symbol*, Handle, Thread*)+0x68
V  [libjvm.dylib+0x8a08dc]  SystemDictionary::load_instance_class(Symbol*, Handle, Thread*)+0xf4
V  [libjvm.dylib+0x89f888]  SystemDictionary::resolve_instance_class_or_null(Symbol*, Handle, Handle, Thread*)+0x808
V  [libjvm.dylib+0x89fcf4]  SystemDictionary::resolve_super_or_fail(Symbol*, Symbol*, Handle, Handle, bool, Thread*)+0x244
V  [libjvm.dylib+0x1f6778]  ClassFileParser::post_process_parsed_stream(ClassFileStream const*, ConstantPool*, Thread*)+0x168
V  [libjvm.dylib+0x1f5c84]  ClassFileParser::ClassFileParser(ClassFileStream*, Symbol*, ClassLoaderData*, ClassLoadInfo const*, ClassFileParser::Publicity, Thread*)+0x2ac
V  [libjvm.dylib+0x5c7f04]  KlassFactory::create_from_stream(ClassFileStream*, Symbol*, ClassLoaderData*, ClassLoadInfo const&, Thread*)+0xb8
V  [libjvm.dylib+0x8a169c]  SystemDictionary::resolve_from_stream(Symbol*, Handle, Handle, ClassFileStream*, Thread*)+0x25c
V  [libjvm.dylib+0x47ff04]  jvm_define_class_common(JNIEnv_*, char const*, _jobject*, signed char const*, int, _jobject*, char const*, Thread*)+0x2fc
V  [libjvm.dylib+0x480904]  JVM_DefineClassWithSource+0xf4
C  [libjava.dylib+0x3e20]  Java_java_lang_ClassLoader_defineClass1+0x24c
J 1340  java.lang.ClassLoader.defineClass1(Ljava/lang/ClassLoader;Ljava/lang/String;[BIILjava/security/ProtectionDomain;Ljava/lang/String;)Ljava/lang/Class; java.base@15.0.7 (0 bytes) @ 0x000000011515669c [0x00000001151565c0+0x00000000000000dc]
J 1013 c1 sun.net.util.URLUtil.urlNoFragString(Ljava/net/URL;)Ljava/lang/String; java.base@15.0.7 (114 bytes) @ 0x000000010de121d4 [0x000000010de11640+0x0000000000000b94]
J 1350 c1 java.security.CodeSource.<init>(Ljava/net/URL;[Ljava/security/CodeSigner;)V java.base@15.0.7 (52 bytes) @ 0x000000010ded0d28 [0x000000010ded0c40+0x00000000000000e8]
J 1804 c1 jdk.internal.loader.BuiltinClassLoader.defineClass(Ljava/lang/String;Ljdk/internal/loader/Resource;)Ljava/lang/Class; java.base@15.0.7 (121 bytes) @ 0x000000010dfb2df8 [0x000000010dfb2a00+0x00000000000003f8]
J 1595 c1 jdk.internal.loader.BuiltinClassLoader.findClassOnClassPathOrNull(Ljava/lang/String;)Ljava/lang/Class; java.base@15.0.7 (64 bytes) @ 0x000000010df5cb58 [0x000000010df5c940+0x0000000000000218]
J 621 c1 jdk.internal.loader.BuiltinClassLoader.loadClassOrNull(Ljava/lang/String;Z)Ljava/lang/Class; java.base@15.0.7 (143 bytes) @ 0x000000010dced67c [0x000000010dcec7c0+0x0000000000000ebc]
J 1487 c1 jdk.internal.loader.ClassLoaders$AppClassLoader.loadClass(Ljava/lang/String;Z)Ljava/lang/Class; java.base@15.0.7 (40 bytes) @ 0x000000010df2a654 [0x000000010df2a500+0x0000000000000154]
J 818 c1 java.lang.ClassLoader.loadClass(Ljava/lang/String;)Ljava/lang/Class; java.base@15.0.7 (7 bytes) @ 0x000000010dd64df0 [0x000000010dd64cc0+0x0000000000000130]
v  ~StubRoutines::call_stub
V  [libjvm.dylib+0x3e00a4]  JavaCalls::call_helper(JavaValue*, methodHandle const&, JavaCallArguments*, Thread*)+0x324
V  [libjvm.dylib+0x3df17c]  JavaCalls::call_virtual(JavaValue*, Klass*, Symbol*, Symbol*, JavaCallArguments*, Thread*)+0xf8
V  [libjvm.dylib+0x3df2d4]  JavaCalls::call_virtual(JavaValue*, Handle, Klass*, Symbol*, Symbol*, Handle, Thread*)+0x68
V  [libjvm.dylib+0x8a08dc]  SystemDictionary::load_instance_class(Symbol*, Handle, Thread*)+0xf4
V  [libjvm.dylib+0x89f888]  SystemDictionary::resolve_instance_class_or_null(Symbol*, Handle, Handle, Thread*)+0x808
V  [libjvm.dylib+0x89ea70]  SystemDictionary::resolve_or_fail(Symbol*, Handle, Handle, bool, Thread*)+0x80
V  [libjvm.dylib+0x90be00]  VerificationType::resolve_and_check_assignability(InstanceKlass*, Symbol*, Symbol*, bool, bool, bool, Thread*)+0x310
V  [libjvm.dylib+0x9184c4]  ClassVerifier::verify_invoke_instructions(RawBytecodeStream*, unsigned int, StackMapFrame*, bool, bool*, VerificationType, constantPoolHandle const&, StackMapTable*, Thread*)+0x61c
V  [libjvm.dylib+0x90f20c]  ClassVerifier::verify_method(methodHandle const&, Thread*)+0x7d0
V  [libjvm.dylib+0x90d170]  ClassVerifier::verify_class(Thread*)+0xf0
V  [libjvm.dylib+0x90ca38]  Verifier::verify(InstanceKlass*, bool, Thread*)+0x29c
V  [libjvm.dylib+0x3c1850]  InstanceKlass::link_class_impl(Thread*)+0x250
V  [libjvm.dylib+0x3c1ab4]  InstanceKlass::initialize_impl(Thread*)+0x58
V  [libjvm.dylib+0x3d688c]  InterpreterRuntime::_new(JavaThread*, ConstantPool*, int)+0xa8
j  com.fasterxml.jackson.databind.ObjectMapper.<clinit>()V+4
v  ~StubRoutines::call_stub
V  [libjvm.dylib+0x3e00a4]  JavaCalls::call_helper(JavaValue*, methodHandle const&, JavaCallArguments*, Thread*)+0x324
V  [libjvm.dylib+0x3c2794]  InstanceKlass::call_class_initializer(Thread*)+0x1cc
V  [libjvm.dylib+0x3c1f98]  InstanceKlass::initialize_impl(Thread*)+0x53c
V  [libjvm.dylib+0x3d688c]  InterpreterRuntime::_new(JavaThread*, ConstantPool*, int)+0xa8
j  org.springframework.http.converter.json.Jackson2ObjectMapperBuilder.build()Lcom/fasterxml/jackson/databind/ObjectMapper;+118
j  org.springframework.http.converter.json.MappingJackson2HttpMessageConverter.<init>()V+8
j  org.springframework.http.converter.support.AllEncompassingFormHttpMessageConverter.<init>()V+111
j  org.springframework.boot.autoconfigure.BackgroundPreinitializer$MessageConverterInitializer.run()V+8
j  org.springframework.boot.autoconfigure.BackgroundPreinitializer$1.runSafely(Ljava/lang/Runnable;)V+5
j  org.springframework.boot.autoconfigure.BackgroundPreinitializer$1.run()V+45
j  java.lang.Thread.run()V+11 java.base@15.0.7
v  ~StubRoutines::call_stub
V  [libjvm.dylib+0x3e00a4]  JavaCalls::call_helper(JavaValue*, methodHandle const&, JavaCallArguments*, Thread*)+0x324
V  [libjvm.dylib+0x3df17c]  JavaCalls::call_virtual(JavaValue*, Klass*, Symbol*, Symbol*, JavaCallArguments*, Thread*)+0xf8
V  [libjvm.dylib+0x3df244]  JavaCalls::call_virtual(JavaValue*, Handle, Klass*, Symbol*, Symbol*, Thread*)+0x64
V  [libjvm.dylib+0x48e83c]  thread_entry(JavaThread*, Thread*)+0xbc
V  [libjvm.dylib+0x8cb660]  JavaThread::thread_main_inner()+0xa0
V  [libjvm.dylib+0x8c8b5c]  Thread::call_run()+0x88
V  [libjvm.dylib+0x711b78]  thread_native_entry(Thread*)+0x1d0
C  [libsystem_pthread.dylib+0x706c]  _pthread_start+0x94

Java frames: (J=compiled Java code, j=interpreted, Vv=VM code)
J 1340  java.lang.ClassLoader.defineClass1(Ljava/lang/ClassLoader;Ljava/lang/String;[BIILjava/security/ProtectionDomain;Ljava/lang/String;)Ljava/lang/Class; java.base@15.0.7 (0 bytes) @ 0x00000001151566a0 [0x00000001151565c0+0x00000000000000e0]
J 1361 c1 java.lang.ClassLoader.defineClass(Ljava/lang/String;[BIILjava/security/ProtectionDomain;)Ljava/lang/Class; java.base@15.0.7 (43 bytes) @ 0x000000010ded3c90 [0x000000010ded3b80+0x0000000000000110]
J 1591 c1 java.security.SecureClassLoader.defineClass(Ljava/lang/String;[BIILjava/security/CodeSource;)Ljava/lang/Class; java.base@15.0.7 (16 bytes) @ 0x000000010df5b0e8 [0x000000010df5b040+0x00000000000000a8]
J 1804 c1 jdk.internal.loader.BuiltinClassLoader.defineClass(Ljava/lang/String;Ljdk/internal/loader/Resource;)Ljava/lang/Class; java.base@15.0.7 (121 bytes) @ 0x000000010dfb2df8 [0x000000010dfb2a00+0x00000000000003f8]
J 1595 c1 jdk.internal.loader.BuiltinClassLoader.findClassOnClassPathOrNull(Ljava/lang/String;)Ljava/lang/Class; java.base@15.0.7 (64 bytes) @ 0x000000010df5cb58 [0x000000010df5c940+0x0000000000000218]
J 621 c1 jdk.internal.loader.BuiltinClassLoader.loadClassOrNull(Ljava/lang/String;Z)Ljava/lang/Class; java.base@15.0.7 (143 bytes) @ 0x000000010dced67c [0x000000010dcec7c0+0x0000000000000ebc]
J 1487 c1 jdk.internal.loader.ClassLoaders$AppClassLoader.loadClass(Ljava/lang/String;Z)Ljava/lang/Class; java.base@15.0.7 (40 bytes) @ 0x000000010df2a654 [0x000000010df2a500+0x0000000000000154]
J 818 c1 java.lang.ClassLoader.loadClass(Ljava/lang/String;)Ljava/lang/Class; java.base@15.0.7 (7 bytes) @ 0x000000010dd64df0 [0x000000010dd64cc0+0x0000000000000130]
v  ~StubRoutines::call_stub
J 1340  java.lang.ClassLoader.defineClass1(Ljava/lang/ClassLoader;Ljava/lang/String;[BIILjava/security/ProtectionDomain;Ljava/lang/String;)Ljava/lang/Class; java.base@15.0.7 (0 bytes) @ 0x00000001151566a0 [0x00000001151565c0+0x00000000000000e0]
J 1361 c1 java.lang.ClassLoader.defineClass(Ljava/lang/String;[BIILjava/security/ProtectionDomain;)Ljava/lang/Class; java.base@15.0.7 (43 bytes) @ 0x000000010ded3c90 [0x000000010ded3b80+0x0000000000000110]
J 1591 c1 java.security.SecureClassLoader.defineClass(Ljava/lang/String;[BIILjava/security/CodeSource;)Ljava/lang/Class; java.base@15.0.7 (16 bytes) @ 0x000000010df5b0e8 [0x000000010df5b040+0x00000000000000a8]
J 1804 c1 jdk.internal.loader.BuiltinClassLoader.defineClass(Ljava/lang/String;Ljdk/internal/loader/Resource;)Ljava/lang/Class; java.base@15.0.7 (121 bytes) @ 0x000000010dfb2df8 [0x000000010dfb2a00+0x00000000000003f8]
J 1595 c1 jdk.internal.loader.BuiltinClassLoader.findClassOnClassPathOrNull(Ljava/lang/String;)Ljava/lang/Class; java.base@15.0.7 (64 bytes) @ 0x000000010df5cb58 [0x000000010df5c940+0x0000000000000218]
J 621 c1 jdk.internal.loader.BuiltinClassLoader.loadClassOrNull(Ljava/lang/String;Z)Ljava/lang/Class; java.base@15.0.7 (143 bytes) @ 0x000000010dced67c [0x000000010dcec7c0+0x0000000000000ebc]
J 1487 c1 jdk.internal.loader.ClassLoaders$AppClassLoader.loadClass(Ljava/lang/String;Z)Ljava/lang/Class; java.base@15.0.7 (40 bytes) @ 0x000000010df2a654 [0x000000010df2a500+0x0000000000000154]
J 818 c1 java.lang.ClassLoader.loadClass(Ljava/lang/String;)Ljava/lang/Class; java.base@15.0.7 (7 bytes) @ 0x000000010dd64df0 [0x000000010dd64cc0+0x0000000000000130]
v  ~StubRoutines::call_stub
j  com.fasterxml.jackson.databind.ObjectMapper.<clinit>()V+4
v  ~StubRoutines::call_stub
j  org.springframework.http.converter.json.Jackson2ObjectMapperBuilder.build()Lcom/fasterxml/jackson/databind/ObjectMapper;+118
j  org.springframework.http.converter.json.MappingJackson2HttpMessageConverter.<init>()V+8
j  org.springframework.http.converter.support.AllEncompassingFormHttpMessageConverter.<init>()V+111
j  org.springframework.boot.autoconfigure.BackgroundPreinitializer$MessageConverterInitializer.run()V+8
j  org.springframework.boot.autoconfigure.BackgroundPreinitializer$1.runSafely(Ljava/lang/Runnable;)V+5
j  org.springframework.boot.autoconfigure.BackgroundPreinitializer$1.run()V+45
j  java.lang.Thread.run()V+11 java.base@15.0.7
v  ~StubRoutines::call_stub

siginfo: si_signo: 10 (SIGBUS), si_code: 1 (BUS_ADRALN), si_addr: 0x0000000115156558

Register to memory mapping:

 x0=0x0000000105d80148: _MergedGlobals+0 in /Users/hkpark02/Library/Java/JavaVirtualMachines/azul-15.0.7/Contents/Home/lib/server/libjvm.dylib at 0x0000000105224000
 x1=0x0000000115156410 is at entry_point+-432 in (nmethod*)0x0000000115156410
 x2=0x0000000105ab6068: _ZN21MarkActivationClosure12do_code_blobEP8CodeBlob+0 in /Users/hkpark02/Library/Java/JavaVirtualMachines/azul-15.0.7/Contents/Home/lib/server/libjvm.dylib at 0x0000000105224000
 x3=0x0000000fffffc088 points into unknown readable memory: 0xffffff9da8e29861 | 61 98 e2 a8 9d ff ff ff
 x4=0x0 is NULL
 x5=0x000000013d81cc20 points into unknown readable memory: 0x00000007a1d200a8 | a8 00 d2 a1 07 00 00 00
 x6=0x0000000000000dca is an unknown value
 x7=0x0000000123063e00 points into unknown readable memory: 0x33000000bebafeca | ca fe ba be 00 00 00 33
 x8=0x0000000105d2c000: _ZN12StubRoutines11_jbyte_fillE+0 in /Users/hkpark02/Library/Java/JavaVirtualMachines/azul-15.0.7/Contents/Home/lib/server/libjvm.dylib at 0x0000000105224000
 x9=0x00000000000001e0 is an unknown value
x10=0x0 is NULL
x11=0x00000001045ec000 points into unknown readable memory: 0x0100050403020100 | 00 01 02 03 04 05 00 01
x12=0x0000000000000b48 is an unknown value
x13=0x0 is NULL
x14=0x0 is NULL
x15=0x0000000000000001 is an unknown value
x16=0xffffffffffffffda is an unknown value
x17=0x0000600001bc3c00 points into unknown readable memory: 0x0000000000000000 | 00 00 00 00 00 00 00 00
x18=0x0 is NULL
x19=0x0000000115156410 is at entry_point+-432 in (nmethod*)0x0000000115156410
x20=0x000000013cf00a00 is a thread
x21=0x000000016f9d34e0 is pointing into the stack for thread: 0x000000013cf00a00
x22=0x0000000105d2bef8: _ZN12StubRoutines25_call_stub_return_addressE+0 in /Users/hkpark02/Library/Java/JavaVirtualMachines/azul-15.0.7/Contents/Home/lib/server/libjvm.dylib at 0x0000000105224000
x23=0x000000013cf00e54 points into unknown readable memory: 03 8e 00 00
x24=0x0000000105cc7000: _type2aelembytes+0x30 in /Users/hkpark02/Library/Java/JavaVirtualMachines/azul-15.0.7/Contents/Home/lib/server/libjvm.dylib at 0x0000000105224000
x25=0x000000013d81cc18 points into unknown readable memory: 0x00000007a0996080 | 80 60 99 a0 07 00 00 00
x26=0x0 is NULL
x27=0x0000000000000006 is an unknown value
x28=0x0000000000000007 is an unknown value


Registers:
 x0=0x0000000105d80148  x1=0x0000000115156410  x2=0x0000000105ab6068  x3=0x0000000fffffc088
 x4=0x0000000000000000  x5=0x000000013d81cc20  x6=0x0000000000000dca  x7=0x0000000123063e00
 x8=0x0000000105d2c000  x9=0x00000000000001e0 x10=0x0000000000000000 x11=0x00000001045ec000
x12=0x0000000000000b48 x13=0x0000000000000000 x14=0x0000000000000000 x15=0x0000000000000001
x16=0xffffffffffffffda x17=0x0000600001bc3c00 x18=0x0000000000000000 x19=0x0000000115156410
x20=0x000000013cf00a00 x21=0x000000016f9d34e0 x22=0x0000000105d2bef8 x23=0x000000013cf00e54
x24=0x0000000105cc7000 x25=0x000000013d81cc18 x26=0x0000000000000000 x27=0x0000000000000006
x28=0x0000000000000007  fp=0x000000016f9d34a0  lr=0x0000000105af18e8  sp=0x000000016f9d3490
pc=0x0000000105ab60a4 cpsr=0x0000000080001000
Top of Stack: (sp=0x000000016f9d3490)
0x000000016f9d3490:   000000013cf00a00 0000000105d80148
0x000000016f9d34a0:   000000016f9d3b90 0000000105af18e8
0x000000016f9d34b0:   000000016f9d4a70 00000001151566a0
0x000000016f9d34c0:   0000000115156410 0000000100000000
0x000000016f9d34d0:   0000000000000000 000000016f9d4a70
0x000000016f9d34e0:   ffffffff00000002 00000007a23a96b0
0x000000016f9d34f0:   00000007a23a9578 00000007a23aa618
0x000000016f9d3500:   0000000000000000 0000000000000000
0x000000016f9d3510:   00000007a23a9d10 000001a2a23a99d8
0x000000016f9d3520:   0000000700000000 000000010ddd1c38
0x000000016f9d3530:   000000016f9d3920 000000010df24c88
0x000000016f9d3540:   00000007a23a9618 0000000000000c10
0x000000016f9d3550:   000000016f9d35b0 00000001a23a9478
0x000000016f9d3560:   00000007a23a9478 0000000000000000
0x000000016f9d3570:   0000000000000000 0000000000000000
0x000000016f9d3580:   000000016f9d3920 000000010de61db8
0x000000016f9d3590:   00006000057a8510 00000007a23a9090
0x000000016f9d35a0:   00000007a23a90f8 0000000000000001
0x000000016f9d35b0:   00000007a23a90f8 00000007a09963d0
0x000000016f9d35c0:   81fccfedd6b66c4e 00000007a23a9548
0x000000016f9d35d0:   00000007a23a9618 00000007a23aa440
0x000000016f9d35e0:   00000007a23aa478 0000000100000033
0x000000016f9d35f0:   00000007a23aa450 0000000000000001
0x000000016f9d3600:   000000016f9d3920 000000010de6074c
0x000000016f9d3610:   000000016f9d4680 000000010e1daf6c
0x000000016f9d3620:   000000010e1cae90 0000000000000001
0x000000016f9d3630:   000000016f9d5300 000000016f9d4680
0x000000016f9d3640:   000000016f9d4680 000000010e1daf6c
0x000000016f9d3650:   000000010e1cae90 00000007a09963e8
0x000000016f9d3660:   00000007a23a9090 00000007a23a90f8
0x000000016f9d3670:   00000007a09963d0 000000010e1daf6c
0x000000016f9d3680:   000000010e1cae90 0000000000000000 

Instructions: (pc=0x0000000105ab60a4)
0x0000000105ab5fa4:   91203421 aa1303e0 97fa2d75 f00013a8
0x0000000105ab5fb4:   fd417d00 5e61d800 d2d09008 f2e825c8
0x0000000105ab5fc4:   9e670101 1e611800 fd0003e0 90000a21
0x0000000105ab5fd4:   9120b021 aa1303e0 97fa2d69 f00013a8
0x0000000105ab5fe4:   f9415908 f90003e8 90000a21 91216421
0x0000000105ab5ff4:   aa1303e0 97fa2d62 f00013a8 f9417108
0x0000000105ab6004:   d00013a9 f9417529 a90027e8 f0000a01
0x0000000105ab6014:   91220021 aa1303e0 97fa2d59 d00013a8
0x0000000105ab6024:   f9417908 d34afd08 f90003e8 f0000a01
0x0000000105ab6034:   91230021 aa1303e0 97fa2d51 aa1403e0
0x0000000105ab6044:   a9427bfd a9414ff4 9100c3ff 17fa37bc
0x0000000105ab6054:   a9bf7bfd 910003fd d2800000 a8c17bfd
0x0000000105ab6064:   d65f03c0 a9be4ff4 a9017bfd 910043fd
0x0000000105ab6074:   aa0103f3 d00013a8 b942d909 35000129
0x0000000105ab6084:   b0001089 d503201f f9425929 d354fd2a
0x0000000105ab6094:   531f794a f144013f 1a9f2549 b902d909
0x0000000105ab60a4:   b9014a69 f9400268 f9404108 aa1303e0
0x0000000105ab60b4:   d63f0100 340000a0 aa1303e0 a9417bfd
0x0000000105ab60c4:   a8c24ff4 17f957d3 a9417bfd a8c24ff4
0x0000000105ab60d4:   d65f03c0 a9bf7bfd 910003fd d00013a8
0x0000000105ab60e4:   b942d909 34000089 b9014829 a8c17bfd
0x0000000105ab60f4:   d65f03c0 b0001089 d503201f f9425929
0x0000000105ab6104:   d354fd2a 531f794a f144013f 1a9f2549
0x0000000105ab6114:   b902d909 b9014829 a8c17bfd d65f03c0
0x0000000105ab6124:   a9be4ff4 a9017bfd 910043fd aa0103f3
0x0000000105ab6134:   aa0003f4 f9400028 f9402108 aa0103e0
0x0000000105ab6144:   d63f0100 340000c0 f9400268 f9402908
0x0000000105ab6154:   aa1303e0 d63f0100 36000080 a9417bfd
0x0000000105ab6164:   a8c24ff4 d65f03c0 f9400a81 f9400268
0x0000000105ab6174:   f9406d02 aa1303e0 a9417bfd a8c24ff4
0x0000000105ab6184:   d61f0040 a9bc5ff8 a90157f6 a9024ff4
0x0000000105ab6194:   a9037bfd 9100c3fd 39404008 34000288 


Stack slot to memory mapping:
stack at sp + 0 slots: 0x000000013cf00a00 is a thread
stack at sp + 1 slots: 0x0000000105d80148: _MergedGlobals+0 in /Users/hkpark02/Library/Java/JavaVirtualMachines/azul-15.0.7/Contents/Home/lib/server/libjvm.dylib at 0x0000000105224000
stack at sp + 2 slots: 0x000000016f9d3b90 is pointing into the stack for thread: 0x000000013cf00a00
stack at sp + 3 slots: 0x0000000105af18e8: _ZN10JavaThread11nmethods_doEP15CodeBlobClosure+0x80 in /Users/hkpark02/Library/Java/JavaVirtualMachines/azul-15.0.7/Contents/Home/lib/server/libjvm.dylib at 0x0000000105224000
stack at sp + 4 slots: 0x000000016f9d4a70 is pointing into the stack for thread: 0x000000013cf00a00
stack at sp + 5 slots: 0x00000001151566a0 is at entry_point+224 in (nmethod*)0x0000000115156410
stack at sp + 6 slots: 0x0000000115156410 is at entry_point+-432 in (nmethod*)0x0000000115156410
stack at sp + 7 slots: 0x0000000100000000 is an unknown value


---------------  P R O C E S S  ---------------

Threads class SMR info:
_java_thread_list=0x0000600001539c20, length=15, elements={
0x000000014c80c000, 0x000000013e009200, 0x000000013e00ba00, 0x000000013c814600,
0x000000013c811800, 0x000000013c819600, 0x000000014c8fe200, 0x0000000121808200,
0x000000013c819c00, 0x000000014d176200, 0x000000014c8e0e00, 0x00000001220e3600,
0x000000012200b800, 0x000000014d6db200, 0x000000013cf00a00
}

Java Threads: ( => current thread )
  0x000000014c80c000 JavaThread "main" [_thread_blocked, id=5891, stack(0x000000016bb64000,0x000000016bd67000)]
  0x000000013e009200 JavaThread "Reference Handler" daemon [_thread_blocked, id=19971, stack(0x000000016c9b8000,0x000000016cbbb000)]
  0x000000013e00ba00 JavaThread "Finalizer" daemon [_thread_blocked, id=17667, stack(0x000000016cbc4000,0x000000016cdc7000)]
  0x000000013c814600 JavaThread "Signal Dispatcher" daemon [_thread_blocked, id=22787, stack(0x000000016cee8000,0x000000016d0eb000)]
  0x000000013c811800 JavaThread "Service Thread" daemon [_thread_blocked, id=30723, stack(0x000000016d0f4000,0x000000016d2f7000)]
  0x000000013c819600 JavaThread "C2 CompilerThread0" daemon [_thread_in_native, id=23555, stack(0x000000016d300000,0x000000016d503000)]
  0x000000014c8fe200 JavaThread "C1 CompilerThread0" daemon [_thread_blocked, id=24579, stack(0x000000016d50c000,0x000000016d70f000)]
  0x0000000121808200 JavaThread "Sweeper thread" daemon [_thread_blocked, id=25347, stack(0x000000016d718000,0x000000016d91b000)]
  0x000000013c819c00 JavaThread "Common-Cleaner" daemon [_thread_blocked, id=26115, stack(0x000000016d924000,0x000000016db27000)]
  0x000000014d176200 JavaThread "Notification Thread" daemon [_thread_blocked, id=29187, stack(0x000000016db30000,0x000000016dd33000)]
  0x000000014c8e0e00 JavaThread "Test worker" [_thread_blocked, id=42499, stack(0x000000016e984000,0x000000016eb87000)]
  0x00000001220e3600 JavaThread "/127.0.0.1:54706 to /127.0.0.1:54705 workers Thread 2" [_thread_blocked, id=33795, stack(0x000000016eb90000,0x000000016ed93000)]
  0x000000012200b800 JavaThread "/127.0.0.1:54706 to /127.0.0.1:54705 workers Thread 3" [_thread_in_native, id=34307, stack(0x000000016ed9c000,0x000000016ef9f000)]
  0x000000014d6db200 JavaThread "ASYNC_AWS_LOGS Async Worker" daemon [_thread_blocked, id=40451, stack(0x000000016f5cc000,0x000000016f7cf000)]
=>0x000000013cf00a00 JavaThread "background-preinit" [_thread_in_vm, id=39939, stack(0x000000016f7d8000,0x000000016f9db000)]

Other Threads:
  0x000000013c704680 VMThread "VM Thread" [stack: 0x000000016c7ac000,0x000000016c9af000] [id=20739] _threads_hazard_ptr=0x0000600001539c20
  0x000000014c7071c0 WatcherThread [stack: 0x000000016dd3c000,0x000000016df3f000] [id=28931]
  0x000000014c607c60 GCTaskThread "GC Thread#0" [stack: 0x000000016bd70000,0x000000016bf73000] [id=14851]
  0x000000013c62a1e0 GCTaskThread "GC Thread#1" [stack: 0x000000016df48000,0x000000016e14b000] [id=28675]
  0x000000013c62a990 GCTaskThread "GC Thread#2" [stack: 0x000000016e154000,0x000000016e357000] [id=28163]
  0x000000013c62b440 GCTaskThread "GC Thread#3" [stack: 0x000000016e360000,0x000000016e563000] [id=27651]
  0x000000014c62e4e0 GCTaskThread "GC Thread#4" [stack: 0x000000016e56c000,0x000000016e76f000] [id=32771]
  0x000000013c62bef0 GCTaskThread "GC Thread#5" [stack: 0x000000016e778000,0x000000016e97b000] [id=43267]
  0x000000013c63b4c0 GCTaskThread "GC Thread#6" [stack: 0x000000016efa8000,0x000000016f1ab000] [id=34819]
  0x000000014c63d790 GCTaskThread "GC Thread#7" [stack: 0x000000016f1b4000,0x000000016f3b7000] [id=40963]
  0x000000014c608550 ConcurrentGCThread "G1 Main Marker" [stack: 0x000000016bf7c000,0x000000016c17f000] [id=13315]
  0x000000014c609020 ConcurrentGCThread "G1 Conc#0" [stack: 0x000000016c188000,0x000000016c38b000] [id=13827]
  0x000000014c642ad0 ConcurrentGCThread "G1 Conc#1" [stack: 0x000000016f3c0000,0x000000016f5c3000] [id=35075]
  0x000000014c61d150 ConcurrentGCThread "G1 Refine#0" [stack: 0x000000016c394000,0x000000016c597000] [id=16643]
  0x000000014c61dc30 ConcurrentGCThread "G1 Young RemSet Sampling" [stack: 0x000000016c5a0000,0x000000016c7a3000] [id=21251]

Threads with active compile tasks:
C2 CompilerThread0     1412 3728       4       org.jacoco.agent.rt.internal_f3994fa.asm.ClassReader::readCode (5089 bytes)

VM state: not at safepoint (normal execution)

VM Mutex/Monitor currently owned by a thread:  ([mutex/lock_event])
[0x00006000031854a0] Heap_lock - owner thread: 0x000000014c8e0e00

Heap address: 0x00000007a0000000, size: 512 MB, Compressed Oops mode: Zero based, Oop shift amount: 3
Compressed class space mapped at: 0x0000000300000000-0x0000000340000000, size: 1073741824
Narrow klass base: 0x0000000000000000, Narrow klass shift: 3, Narrow klass range: 0x340000000

GC Precious Log:
 CPUs: 8 total, 8 available
 Memory: 16384M
 Large Page Support: Disabled
 NUMA Support: Disabled
 Compressed Oops: Enabled (Zero based)
 Heap Region Size: 1M
 Heap Min Capacity: 8M
 Heap Initial Capacity: 256M
 Heap Max Capacity: 512M
 Pre-touch: Disabled
 Parallel Workers: 8
 Concurrent Workers: 2
 Concurrent Refinement Workers: 8
 Periodic GC: Disabled

Heap:
 garbage-first heap   total 70656K, used 57572K [0x00000007a0000000, 0x00000007c0000000)
  region size 1024K, 38 young (38912K), 3 survivors (3072K)
 Metaspace       used 37383K, capacity 37812K, committed 37888K, reserved 1083392K
  class space    used 4188K, capacity 4345K, committed 4352K, reserved 1048576K

Heap Regions: E=young(eden), S=young(survivor), O=old, HS=humongous(starts), HC=humongous(continues), CS=collection set, F=free, OA=open archive, CA=closed archive, TAMS=top-at-mark-start (previous, next)
|   0|0x00000007a0000000, 0x00000007a0100000, 0x00000007a0100000|100%|HS|  |TAMS 0x00000007a0100000, 0x00000007a0000000| Complete 
|   1|0x00000007a0100000, 0x00000007a0200000, 0x00000007a0200000|100%|HS|  |TAMS 0x00000007a0200000, 0x00000007a0100000| Complete 
|   2|0x00000007a0200000, 0x00000007a0300000, 0x00000007a0300000|100%| O|  |TAMS 0x00000007a0300000, 0x00000007a0200000| Untracked 
|   3|0x00000007a0300000, 0x00000007a0400000, 0x00000007a0400000|100%| O|  |TAMS 0x00000007a0400000, 0x00000007a0300000| Untracked 
|   4|0x00000007a0400000, 0x00000007a0500000, 0x00000007a0500000|100%| O|  |TAMS 0x00000007a0500000, 0x00000007a0400000| Untracked 
|   5|0x00000007a0500000, 0x00000007a0600000, 0x00000007a0600000|100%| O|  |TAMS 0x00000007a0600000, 0x00000007a0500000| Untracked 
|   6|0x00000007a0600000, 0x00000007a0700000, 0x00000007a0700000|100%| O|  |TAMS 0x00000007a0700000, 0x00000007a0600000| Untracked 
|   7|0x00000007a0700000, 0x00000007a0800000, 0x00000007a0800000|100%| O|  |TAMS 0x00000007a0800000, 0x00000007a0700000| Untracked 
|   8|0x00000007a0800000, 0x00000007a0900000, 0x00000007a0900000|100%| O|  |TAMS 0x00000007a0900000, 0x00000007a0800000| Untracked 
|   9|0x00000007a0900000, 0x00000007a0a00000, 0x00000007a0a00000|100%| O|  |TAMS 0x00000007a0a00000, 0x00000007a0900000| Untracked 
|  10|0x00000007a0a00000, 0x00000007a0b00000, 0x00000007a0b00000|100%| O|  |TAMS 0x00000007a0b00000, 0x00000007a0a00000| Untracked 
|  11|0x00000007a0b00000, 0x00000007a0c00000, 0x00000007a0c00000|100%| O|  |TAMS 0x00000007a0c00000, 0x00000007a0b00000| Untracked 
|  12|0x00000007a0c00000, 0x00000007a0cb1e00, 0x00000007a0d00000| 69%| O|  |TAMS 0x00000007a0cb1e00, 0x00000007a0c00000| Untracked 
|  13|0x00000007a0d00000, 0x00000007a0e00000, 0x00000007a0e00000|100%| O|  |TAMS 0x00000007a0e00000, 0x00000007a0d00000| Untracked 
|  14|0x00000007a0e00000, 0x00000007a0f00000, 0x00000007a0f00000|100%| O|  |TAMS 0x00000007a0f00000, 0x00000007a0e00000| Untracked 
|  15|0x00000007a0f00000, 0x00000007a1000000, 0x00000007a1000000|100%| O|  |TAMS 0x00000007a1000000, 0x00000007a0f00000| Untracked 
|  16|0x00000007a1000000, 0x00000007a1100000, 0x00000007a1100000|100%| O|  |TAMS 0x00000007a1100000, 0x00000007a1000000| Untracked 
|  17|0x00000007a1100000, 0x00000007a1200000, 0x00000007a1200000|100%| O|  |TAMS 0x00000007a1146600, 0x00000007a1100000| Untracked 
|  18|0x00000007a1200000, 0x00000007a12a2800, 0x00000007a1300000| 63%| O|  |TAMS 0x00000007a1200000, 0x00000007a1200000| Untracked 
|  19|0x00000007a1300000, 0x00000007a1300000, 0x00000007a1400000|  0%| F|  |TAMS 0x00000007a1300000, 0x00000007a1300000| Untracked 
|  20|0x00000007a1400000, 0x00000007a1400000, 0x00000007a1500000|  0%| F|  |TAMS 0x00000007a1400000, 0x00000007a1400000| Untracked 
|  21|0x00000007a1500000, 0x00000007a1500000, 0x00000007a1600000|  0%| F|  |TAMS 0x00000007a1500000, 0x00000007a1500000| Untracked 
|  22|0x00000007a1600000, 0x00000007a1600000, 0x00000007a1700000|  0%| F|  |TAMS 0x00000007a1600000, 0x00000007a1600000| Untracked 
|  23|0x00000007a1700000, 0x00000007a1700000, 0x00000007a1800000|  0%| F|  |TAMS 0x00000007a1700000, 0x00000007a1700000| Untracked 
|  24|0x00000007a1800000, 0x00000007a1800000, 0x00000007a1900000|  0%| F|  |TAMS 0x00000007a1800000, 0x00000007a1800000| Untracked 
|  25|0x00000007a1900000, 0x00000007a1900000, 0x00000007a1a00000|  0%| F|  |TAMS 0x00000007a1900000, 0x00000007a1900000| Untracked 
|  26|0x00000007a1a00000, 0x00000007a1a00000, 0x00000007a1b00000|  0%| F|  |TAMS 0x00000007a1a00000, 0x00000007a1a00000| Untracked 
|  27|0x00000007a1b00000, 0x00000007a1be4b00, 0x00000007a1c00000| 89%| S|CS|TAMS 0x00000007a1b00000, 0x00000007a1b00000| Complete 
|  28|0x00000007a1c00000, 0x00000007a1d00000, 0x00000007a1d00000|100%| S|CS|TAMS 0x00000007a1c00000, 0x00000007a1c00000| Complete 
|  29|0x00000007a1d00000, 0x00000007a1e00000, 0x00000007a1e00000|100%| S|CS|TAMS 0x00000007a1d00000, 0x00000007a1d00000| Complete 
|  30|0x00000007a1e00000, 0x00000007a1e00000, 0x00000007a1f00000|  0%| F|  |TAMS 0x00000007a1e00000, 0x00000007a1e00000| Untracked 
|  31|0x00000007a1f00000, 0x00000007a1f00000, 0x00000007a2000000|  0%| F|  |TAMS 0x00000007a1f00000, 0x00000007a1f00000| Untracked 
|  32|0x00000007a2000000, 0x00000007a2000000, 0x00000007a2100000|  0%| F|  |TAMS 0x00000007a2000000, 0x00000007a2000000| Untracked 
|  33|0x00000007a2100000, 0x00000007a2100000, 0x00000007a2200000|  0%| F|  |TAMS 0x00000007a2100000, 0x00000007a2100000| Untracked 
|  34|0x00000007a2200000, 0x00000007a2300000, 0x00000007a2300000|100%| E|CS|TAMS 0x00000007a2200000, 0x00000007a2200000| Complete 
|  35|0x00000007a2300000, 0x00000007a2400000, 0x00000007a2400000|100%| E|CS|TAMS 0x00000007a2300000, 0x00000007a2300000| Complete 
|  36|0x00000007a2400000, 0x00000007a2500000, 0x00000007a2500000|100%| E|CS|TAMS 0x00000007a2400000, 0x00000007a2400000| Complete 
|  37|0x00000007a2500000, 0x00000007a2600000, 0x00000007a2600000|100%| E|CS|TAMS 0x00000007a2500000, 0x00000007a2500000| Complete 
|  38|0x00000007a2600000, 0x00000007a2700000, 0x00000007a2700000|100%| E|CS|TAMS 0x00000007a2600000, 0x00000007a2600000| Complete 
|  39|0x00000007a2700000, 0x00000007a2800000, 0x00000007a2800000|100%| E|CS|TAMS 0x00000007a2700000, 0x00000007a2700000| Complete 
|  40|0x00000007a2800000, 0x00000007a2900000, 0x00000007a2900000|100%| E|CS|TAMS 0x00000007a2800000, 0x00000007a2800000| Complete 
|  41|0x00000007a2900000, 0x00000007a2a00000, 0x00000007a2a00000|100%| E|CS|TAMS 0x00000007a2900000, 0x00000007a2900000| Complete 
|  42|0x00000007a2a00000, 0x00000007a2b00000, 0x00000007a2b00000|100%| E|CS|TAMS 0x00000007a2a00000, 0x00000007a2a00000| Complete 
|  43|0x00000007a2b00000, 0x00000007a2c00000, 0x00000007a2c00000|100%| E|CS|TAMS 0x00000007a2b00000, 0x00000007a2b00000| Complete 
|  44|0x00000007a2c00000, 0x00000007a2d00000, 0x00000007a2d00000|100%| E|CS|TAMS 0x00000007a2c00000, 0x00000007a2c00000| Complete 
|  45|0x00000007a2d00000, 0x00000007a2e00000, 0x00000007a2e00000|100%| E|CS|TAMS 0x00000007a2d00000, 0x00000007a2d00000| Complete 
|  46|0x00000007a2e00000, 0x00000007a2f00000, 0x00000007a2f00000|100%| E|CS|TAMS 0x00000007a2e00000, 0x00000007a2e00000| Complete 
|  47|0x00000007a2f00000, 0x00000007a3000000, 0x00000007a3000000|100%| E|CS|TAMS 0x00000007a2f00000, 0x00000007a2f00000| Complete 
|  48|0x00000007a3000000, 0x00000007a3100000, 0x00000007a3100000|100%| E|CS|TAMS 0x00000007a3000000, 0x00000007a3000000| Complete 
|  49|0x00000007a3100000, 0x00000007a3200000, 0x00000007a3200000|100%| E|CS|TAMS 0x00000007a3100000, 0x00000007a3100000| Complete 
|  50|0x00000007a3200000, 0x00000007a3300000, 0x00000007a3300000|100%| E|CS|TAMS 0x00000007a3200000, 0x00000007a3200000| Complete 
|  51|0x00000007a3300000, 0x00000007a3400000, 0x00000007a3400000|100%| E|CS|TAMS 0x00000007a3300000, 0x00000007a3300000| Complete 
|  52|0x00000007a3400000, 0x00000007a3500000, 0x00000007a3500000|100%| E|CS|TAMS 0x00000007a3400000, 0x00000007a3400000| Complete 
|  53|0x00000007a3500000, 0x00000007a3600000, 0x00000007a3600000|100%| E|CS|TAMS 0x00000007a3500000, 0x00000007a3500000| Complete 
|  54|0x00000007a3600000, 0x00000007a3700000, 0x00000007a3700000|100%| E|CS|TAMS 0x00000007a3600000, 0x00000007a3600000| Complete 
|  55|0x00000007a3700000, 0x00000007a3800000, 0x00000007a3800000|100%| E|CS|TAMS 0x00000007a3700000, 0x00000007a3700000| Complete 
|  56|0x00000007a3800000, 0x00000007a3900000, 0x00000007a3900000|100%| E|CS|TAMS 0x00000007a3800000, 0x00000007a3800000| Complete 
|  57|0x00000007a3900000, 0x00000007a3a00000, 0x00000007a3a00000|100%| E|CS|TAMS 0x00000007a3900000, 0x00000007a3900000| Complete 
|  58|0x00000007a3a00000, 0x00000007a3b00000, 0x00000007a3b00000|100%| E|CS|TAMS 0x00000007a3a00000, 0x00000007a3a00000| Complete 
|  59|0x00000007a3b00000, 0x00000007a3c00000, 0x00000007a3c00000|100%| E|CS|TAMS 0x00000007a3b00000, 0x00000007a3b00000| Complete 
|  60|0x00000007a3c00000, 0x00000007a3d00000, 0x00000007a3d00000|100%| E|CS|TAMS 0x00000007a3c00000, 0x00000007a3c00000| Complete 
|  61|0x00000007a3d00000, 0x00000007a3e00000, 0x00000007a3e00000|100%| E|CS|TAMS 0x00000007a3d00000, 0x00000007a3d00000| Complete 
|  62|0x00000007a3e00000, 0x00000007a3f00000, 0x00000007a3f00000|100%| E|CS|TAMS 0x00000007a3e00000, 0x00000007a3e00000| Complete 
| 177|0x00000007ab100000, 0x00000007ab200000, 0x00000007ab200000|100%| E|CS|TAMS 0x00000007ab100000, 0x00000007ab100000| Complete 
| 178|0x00000007ab200000, 0x00000007ab300000, 0x00000007ab300000|100%| E|CS|TAMS 0x00000007ab200000, 0x00000007ab200000| Complete 
| 179|0x00000007ab300000, 0x00000007ab400000, 0x00000007ab400000|100%| E|CS|TAMS 0x00000007ab300000, 0x00000007ab300000| Complete 
| 180|0x00000007ab400000, 0x00000007ab500000, 0x00000007ab500000|100%| E|CS|TAMS 0x00000007ab400000, 0x00000007ab400000| Complete 
| 254|0x00000007afe00000, 0x00000007aff00000, 0x00000007aff00000|100%| E|CS|TAMS 0x00000007afe00000, 0x00000007afe00000| Complete 
| 255|0x00000007aff00000, 0x00000007b0000000, 0x00000007b0000000|100%| E|CS|TAMS 0x00000007aff00000, 0x00000007aff00000| Complete 

Card table byte_map: [0x00000001047d8000,0x00000001048d8000] _byte_map_base: 0x0000000100ad8000

Marking Bits (Prev, Next): (CMBitMap*) 0x000000014c834010, (CMBitMap*) 0x000000014c834050
 Prev Bits: [0x00000001049d8000, 0x00000001051d8000)
 Next Bits: [0x000000011c634000, 0x000000011ce34000)

Polling page: 0x0000000104380000

Metaspace:

Usage:
  Non-class:     32.68 MB capacity,    32.42 MB (>99%) used,   218.27 KB ( <1%) free+waste,    53.56 KB ( <1%) overhead. 
      Class:      4.24 MB capacity,     4.09 MB ( 96%) used,   136.96 KB (  3%) free+waste,    20.00 KB ( <1%) overhead. 
       Both:     36.93 MB capacity,    36.51 MB ( 99%) used,   355.23 KB ( <1%) free+waste,    73.56 KB ( <1%) overhead. 

Virtual space:
  Non-class space:       34.00 MB reserved,      32.75 MB ( 96%) committed 
      Class space:        1.00 GB reserved,       4.25 MB ( <1%) committed 
             Both:        1.03 GB reserved,      37.00 MB (  3%) committed 

Chunk freelists:
   Non-Class:  5.00 KB
       Class:  7.00 KB
        Both:  12.00 KB

MaxMetaspaceSize: unlimited
CompressedClassSpaceSize: 1.00 GB

CodeHeap 'non-profiled nmethods': size=120032Kb used=1200Kb max_used=1200Kb free=118831Kb
 bounds [0x00000001150fc000, 0x000000011536c000, 0x000000011c634000]
CodeHeap 'profiled nmethods': size=120016Kb used=7628Kb max_used=7628Kb free=112387Kb
 bounds [0x000000010dbc8000, 0x000000010e348000, 0x00000001150fc000]
CodeHeap 'non-nmethods': size=5712Kb used=1173Kb max_used=1303Kb free=4538Kb
 bounds [0x000000010d634000, 0x000000010d8a4000, 0x000000010dbc8000]
 total_blobs=4099 nmethods=3634 adapters=381
 compilation: enabled
              stopped_count=0, restarted_count=0
 full_count=0

Compilation events (20 events):
Event: 1.397 Thread 0x000000014c8fe200 nmethod 3844 0x000000010e32f110 code [0x000000010e32f280, 0x000000010e32f3e8]
Event: 1.398 Thread 0x000000014c8fe200 3845       2       org.springframework.asm.ClassReader::readShort (37 bytes)
Event: 1.398 Thread 0x000000014c8fe200 nmethod 3845 0x000000010e32f490 code [0x000000010e32f640, 0x000000010e32f858]
Event: 1.398 Thread 0x000000014c8fe200 3846       2       org.springframework.asm.Type::getReturnType (32 bytes)
Event: 1.398 Thread 0x000000014c8fe200 nmethod 3846 0x000000010e32f990 code [0x000000010e32fb40, 0x000000010e32fdb8]
Event: 1.398 Thread 0x000000014c8fe200 3847       2       org.springframework.core.type.classreading.SimpleMethodMetadata::<init> (42 bytes)
Event: 1.399 Thread 0x000000014c8fe200 nmethod 3847 0x000000010e32ff90 code [0x000000010e330140, 0x000000010e330458]
Event: 1.399 Thread 0x000000014c8fe200 3848       2       org.springframework.context.annotation.ConfigurationClass::getMetadata (14 bytes)
Event: 1.399 Thread 0x000000014c8fe200 nmethod 3848 0x000000010e330590 code [0x000000010e330740, 0x000000010e3308d8]
Event: 1.399 Thread 0x000000014c8fe200 3849       2       org.springframework.core.type.classreading.SimpleMethodMetadataReadingVisitor$$Lambda$369/0x0000000300239720::get (8 bytes)
Event: 1.399 Thread 0x000000014c8fe200 nmethod 3849 0x000000010e330a10 code [0x000000010e330bc0, 0x000000010e330d18]
Event: 1.399 Thread 0x000000014c8fe200 3850       2       org.springframework.core.type.classreading.SimpleMethodMetadataReadingVisitor::getSource (63 bytes)
Event: 1.399 Thread 0x000000014c8fe200 nmethod 3850 0x000000010e330e10 code [0x000000010e330fc0, 0x000000010e331308]
Event: 1.399 Thread 0x000000014c8fe200 3851       2       org.springframework.core.type.classreading.SimpleMethodMetadataReadingVisitor$$Lambda$370/0x0000000300239940::accept (14 bytes)
Event: 1.400 Thread 0x000000014c8fe200 nmethod 3851 0x000000010e331490 code [0x000000010e331640, 0x000000010e331818]
Event: 1.400 Thread 0x000000014c8fe200 3852       2       org.springframework.boot.type.classreading.ConcurrentReferenceCachingMetadataReaderFactory::getMetadataReader (70 bytes)
Event: 1.400 Thread 0x000000014c8fe200 nmethod 3852 0x000000010e331910 code [0x000000010e331b00, 0x000000010e331ee8]
Event: 1.400 Thread 0x000000014c8fe200 3854       3       org.springframework.asm.ClassReader::<init> (522 bytes)
Event: 1.401 Thread 0x000000014c8fe200 nmethod 3854 0x000000010e332110 code [0x000000010e332500, 0x000000010e333e18]
Event: 1.401 Thread 0x000000014c8fe200 3857       2       java.net.JarURLConnection::parseSpecs (134 bytes)

GC Heap History (20 events):
Event: 0.539 GC heap before
{Heap before GC invocations=2 (full 0):
 garbage-first heap   total 262144K, used 57529K [0x00000007a0000000, 0x00000007c0000000)
  region size 1024K, 44 young (45056K), 2 survivors (2048K)
 Metaspace       used 16698K, capacity 17006K, committed 17280K, reserved 1064960K
  class space    used 1729K, capacity 1814K, committed 1920K, reserved 1048576K
}
Event: 0.541 GC heap after
{Heap after GC invocations=3 (full 0):
 garbage-first heap   total 262144K, used 15484K [0x00000007a0000000, 0x00000007c0000000)
  region size 1024K, 3 young (3072K), 3 survivors (3072K)
 Metaspace       used 16698K, capacity 17006K, committed 17280K, reserved 1064960K
  class space    used 1729K, capacity 1814K, committed 1920K, reserved 1048576K
}
Event: 0.765 GC heap before
{Heap before GC invocations=3 (full 0):
 garbage-first heap   total 262144K, used 88188K [0x00000007a0000000, 0x00000007c0000000)
  region size 1024K, 75 young (76800K), 3 survivors (3072K)
 Metaspace       used 20840K, capacity 21172K, committed 21248K, reserved 1069056K
  class space    used 2199K, capacity 2281K, committed 2304K, reserved 1048576K
}
Event: 0.767 GC heap after
{Heap after GC invocations=4 (full 0):
 garbage-first heap   total 262144K, used 16568K [0x00000007a0000000, 0x00000007c0000000)
  region size 1024K, 4 young (4096K), 4 survivors (4096K)
 Metaspace       used 20840K, capacity 21172K, committed 21248K, reserved 1069056K
  class space    used 2199K, capacity 2281K, committed 2304K, reserved 1048576K
}
Event: 0.898 GC heap before
{Heap before GC invocations=5 (full 0):
 garbage-first heap   total 65536K, used 64696K [0x00000007a0000000, 0x00000007c0000000)
  region size 1024K, 51 young (52224K), 4 survivors (4096K)
 Metaspace       used 24204K, capacity 24525K, committed 24704K, reserved 1071104K
  class space    used 2556K, capacity 2673K, committed 2688K, reserved 1048576K
}
Event: 0.900 GC heap after
{Heap after GC invocations=6 (full 0):
 garbage-first heap   total 70656K, used 17541K [0x00000007a0000000, 0x00000007c0000000)
  region size 1024K, 5 young (5120K), 5 survivors (5120K)
 Metaspace       used 24204K, capacity 24525K, committed 24704K, reserved 1071104K
  class space    used 2556K, capacity 2673K, committed 2688K, reserved 1048576K
}
Event: 0.989 GC heap before
{Heap before GC invocations=6 (full 0):
 garbage-first heap   total 70656K, used 51333K [0x00000007a0000000, 0x00000007c0000000)
  region size 1024K, 38 young (38912K), 5 survivors (5120K)
 Metaspace       used 25951K, capacity 26273K, committed 26496K, reserved 1073152K
  class space    used 2780K, capacity 2873K, committed 2944K, reserved 1048576K
}
Event: 0.991 GC heap after
{Heap after GC invocations=7 (full 0):
 garbage-first heap   total 70656K, used 18086K [0x00000007a0000000, 0x00000007c0000000)
  region size 1024K, 3 young (3072K), 3 survivors (3072K)
 Metaspace       used 25951K, capacity 26273K, committed 26496K, reserved 1073152K
  class space    used 2780K, capacity 2873K, committed 2944K, reserved 1048576K
}
Event: 1.110 GC heap before
{Heap before GC invocations=7 (full 0):
 garbage-first heap   total 70656K, used 52902K [0x00000007a0000000, 0x00000007c0000000)
  region size 1024K, 37 young (37888K), 3 survivors (3072K)
 Metaspace       used 29218K, capacity 29609K, committed 29824K, reserved 1075200K
  class space    used 3203K, capacity 3343K, committed 3456K, reserved 1048576K
}
Event: 1.112 GC heap after
{Heap after GC invocations=8 (full 0):
 garbage-first heap   total 70656K, used 19045K [0x00000007a0000000, 0x00000007c0000000)
  region size 1024K, 4 young (4096K), 4 survivors (4096K)
 Metaspace       used 29218K, capacity 29609K, committed 29824K, reserved 1075200K
  class space    used 3203K, capacity 3343K, committed 3456K, reserved 1048576K
}
Event: 1.168 GC heap before
{Heap before GC invocations=8 (full 0):
 garbage-first heap   total 70656K, used 52837K [0x00000007a0000000, 0x00000007c0000000)
  region size 1024K, 38 young (38912K), 4 survivors (4096K)
 Metaspace       used 30767K, capacity 31180K, committed 31488K, reserved 1077248K
  class space    used 3368K, capacity 3504K, committed 3584K, reserved 1048576K
}
Event: 1.170 GC heap after
{Heap after GC invocations=9 (full 0):
 garbage-first heap   total 70656K, used 19469K [0x00000007a0000000, 0x00000007c0000000)
  region size 1024K, 4 young (4096K), 4 survivors (4096K)
 Metaspace       used 30767K, capacity 31180K, committed 31488K, reserved 1077248K
  class space    used 3368K, capacity 3504K, committed 3584K, reserved 1048576K
}
Event: 1.217 GC heap before
{Heap before GC invocations=9 (full 0):
 garbage-first heap   total 70656K, used 54285K [0x00000007a0000000, 0x00000007c0000000)
  region size 1024K, 38 young (38912K), 4 survivors (4096K)
 Metaspace       used 32349K, capacity 32830K, committed 33024K, reserved 1079296K
  class space    used 3577K, capacity 3731K, committed 3840K, reserved 1048576K
}
Event: 1.219 GC heap after
{Heap after GC invocations=10 (full 0):
 garbage-first heap   total 70656K, used 19705K [0x00000007a0000000, 0x00000007c0000000)
  region size 1024K, 3 young (3072K), 3 survivors (3072K)
 Metaspace       used 32349K, capacity 32830K, committed 33024K, reserved 1079296K
  class space    used 3577K, capacity 3731K, committed 3840K, reserved 1048576K
}
Event: 1.269 GC heap before
{Heap before GC invocations=10 (full 0):
 garbage-first heap   total 70656K, used 55545K [0x00000007a0000000, 0x00000007c0000000)
  region size 1024K, 38 young (38912K), 3 survivors (3072K)
 Metaspace       used 34202K, capacity 34628K, committed 34816K, reserved 1079296K
  class space    used 3858K, capacity 3988K, committed 4096K, reserved 1048576K
}
Event: 1.271 GC heap after
{Heap after GC invocations=11 (full 0):
 garbage-first heap   total 70656K, used 20266K [0x00000007a0000000, 0x00000007c0000000)
  region size 1024K, 3 young (3072K), 3 survivors (3072K)
 Metaspace       used 34202K, capacity 34628K, committed 34816K, reserved 1079296K
  class space    used 3858K, capacity 3988K, committed 4096K, reserved 1048576K
}
Event: 1.302 GC heap before
{Heap before GC invocations=11 (full 0):
 garbage-first heap   total 70656K, used 37674K [0x00000007a0000000, 0x00000007c0000000)
  region size 1024K, 21 young (21504K), 3 survivors (3072K)
 Metaspace       used 34987K, capacity 35371K, committed 35584K, reserved 1081344K
  class space    used 3961K, capacity 4086K, committed 4096K, reserved 1048576K
}
Event: 1.303 GC heap after
{Heap after GC invocations=12 (full 0):
 garbage-first heap   total 70656K, used 20934K [0x00000007a0000000, 0x00000007c0000000)
  region size 1024K, 3 young (3072K), 3 survivors (3072K)
 Metaspace       used 34987K, capacity 35371K, committed 35584K, reserved 1081344K
  class space    used 3961K, capacity 4086K, committed 4096K, reserved 1048576K
}
Event: 1.363 GC heap before
{Heap before GC invocations=13 (full 0):
 garbage-first heap   total 70656K, used 56774K [0x00000007a0000000, 0x00000007c0000000)
  region size 1024K, 39 young (39936K), 3 survivors (3072K)
 Metaspace       used 36350K, capacity 36750K, committed 36864K, reserved 1081344K
  class space    used 4095K, capacity 4247K, committed 4352K, reserved 1048576K
}
Event: 1.364 GC heap after
{Heap after GC invocations=14 (full 0):
 garbage-first heap   total 70656K, used 21732K [0x00000007a0000000, 0x00000007c0000000)
  region size 1024K, 3 young (3072K), 3 survivors (3072K)
 Metaspace       used 36350K, capacity 36750K, committed 36864K, reserved 1081344K
  class space    used 4095K, capacity 4247K, committed 4352K, reserved 1048576K
}

Deoptimization events (20 events):
Event: 1.393 Thread 0x000000013cf00a00 DEOPT PACKING pc=0x000000010e1daf6c sp=0x000000016f9d4b00
Event: 1.393 Thread 0x000000013cf00a00 DEOPT UNPACKING pc=0x000000010d66dbfc sp=0x000000016f9d4ae0 mode 0
Event: 1.396 Thread 0x000000014c8e0e00 DEOPT PACKING pc=0x000000010e209644 sp=0x000000016eb80d80
Event: 1.396 Thread 0x000000014c8e0e00 DEOPT UNPACKING pc=0x000000010d66dbfc sp=0x000000016eb80b70 mode 0
Event: 1.396 Thread 0x000000014c8e0e00 DEOPT PACKING pc=0x000000010e20a790 sp=0x000000016eb80dd0
Event: 1.396 Thread 0x000000014c8e0e00 DEOPT UNPACKING pc=0x000000010d66dbfc sp=0x000000016eb80ba0 mode 0
Event: 1.397 Thread 0x000000014c8e0e00 DEOPT PACKING pc=0x000000010e276d60 sp=0x000000016eb81170
Event: 1.397 Thread 0x000000014c8e0e00 DEOPT UNPACKING pc=0x000000010d66dbfc sp=0x000000016eb80f00 mode 0
Event: 1.398 Thread 0x000000013cf00a00 DEOPT PACKING pc=0x000000010e1daf6c sp=0x000000016f9d4680
Event: 1.398 Thread 0x000000013cf00a00 DEOPT UNPACKING pc=0x000000010d66dbfc sp=0x000000016f9d4660 mode 0
Event: 1.399 Thread 0x000000014c8e0e00 DEOPT PACKING pc=0x000000010e276d60 sp=0x000000016eb817b0
Event: 1.399 Thread 0x000000014c8e0e00 DEOPT UNPACKING pc=0x000000010d66dbfc sp=0x000000016eb81540 mode 0
Event: 1.400 Thread 0x000000014c8e0e00 DEOPT PACKING pc=0x000000010e1b0d10 sp=0x000000016eb81780
Event: 1.400 Thread 0x000000014c8e0e00 DEOPT UNPACKING pc=0x000000010d66dbfc sp=0x000000016eb81520 mode 0
Event: 1.400 Thread 0x000000014c8e0e00 DEOPT PACKING pc=0x000000010e292218 sp=0x000000016eb819a0
Event: 1.400 Thread 0x000000014c8e0e00 DEOPT UNPACKING pc=0x000000010d66dbfc sp=0x000000016eb817a0 mode 0
Event: 1.400 Thread 0x000000014c8e0e00 DEOPT PACKING pc=0x000000010e1fd4e0 sp=0x000000016eb810f0
Event: 1.400 Thread 0x000000014c8e0e00 DEOPT UNPACKING pc=0x000000010d66dbfc sp=0x000000016eb80ee0 mode 0
Event: 1.401 Thread 0x000000014c8e0e00 DEOPT PACKING pc=0x000000010e209644 sp=0x000000016eb80ff0
Event: 1.401 Thread 0x000000014c8e0e00 DEOPT UNPACKING pc=0x000000010d66dbfc sp=0x000000016eb80de0 mode 0

Classes unloaded (0 events):
No events

Classes redefined (0 events):
No events

Internal exceptions (20 events):
Event: 1.052 Thread 0x000000014c8e0e00 Exception <a 'java/lang/NoSuchMethodError'{0x00000007a34f73d0}: 'java.lang.Object java.lang.invoke.DirectMethodHandle$Holder.invokeStatic(java.lang.Object, java.lang.Object, java.lang.Object, java.lang.Object, java.lang.Object, java.lang.Object, java.lang.Object, java.lang.Object, java.lang.Object)'> (0x00000007a34f73d0) 
thrown [src/hotspot/share/interpreter/linkResolver.cpp, line 782]
Event: 1.053 Thread 0x000000014c8e0e00 Exception <a 'java/lang/NoSuchMethodError'{0x00000007a3317c18}: 'java.lang.Object java.lang.invoke.DirectMethodHandle$Holder.invokeStatic(java.lang.Object, java.lang.Object, java.lang.Object, java.lang.Object, java.lang.Object, java.lang.Object, java.lang.Object, java.lang.Object, java.lang.Object, java.lang.Object)'> (0x00000007a3317c18) 
thrown [src/hotspot/share/interpreter/linkResolver.cpp, line 782]
Event: 1.070 Thread 0x000000014c8e0e00 Exception <a 'java/lang/NoSuchMethodError'{0x00000007a2d07170}: 'java.lang.Object java.lang.invoke.DirectMethodHandle$Holder.invokeStatic(java.lang.Object, java.lang.Object, java.lang.Object, java.lang.Object, java.lang.Object, java.lang.Object, java.lang.Object, java.lang.Object, java.lang.Object, java.lang.Object, java.lang.Object)'> (0x00000007a2d07170) 
thrown [src/hotspot/share/interpreter/linkResolver.cpp, line 782]
Event: 1.071 Thread 0x000000014c8e0e00 Exception <a 'java/lang/NoSuchMethodError'{0x00000007a2d255a0}: 'java.lang.Object java.lang.invoke.DirectMethodHandle$Holder.invokeStatic(java.lang.Object, java.lang.Object, java.lang.Object, java.lang.Object, java.lang.Object, java.lang.Object, java.lang.Object, java.lang.Object, java.lang.Object, java.lang.Object, java.lang.Object, java.lang.Object)'> (0x00000007a2d255a0) 
thrown [src/hotspot/share/interpreter/linkResolver.cpp, line 782]
Event: 1.131 Thread 0x000000014c8e0e00 Exception <a 'java/lang/NoSuchMethodError'{0x00000007ab36a040}: 'void java.lang.invoke.DirectMethodHandle$Holder.invokeStatic(java.lang.Object, java.lang.Object, int)'> (0x00000007ab36a040) 
thrown [src/hotspot/share/interpreter/linkResolver.cpp, line 782]
Event: 1.247 Thread 0x000000014c8e0e00 Exception <a 'java/lang/ClassNotFoundException'{0x00000007a3033d28}: java/lang/ObjectCustomizer> (0x00000007a3033d28) 
thrown [src/hotspot/share/classfile/systemDictionary.cpp, line 295]
Event: 1.249 Thread 0x000000014c8e0e00 Exception <a 'java/lang/ClassNotFoundException'{0x00000007a3064c60}: org/springframework/context/annotation/ConfigurationClassPostProcessorCustomizer> (0x00000007a3064c60) 
thrown [src/hotspot/share/classfile/systemDictionary.cpp, line 295]
Event: 1.249 Thread 0x000000014c8e0e00 Exception <a 'java/lang/ClassNotFoundException'{0x00000007a2feaf98}: org/springframework/beans/factory/support/BeanDefinitionRegistryPostProcessorCustomizer> (0x00000007a2feaf98) 
thrown [src/hotspot/share/classfile/systemDictionary.cpp, line 295]
Event: 1.249 Thread 0x000000014c8e0e00 Exception <a 'java/lang/ClassNotFoundException'{0x00000007a2ff6350}: org/springframework/beans/factory/config/BeanFactoryPostProcessorCustomizer> (0x00000007a2ff6350) 
thrown [src/hotspot/share/classfile/systemDictionary.cpp, line 295]
Event: 1.250 Thread 0x000000014c8e0e00 Exception <a 'java/lang/ClassNotFoundException'{0x00000007a2e00ec0}: org/springframework/core/PriorityOrderedCustomizer> (0x00000007a2e00ec0) 
thrown [src/hotspot/share/classfile/systemDictionary.cpp, line 295]
Event: 1.250 Thread 0x000000014c8e0e00 Exception <a 'java/lang/ClassNotFoundException'{0x00000007a2e09cf0}: org/springframework/core/OrderedCustomizer> (0x00000007a2e09cf0) 
thrown [src/hotspot/share/classfile/systemDictionary.cpp, line 295]
Event: 1.250 Thread 0x000000014c8e0e00 Exception <a 'java/lang/ClassNotFoundException'{0x00000007a2e13ec8}: org/springframework/context/ResourceLoaderAwareCustomizer> (0x00000007a2e13ec8) 
thrown [src/hotspot/share/classfile/systemDictionary.cpp, line 295]
Event: 1.250 Thread 0x000000014c8e0e00 Exception <a 'java/lang/ClassNotFoundException'{0x00000007a2e1e238}: org/springframework/beans/factory/AwareCustomizer> (0x00000007a2e1e238) 
thrown [src/hotspot/share/classfile/systemDictionary.cpp, line 295]
Event: 1.250 Thread 0x000000014c8e0e00 Exception <a 'java/lang/ClassNotFoundException'{0x00000007a2e27510}: org/springframework/context/ApplicationStartupAwareCustomizer> (0x00000007a2e27510) 
thrown [src/hotspot/share/classfile/systemDictionary.cpp, line 295]
Event: 1.250 Thread 0x000000014c8e0e00 Exception <a 'java/lang/ClassNotFoundException'{0x00000007a2e31af8}: org/springframework/beans/factory/AwareCustomizer> (0x00000007a2e31af8) 
thrown [src/hotspot/share/classfile/systemDictionary.cpp, line 295]
Event: 1.251 Thread 0x000000014c8e0e00 Exception <a 'java/lang/ClassNotFoundException'{0x00000007a2e3af58}: org/springframework/beans/factory/BeanClassLoaderAwareCustomizer> (0x00000007a2e3af58) 
thrown [src/hotspot/share/classfile/systemDictionary.cpp, line 295]
Event: 1.251 Thread 0x000000014c8e0e00 Exception <a 'java/lang/ClassNotFoundException'{0x00000007a2e452e0}: org/springframework/beans/factory/AwareCustomizer> (0x00000007a2e452e0) 
thrown [src/hotspot/share/classfile/systemDictionary.cpp, line 295]
Event: 1.251 Thread 0x000000014c8e0e00 Exception <a 'java/lang/ClassNotFoundException'{0x00000007a2e4e360}: org/springframework/context/EnvironmentAwareCustomizer> (0x00000007a2e4e360) 
thrown [src/hotspot/share/classfile/systemDictionary.cpp, line 295]
Event: 1.251 Thread 0x000000014c8e0e00 Exception <a 'java/lang/ClassNotFoundException'{0x00000007a2e58660}: org/springframework/beans/factory/AwareCustomizer> (0x00000007a2e58660) 
thrown [src/hotspot/share/classfile/systemDictionary.cpp, line 295]
Event: 1.344 Thread 0x000000013cf00a00 Exception <a 'java/lang/NoSuchMethodError'{0x00000007a2c7dd38}: 'java.lang.Object java.lang.invoke.DirectMethodHandle$Holder.invokeStaticInit(java.lang.Object, java.lang.Object, java.lang.Object, java.lang.Object, java.lang.Object)'> (0x00000007a2c7dd38) 
thrown [src/hotspot/share/interpreter/linkResolver.cpp, line 782]

Events (20 events):
Event: 1.347 loading class com/sun/org/apache/xalan/internal/utils/FeaturePropertyBase$State done
Event: 1.347 loading class com/sun/org/apache/xalan/internal/utils/XMLSecurityPropertyManager$Property
Event: 1.347 loading class com/sun/org/apache/xalan/internal/utils/XMLSecurityPropertyManager$Property done
Event: 1.347 loading class jdk/xml/internal/XMLSecurityManager
Event: 1.347 loading class jdk/xml/internal/XMLSecurityManager done
Event: 1.347 loading class jdk/xml/internal/XMLSecurityManager$Limit
Event: 1.347 loading class jdk/xml/internal/XMLSecurityManager$Limit done
Event: 1.347 loading class jdk/xml/internal/XMLSecurityManager$Processor
Event: 1.347 loading class jdk/xml/internal/XMLSecurityManager$Processor done
Event: 1.347 loading class jdk/xml/internal/XMLSecurityManager$State
Event: 1.347 loading class jdk/xml/internal/XMLSecurityManager$State done
Event: 1.347 loading class jdk/xml/internal/XMLSecurityManager$NameMap
Event: 1.347 loading class jdk/xml/internal/XMLSecurityManager$NameMap done
Event: 1.362 Executing VM operation: G1CollectForAllocation
Event: 1.363 Executing VM operation: G1CollectForAllocation done
Event: 1.363 Executing VM operation: G1CollectForAllocation
Event: 1.364 Executing VM operation: G1CollectForAllocation done
Event: 1.364 Executing VM operation: HandshakeAllThreads
Event: 1.364 Executing VM operation: HandshakeAllThreads done
Event: 1.401 Executing VM operation: HandshakeAllThreads


Dynamic libraries:
0x00000001043dc000 	/Users/hkpark02/Library/Java/JavaVirtualMachines/azul-15.0.7/Contents/Home/lib/libjli.dylib
0x00000001afb76000 	/usr/lib/libz.1.dylib
0x00000001afc30000 	/usr/lib/libSystem.B.dylib
0x00000001afc2a000 	/usr/lib/system/libcache.dylib
0x00000001afbe3000 	/usr/lib/system/libcommonCrypto.dylib
0x00000001afc11000 	/usr/lib/system/libcompiler_rt.dylib
0x00000001afc07000 	/usr/lib/system/libcopyfile.dylib
0x00000001a4358000 	/usr/lib/system/libcorecrypto.dylib
0x00000001a440e000 	/usr/lib/system/libdispatch.dylib
0x00000001a459f000 	/usr/lib/system/libdyld.dylib
0x00000001afc20000 	/usr/lib/system/libkeymgr.dylib
0x00000001afbc1000 	/usr/lib/system/libmacho.dylib
0x00000001af292000 	/usr/lib/system/libquarantine.dylib
0x00000001afc1d000 	/usr/lib/system/libremovefile.dylib
0x00000001a925f000 	/usr/lib/system/libsystem_asl.dylib
0x00000001a42f5000 	/usr/lib/system/libsystem_blocks.dylib
0x00000001a4459000 	/usr/lib/system/libsystem_c.dylib
0x00000001afc15000 	/usr/lib/system/libsystem_collections.dylib
0x00000001ae7b3000 	/usr/lib/system/libsystem_configuration.dylib
0x00000001ad823000 	/usr/lib/system/libsystem_containermanager.dylib
0x00000001af8c9000 	/usr/lib/system/libsystem_coreservices.dylib
0x00000001a73f4000 	/usr/lib/system/libsystem_darwin.dylib
0x00000001afc21000 	/usr/lib/system/libsystem_dnssd.dylib
0x00000001a4456000 	/usr/lib/system/libsystem_featureflags.dylib
0x00000001a45cb000 	/usr/lib/system/libsystem_info.dylib
0x00000001afb88000 	/usr/lib/system/libsystem_m.dylib
0x00000001a43e2000 	/usr/lib/system/libsystem_malloc.dylib
0x00000001a91df000 	/usr/lib/system/libsystem_networkextension.dylib
0x00000001a785e000 	/usr/lib/system/libsystem_notify.dylib
0x00000001ae7b8000 	/usr/lib/system/libsystem_sandbox.dylib
0x00000001afc1a000 	/usr/lib/system/libsystem_secinit.dylib
0x00000001a4559000 	/usr/lib/system/libsystem_kernel.dylib
0x00000001a45c3000 	/usr/lib/system/libsystem_platform.dylib
0x00000001a4592000 	/usr/lib/system/libsystem_pthread.dylib
0x00000001aaa34000 	/usr/lib/system/libsystem_symptoms.dylib
0x00000001a433e000 	/usr/lib/system/libsystem_trace.dylib
0x00000001afbf4000 	/usr/lib/system/libunwind.dylib
0x00000001a42fa000 	/usr/lib/system/libxpc.dylib
0x00000001a4541000 	/usr/lib/libc++abi.dylib
0x00000001a4224000 	/usr/lib/libobjc.A.dylib
0x00000001afbff000 	/usr/lib/liboah.dylib
0x00000001a44da000 	/usr/lib/libc++.1.dylib
0x00000001bba35000 	/System/Library/Frameworks/Cocoa.framework/Versions/A/Cocoa
0x00000001a78bf000 	/System/Library/Frameworks/AppKit.framework/Versions/C/AppKit
0x00000001aa263000 	/System/Library/Frameworks/CoreData.framework/Versions/A/CoreData
0x00000001a5523000 	/System/Library/Frameworks/Foundation.framework/Versions/C/Foundation
0x00000001a87ca000 	/System/Library/PrivateFrameworks/UIFoundation.framework/Versions/A/UIFoundation
0x00000002102be000 	/System/Library/PrivateFrameworks/CollectionViewCore.framework/Versions/A/CollectionViewCore
0x00000001b5ee1000 	/System/Library/PrivateFrameworks/RemoteViewServices.framework/Versions/A/RemoteViewServices
0x00000001ae066000 	/System/Library/PrivateFrameworks/XCTTargetBootstrap.framework/Versions/A/XCTTargetBootstrap
0x00000001b19c4000 	/System/Library/PrivateFrameworks/InternationalSupport.framework/Versions/A/InternationalSupport
0x00000001b1a4b000 	/System/Library/PrivateFrameworks/UserActivity.framework/Versions/A/UserActivity
0x0000000227446000 	/System/Library/PrivateFrameworks/WindowManagement.framework/Versions/A/WindowManagement
0x00000001a51ed000 	/System/Library/Frameworks/SystemConfiguration.framework/Versions/A/SystemConfiguration
0x00000001b0ec8000 	/usr/lib/libspindump.dylib
0x00000001a8970000 	/System/Library/Frameworks/UniformTypeIdentifiers.framework/Versions/A/UniformTypeIdentifiers
0x00000001ac37a000 	/usr/lib/libapp_launch_measurement.dylib
0x00000001ab82a000 	/System/Library/PrivateFrameworks/CoreAnalytics.framework/Versions/A/CoreAnalytics
0x00000001ac381000 	/System/Library/PrivateFrameworks/CoreAutoLayout.framework/Versions/A/CoreAutoLayout
0x00000001ad875000 	/System/Library/Frameworks/Metal.framework/Versions/A/Metal
0x00000001ae7c4000 	/usr/lib/liblangid.dylib
0x00000001ae06c000 	/System/Library/PrivateFrameworks/CoreSVG.framework/Versions/A/CoreSVG
0x00000001a9295000 	/System/Library/PrivateFrameworks/SkyLight.framework/Versions/A/SkyLight
0x00000001a96ad000 	/System/Library/Frameworks/CoreGraphics.framework/Versions/A/CoreGraphics
0x00000001b65ac000 	/System/Library/Frameworks/Accelerate.framework/Versions/A/Accelerate
0x00000001b0936000 	/System/Library/PrivateFrameworks/IconServices.framework/Versions/A/IconServices
0x00000001ad855000 	/System/Library/Frameworks/IOSurface.framework/Versions/A/IOSurface
0x00000001ab857000 	/usr/lib/libDiagnosticMessagesClient.dylib
0x00000001b9813000 	/System/Library/Frameworks/ApplicationServices.framework/Versions/A/ApplicationServices
0x00000001ae04e000 	/System/Library/PrivateFrameworks/DFRFoundation.framework/Versions/A/DFRFoundation
0x00000001a713d000 	/usr/lib/libicucore.A.dylib
0x00000001b2954000 	/System/Library/Frameworks/AudioToolbox.framework/Versions/A/AudioToolbox
0x00000001b19cf000 	/System/Library/PrivateFrameworks/DataDetectorsCore.framework/Versions/A/DataDetectorsCore
0x00000001c8ad2000 	/System/Library/PrivateFrameworks/TextInput.framework/Versions/A/TextInput
0x00000001a91fa000 	/usr/lib/libMobileGestalt.dylib
0x00000001add1a000 	/System/Library/Frameworks/Carbon.framework/Versions/A/Frameworks/HIToolbox.framework/Versions/A/HIToolbox
0x00000001abd02000 	/System/Library/Frameworks/QuartzCore.framework/Versions/A/QuartzCore
0x00000001a6d99000 	/System/Library/Frameworks/Security.framework/Versions/A/Security
0x00000001b5f21000 	/System/Library/Frameworks/Carbon.framework/Versions/A/Frameworks/SpeechRecognition.framework/Versions/A/SpeechRecognition
0x00000001ac0b9000 	/System/Library/PrivateFrameworks/CoreUI.framework/Versions/A/CoreUI
0x00000001a6692000 	/System/Library/Frameworks/CoreAudio.framework/Versions/A/CoreAudio
0x00000001ab933000 	/System/Library/Frameworks/DiskArbitration.framework/Versions/A/DiskArbitration
0x00000001b12fc000 	/System/Library/PrivateFrameworks/MultitouchSupport.framework/Versions/A/MultitouchSupport
0x00000001a91f8000 	/usr/lib/libenergytrace.dylib
0x00000001a7782000 	/System/Library/Frameworks/IOKit.framework/Versions/A/IOKit
0x00000001b6308000 	/System/Library/Frameworks/CoreServices.framework/Versions/A/CoreServices
0x00000001ac307000 	/System/Library/PrivateFrameworks/PerformanceAnalysis.framework/Versions/A/PerformanceAnalysis
0x00000001f38ee000 	/System/Library/Frameworks/OpenGL.framework/Versions/A/OpenGL
0x00000001ac3cb000 	/usr/lib/libxml2.2.dylib
0x00000001af198000 	/System/Library/PrivateFrameworks/MobileKeyBag.framework/Versions/A/MobileKeyBag
0x00000001a9cf8000 	/System/Library/Frameworks/ColorSync.framework/Versions/A/ColorSync
0x00000001a45f7000 	/System/Library/Frameworks/CoreFoundation.framework/Versions/A/CoreFoundation
0x00000001ae3e6000 	/System/Library/Frameworks/CoreImage.framework/Versions/A/CoreImage
0x00000001a64b3000 	/System/Library/Frameworks/CoreText.framework/Versions/A/CoreText
0x00000001ae0a5000 	/System/Library/Frameworks/ImageIO.framework/Versions/A/ImageIO
0x00000001afc36000 	/System/Library/PrivateFrameworks/SoftLinking.framework/Versions/A/SoftLinking
0x00000001afeca000 	/usr/lib/libcompression.dylib
0x00000001b1920000 	/System/Library/PrivateFrameworks/TextureIO.framework/Versions/A/TextureIO
0x00000001b0608000 	/usr/lib/libate.dylib
0x00000001b04c7000 	/usr/lib/liblzma.5.dylib
0x00000001afc32000 	/usr/lib/libfakelink.dylib
0x00000001a8e1d000 	/System/Library/Frameworks/CFNetwork.framework/Versions/A/CFNetwork
0x00000001afd71000 	/usr/lib/libarchive.2.dylib
0x00000001b425f000 	/System/Library/Frameworks/Combine.framework/Versions/A/Combine
0x00000001b231e000 	/usr/lib/swift/libswiftCore.dylib
0x00000001c5bab000 	/usr/lib/swift/libswiftCoreFoundation.dylib
0x00000001c3a87000 	/usr/lib/swift/libswiftDarwin.dylib
0x00000001b7820000 	/usr/lib/swift/libswiftDispatch.dylib
0x00000001c5bcc000 	/usr/lib/swift/libswiftIOKit.dylib
0x00000001b9c36000 	/usr/lib/swift/libswiftObjectiveC.dylib
0x00000001c5bbf000 	/usr/lib/swift/libswiftXPC.dylib
0x000000022dc71000 	/usr/lib/swift/libswift_Concurrency.dylib
0x000000022ddc3000 	/usr/lib/swift/libswift_StringProcessing.dylib
0x00000001b9c3a000 	/usr/lib/swift/libswiftos.dylib
0x00000001a7707000 	/System/Library/PrivateFrameworks/CoreServicesInternal.framework/Versions/A/CoreServicesInternal
0x00000001af2bd000 	/usr/lib/libbsm.0.dylib
0x00000001afbc7000 	/usr/lib/system/libkxld.dylib
0x00000001ac343000 	/System/Library/Frameworks/CoreServices.framework/Versions/A/Frameworks/FSEvents.framework/Versions/A/FSEvents
0x00000001a73ff000 	/System/Library/Frameworks/CoreServices.framework/Versions/A/Frameworks/CarbonCore.framework/Versions/A/CarbonCore
0x00000001ab89a000 	/System/Library/Frameworks/CoreServices.framework/Versions/A/Frameworks/Metadata.framework/Versions/A/Metadata
0x00000001af8cf000 	/System/Library/Frameworks/CoreServices.framework/Versions/A/Frameworks/OSServices.framework/Versions/A/OSServices
0x00000001afdf8000 	/System/Library/Frameworks/CoreServices.framework/Versions/A/Frameworks/SearchKit.framework/Versions/A/SearchKit
0x00000001aa9b7000 	/System/Library/Frameworks/CoreServices.framework/Versions/A/Frameworks/AE.framework/Versions/A/AE
0x00000001a4acf000 	/System/Library/Frameworks/CoreServices.framework/Versions/A/Frameworks/LaunchServices.framework/Versions/A/LaunchServices
0x00000001b0470000 	/System/Library/Frameworks/CoreServices.framework/Versions/A/Frameworks/DictionaryServices.framework/Versions/A/DictionaryServices
0x00000001ac350000 	/System/Library/Frameworks/CoreServices.framework/Versions/A/Frameworks/SharedFileList.framework/Versions/A/SharedFileList
0x00000001afe97000 	/usr/lib/libapple_nghttp2.dylib
0x00000001a8e19000 	/usr/lib/libnetwork.dylib
0x00000001aa63b000 	/usr/lib/libsqlite3.dylib
0x00000001aaa3d000 	/System/Library/Frameworks/Network.framework/Versions/A/Network
0x000000022cdc3000 	/usr/lib/libCoreEntitlements.dylib
0x000000021989e000 	/System/Library/PrivateFrameworks/MessageSecurity.framework/Versions/A/MessageSecurity
0x00000001aa621000 	/System/Library/PrivateFrameworks/ProtocolBuffer.framework/Versions/A/ProtocolBuffer
0x00000001af8ab000 	/System/Library/PrivateFrameworks/AppleFSCompression.framework/Versions/A/AppleFSCompression
0x00000001af2a5000 	/usr/lib/libcoretls.dylib
0x00000001b04e0000 	/usr/lib/libcoretls_cfhelpers.dylib
0x00000001afec4000 	/usr/lib/libpam.2.dylib
0x00000001b0546000 	/usr/lib/libxar.1.dylib
0x00000001b0911000 	/usr/lib/libheimdal-asn1.dylib
0x00000001afc37000 	/usr/lib/libpcap.A.dylib
0x00000001aaa2a000 	/usr/lib/libdns_services.dylib
0x00000001ae7c0000 	/System/Library/PrivateFrameworks/AppleSystemInfo.framework/Versions/A/AppleSystemInfo
0x00000001aef99000 	/System/Library/PrivateFrameworks/IOMobileFramebuffer.framework/Versions/A/IOMobileFramebuffer
0x00000001af8bc000 	/usr/lib/libbz2.1.0.dylib
0x00000001af295000 	/usr/lib/libCheckFix.dylib
0x00000001a9277000 	/System/Library/PrivateFrameworks/TCC.framework/Versions/A/TCC
0x00000001ae7c6000 	/System/Library/PrivateFrameworks/CoreNLP.framework/Versions/A/CoreNLP
0x00000001ab859000 	/System/Library/PrivateFrameworks/MetadataUtilities.framework/Versions/A/MetadataUtilities
0x00000001af2ce000 	/usr/lib/libmecab.dylib
0x00000001a5277000 	/usr/lib/libCRFSuite.dylib
0x00000001af32b000 	/usr/lib/libgermantok.dylib
0x00000001afe70000 	/usr/lib/libThaiTokenizer.dylib
0x00000001ab93c000 	/System/Library/Frameworks/Accelerate.framework/Versions/A/Frameworks/vImage.framework/Versions/A/vImage
0x00000001b62df000 	/System/Library/Frameworks/Accelerate.framework/Versions/A/Frameworks/vecLib.framework/Versions/A/vecLib
0x00000001b058c000 	/System/Library/Frameworks/Accelerate.framework/Versions/A/Frameworks/vecLib.framework/Versions/A/libvMisc.dylib
0x00000001aee99000 	/System/Library/Frameworks/Accelerate.framework/Versions/A/Frameworks/vecLib.framework/Versions/A/libvDSP.dylib
0x00000001a4e83000 	/System/Library/Frameworks/Accelerate.framework/Versions/A/Frameworks/vecLib.framework/Versions/A/libBLAS.dylib
0x00000001aff9c000 	/System/Library/Frameworks/Accelerate.framework/Versions/A/Frameworks/vecLib.framework/Versions/A/libLAPACK.dylib
0x00000001af32e000 	/System/Library/Frameworks/Accelerate.framework/Versions/A/Frameworks/vecLib.framework/Versions/A/libLinearAlgebra.dylib
0x00000001afeaf000 	/System/Library/Frameworks/Accelerate.framework/Versions/A/Frameworks/vecLib.framework/Versions/A/libSparseBLAS.dylib
0x00000001aff97000 	/System/Library/Frameworks/Accelerate.framework/Versions/A/Frameworks/vecLib.framework/Versions/A/libQuadrature.dylib
0x00000001ae8bf000 	/System/Library/Frameworks/Accelerate.framework/Versions/A/Frameworks/vecLib.framework/Versions/A/libBNNS.dylib
0x00000001a5186000 	/System/Library/Frameworks/Accelerate.framework/Versions/A/Frameworks/vecLib.framework/Versions/A/libSparse.dylib
0x0000000218bd4000 	/System/Library/PrivateFrameworks/MIL.framework/Versions/A/MIL
0x00000001afc6c000 	/usr/lib/libiconv.2.dylib
0x00000001afbc0000 	/usr/lib/libcharset.1.dylib
0x00000001ac323000 	/System/Library/Frameworks/OpenDirectory.framework/Versions/A/Frameworks/CFOpenDirectory.framework/Versions/A/CFOpenDirectory
0x00000001ac313000 	/System/Library/Frameworks/OpenDirectory.framework/Versions/A/OpenDirectory
0x00000001b04e2000 	/System/Library/PrivateFrameworks/APFS.framework/Versions/A/APFS
0x00000001af1cf000 	/System/Library/Frameworks/SecurityFoundation.framework/Versions/A/SecurityFoundation
0x00000001b0555000 	/usr/lib/libutil.dylib
0x0000000217c55000 	/System/Library/PrivateFrameworks/InstalledContentLibrary.framework/Versions/A/InstalledContentLibrary
0x00000001a7745000 	/System/Library/PrivateFrameworks/CoreServicesStore.framework/Versions/A/CoreServicesStore
0x000000020ec8b000 	/System/Library/PrivateFrameworks/AppleMobileFileIntegrity.framework/Versions/A/AppleMobileFileIntegrity
0x00000001c5b8a000 	/usr/lib/libmis.dylib
0x00000001d3aaf000 	/System/Library/PrivateFrameworks/MobileSystemServices.framework/Versions/A/MobileSystemServices
0x00000001ee1f4000 	/System/Library/PrivateFrameworks/ConfigProfileHelper.framework/Versions/A/ConfigProfileHelper
0x00000001afe72000 	/System/Library/PrivateFrameworks/AppleSauce.framework/Versions/A/AppleSauce
0x00000001a5f5c000 	/System/Library/PrivateFrameworks/LanguageModeling.framework/Versions/A/LanguageModeling
0x00000001b0559000 	/usr/lib/libxslt.1.dylib
0x00000001afd5f000 	/usr/lib/libcmph.dylib
0x00000001aef86000 	/System/Library/PrivateFrameworks/CoreEmoji.framework/Versions/A/CoreEmoji
0x00000001ae8b9000 	/System/Library/PrivateFrameworks/LinguisticData.framework/Versions/A/LinguisticData
0x00000001a513e000 	/System/Library/PrivateFrameworks/Lexicon.framework/Versions/A/Lexicon
0x00000001af262000 	/System/Library/PrivateFrameworks/BackgroundTaskManagement.framework/Versions/A/BackgroundTaskManagement
0x000000022cf62000 	/usr/lib/libTLE.dylib
0x000000022dd0e000 	/usr/lib/swift/libswift_RegexParser.dylib
0x00000001b11c1000 	/System/Library/PrivateFrameworks/AppleJPEG.framework/Versions/A/AppleJPEG
0x00000001b08f6000 	/usr/lib/libexpat.1.dylib
0x00000001b1782000 	/System/Library/Frameworks/ImageIO.framework/Versions/A/Resources/libPng.dylib
0x00000001b17ad000 	/System/Library/Frameworks/ImageIO.framework/Versions/A/Resources/libTIFF.dylib
0x00000001b1896000 	/System/Library/Frameworks/ImageIO.framework/Versions/A/Resources/libGIF.dylib
0x00000001b1206000 	/System/Library/Frameworks/ImageIO.framework/Versions/A/Resources/libJP2.dylib
0x00000001b183a000 	/System/Library/Frameworks/ImageIO.framework/Versions/A/Resources/libJPEG.dylib
0x00000001b1831000 	/System/Library/Frameworks/ImageIO.framework/Versions/A/Resources/libRadiance.dylib
0x00000001adba3000 	/System/Library/PrivateFrameworks/FontServices.framework/libFontParser.dylib
0x00000001aa959000 	/System/Library/PrivateFrameworks/RunningBoardServices.framework/Versions/A/RunningBoardServices
0x00000001bc166000 	/System/Library/PrivateFrameworks/IOSurfaceAccelerator.framework/Versions/A/IOSurfaceAccelerator
0x00000001b12f8000 	/System/Library/PrivateFrameworks/WatchdogClient.framework/Versions/A/WatchdogClient
0x00000001a60d5000 	/System/Library/Frameworks/CoreDisplay.framework/Versions/A/CoreDisplay
0x00000001ada7d000 	/System/Library/Frameworks/CoreMedia.framework/Versions/A/CoreMedia
0x00000001ad86b000 	/System/Library/PrivateFrameworks/IOAccelerator.framework/Versions/A/IOAccelerator
0x00000001ac4b4000 	/System/Library/Frameworks/CoreVideo.framework/Versions/A/CoreVideo
0x00000001afec2000 	/System/Library/Frameworks/MetalPerformanceShaders.framework/Versions/A/MetalPerformanceShaders
0x00000001b1337000 	/System/Library/Frameworks/VideoToolbox.framework/Versions/A/VideoToolbox
0x00000001aa89c000 	/System/Library/PrivateFrameworks/BaseBoard.framework/Versions/A/BaseBoard
0x00000001b182c000 	/System/Library/PrivateFrameworks/GPUWrangler.framework/Versions/A/GPUWrangler
0x00000001b180c000 	/System/Library/PrivateFrameworks/IOPresentment.framework/Versions/A/IOPresentment
0x00000001b1834000 	/System/Library/PrivateFrameworks/DSExternalDisplay.framework/Versions/A/DSExternalDisplay
0x000000021442f000 	/System/Library/PrivateFrameworks/GPUCompiler.framework/Versions/31001/Libraries/libllvm-flatbuffers.dylib
0x00000001f38e1000 	/System/Library/Frameworks/OpenGL.framework/Versions/A/Libraries/libCoreFSCache.dylib
0x000000021442b000 	/System/Library/PrivateFrameworks/GPUCompiler.framework/Versions/31001/Libraries/libGPUCompilerUtils.dylib
0x00000001b189c000 	/System/Library/PrivateFrameworks/CMCaptureCore.framework/Versions/A/CMCaptureCore
0x0000000208eca000 	/System/Library/Frameworks/ExtensionFoundation.framework/Versions/A/ExtensionFoundation
0x00000001b7fc7000 	/System/Library/PrivateFrameworks/CoreTime.framework/Versions/A/CoreTime
0x00000001b0eb3000 	/System/Library/PrivateFrameworks/AppServerSupport.framework/Versions/A/AppServerSupport
0x00000001b3236000 	/System/Library/PrivateFrameworks/perfdata.framework/Versions/A/perfdata
0x00000001a61f5000 	/System/Library/PrivateFrameworks/AudioToolboxCore.framework/Versions/A/AudioToolboxCore
0x00000001ada53000 	/System/Library/PrivateFrameworks/caulk.framework/Versions/A/caulk
0x00000001b2af3000 	/usr/lib/libAudioStatistics.dylib
0x00000001c4fc4000 	/System/Library/PrivateFrameworks/SystemPolicy.framework/Versions/A/SystemPolicy
0x00000001b2d95000 	/usr/lib/libSMC.dylib
0x00000001bb90a000 	/System/Library/Frameworks/CoreMIDI.framework/Versions/A/CoreMIDI
0x00000001b174f000 	/usr/lib/libAudioToolboxUtility.dylib
0x00000001c0d47000 	/System/Library/PrivateFrameworks/OSAServicesClient.framework/Versions/A/OSAServicesClient
0x00000001b3243000 	/usr/lib/libperfcheck.dylib
0x00000001b07e1000 	/System/Library/PrivateFrameworks/PlugInKit.framework/Versions/A/PlugInKit
0x00000001af1c1000 	/System/Library/PrivateFrameworks/AssertionServices.framework/Versions/A/AssertionServices
0x00000001f3943000 	/System/Library/Frameworks/OpenGL.framework/Versions/A/Libraries/libGLU.dylib
0x00000001f3902000 	/System/Library/Frameworks/OpenGL.framework/Versions/A/Libraries/libGFXShared.dylib
0x00000001f3ae9000 	/System/Library/Frameworks/OpenGL.framework/Versions/A/Libraries/libGL.dylib
0x00000001f390b000 	/System/Library/Frameworks/OpenGL.framework/Versions/A/Libraries/libGLImage.dylib
0x00000001f38ff000 	/System/Library/Frameworks/OpenGL.framework/Versions/A/Libraries/libCVMSPluginSupport.dylib
0x000000022cf41000 	/usr/lib/libRosetta.dylib
0x00000001f38e8000 	/System/Library/Frameworks/OpenGL.framework/Versions/A/Libraries/libCoreVMClient.dylib
0x00000001ae738000 	/System/Library/Frameworks/MetalPerformanceShaders.framework/Versions/A/Frameworks/MPSCore.framework/Versions/A/MPSCore
0x00000001af821000 	/System/Library/Frameworks/MetalPerformanceShaders.framework/Versions/A/Frameworks/MPSImage.framework/Versions/A/MPSImage
0x00000001af343000 	/System/Library/Frameworks/MetalPerformanceShaders.framework/Versions/A/Frameworks/MPSNeuralNetwork.framework/Versions/A/MPSNeuralNetwork
0x00000001af72f000 	/System/Library/Frameworks/MetalPerformanceShaders.framework/Versions/A/Frameworks/MPSMatrix.framework/Versions/A/MPSMatrix
0x00000001af541000 	/System/Library/Frameworks/MetalPerformanceShaders.framework/Versions/A/Frameworks/MPSRayIntersector.framework/Versions/A/MPSRayIntersector
0x00000001af75d000 	/System/Library/Frameworks/MetalPerformanceShaders.framework/Versions/A/Frameworks/MPSNDArray.framework/Versions/A/MPSNDArray
0x000000020a298000 	/System/Library/Frameworks/MetalPerformanceShaders.framework/Versions/A/Frameworks/MPSFunctions.framework/Versions/A/MPSFunctions
0x00000001a4d49000 	/System/Library/PrivateFrameworks/MetalTools.framework/Versions/A/MetalTools
0x00000001ae7be000 	/System/Library/PrivateFrameworks/AggregateDictionary.framework/Versions/A/AggregateDictionary
0x00000001b069a000 	/usr/lib/libIOReport.dylib
0x00000001baafa000 	/System/Library/PrivateFrameworks/ASEProcessing.framework/Versions/A/ASEProcessing
0x00000001b0a51000 	/System/Library/PrivateFrameworks/GraphVisualizer.framework/Versions/A/GraphVisualizer
0x000000021433c000 	/System/Library/PrivateFrameworks/FontServices.framework/Versions/A/FontServices
0x00000001b0e71000 	/System/Library/PrivateFrameworks/OTSVG.framework/Versions/A/OTSVG
0x00000001ac067000 	/System/Library/Frameworks/ApplicationServices.framework/Versions/A/Frameworks/ATS.framework/Versions/A/Resources/libFontRegistry.dylib
0x00000001b0ebd000 	/System/Library/PrivateFrameworks/FontServices.framework/libhvf.dylib
0x000000021433d000 	/System/Library/PrivateFrameworks/FontServices.framework/libXTFontStaticRegistryData.dylib
0x000000022615a000 	/System/Library/PrivateFrameworks/VideoToolboxParavirtualizationSupport.framework/Versions/A/VideoToolboxParavirtualizationSupport
0x00000001b08aa000 	/System/Library/PrivateFrameworks/AppleVA.framework/Versions/A/AppleVA
0x00000001b2b33000 	/System/Library/Frameworks/ApplicationServices.framework/Versions/A/Frameworks/ATS.framework/Versions/A/ATS
0x00000001a9deb000 	/System/Library/Frameworks/ApplicationServices.framework/Versions/A/Frameworks/HIServices.framework/Versions/A/HIServices
0x00000001b18a8000 	/System/Library/Frameworks/ApplicationServices.framework/Versions/A/Frameworks/PrintCore.framework/Versions/A/PrintCore
0x00000001b2eee000 	/System/Library/Frameworks/ApplicationServices.framework/Versions/A/Frameworks/QD.framework/Versions/A/QD
0x00000001b2ee2000 	/System/Library/Frameworks/ApplicationServices.framework/Versions/A/Frameworks/ColorSyncLegacy.framework/Versions/A/ColorSyncLegacy
0x00000001b2b07000 	/System/Library/Frameworks/ApplicationServices.framework/Versions/A/Frameworks/SpeechSynthesis.framework/Versions/A/SpeechSynthesis
0x00000001b1866000 	/System/Library/Frameworks/ApplicationServices.framework/Versions/A/Frameworks/ATSUI.framework/Versions/A/ATSUI
0x00000001b2e75000 	/usr/lib/libcups.2.dylib
0x00000001b3251000 	/System/Library/Frameworks/Kerberos.framework/Versions/A/Kerberos
0x00000001b3262000 	/System/Library/Frameworks/GSS.framework/Versions/A/GSS
0x00000001b2ba5000 	/usr/lib/libresolv.9.dylib
0x00000001b0ecd000 	/System/Library/PrivateFrameworks/Heimdal.framework/Versions/A/Heimdal
0x00000001b9bb8000 	/System/Library/Frameworks/Kerberos.framework/Versions/A/Libraries/libHeimdalProxy.dylib
0x00000001b32b2000 	/System/Library/PrivateFrameworks/CommonAuth.framework/Versions/A/CommonAuth
0x0000000208104000 	/System/Library/Frameworks/AVFAudio.framework/Versions/A/AVFAudio
0x00000001c0d96000 	/System/Library/PrivateFrameworks/AXCoreUtilities.framework/Versions/A/AXCoreUtilities
0x00000001b2a7f000 	/System/Library/PrivateFrameworks/AudioSession.framework/Versions/A/AudioSession
0x00000001b4016000 	/System/Library/Frameworks/IOBluetooth.framework/Versions/A/IOBluetooth
0x00000001b09ab000 	/System/Library/PrivateFrameworks/MediaExperience.framework/Versions/A/MediaExperience
0x00000001b291a000 	/System/Library/PrivateFrameworks/AudioSession.framework/libSessionUtility.dylib
0x00000001b2efa000 	/System/Library/PrivateFrameworks/AudioResourceArbitration.framework/Versions/A/AudioResourceArbitration
0x00000001b6ef7000 	/System/Library/PrivateFrameworks/PowerLog.framework/Versions/A/PowerLog
0x00000001b6e39000 	/System/Library/Frameworks/CoreBluetooth.framework/Versions/A/CoreBluetooth
0x00000001b9bb9000 	/System/Library/Frameworks/AudioUnit.framework/Versions/A/AudioUnit
0x00000001af024000 	/System/Library/PrivateFrameworks/CoreUtils.framework/Versions/A/CoreUtils
0x0000000212d41000 	/System/Library/PrivateFrameworks/CoreUtilsExtras.framework/Versions/A/CoreUtilsExtras
0x0000000217af3000 	/System/Library/PrivateFrameworks/IO80211.framework/Versions/A/IO80211
0x00000001b091b000 	/System/Library/PrivateFrameworks/IconFoundation.framework/Versions/A/IconFoundation
0x00000001b5f0d000 	/System/Library/PrivateFrameworks/SpeechRecognitionCore.framework/Versions/A/SpeechRecognitionCore
0x0000000105224000 	/Users/hkpark02/Library/Java/JavaVirtualMachines/azul-15.0.7/Contents/Home/lib/server/libjvm.dylib
0x0000000104394000 	/Users/hkpark02/Library/Java/JavaVirtualMachines/azul-15.0.7/Contents/Home/lib/libjimage.dylib
0x0000000104440000 	/Users/hkpark02/Library/Java/JavaVirtualMachines/azul-15.0.7/Contents/Home/lib/libinstrument.dylib
0x000000010448c000 	/Users/hkpark02/Library/Java/JavaVirtualMachines/azul-15.0.7/Contents/Home/lib/libjava.dylib
0x00000001051d8000 	/Users/hkpark02/Library/Java/JavaVirtualMachines/azul-15.0.7/Contents/Home/lib/libzip.dylib
0x0000000121334000 	/Users/hkpark02/Library/Java/JavaVirtualMachines/azul-15.0.7/Contents/Home/lib/libnio.dylib
0x0000000121354000 	/Users/hkpark02/Library/Java/JavaVirtualMachines/azul-15.0.7/Contents/Home/lib/libnet.dylib
0x0000000121378000 	/Users/hkpark02/Library/Java/JavaVirtualMachines/azul-15.0.7/Contents/Home/lib/libverify.dylib
0x00000001051f0000 	/Users/hkpark02/Library/Java/JavaVirtualMachines/azul-15.0.7/Contents/Home/lib/libextnet.dylib
0x0000000105204000 	/Users/hkpark02/Library/Java/JavaVirtualMachines/azul-15.0.7/Contents/Home/lib/libmanagement.dylib
0x0000000121394000 	/Users/hkpark02/Library/Java/JavaVirtualMachines/azul-15.0.7/Contents/Home/lib/libmanagement_ext.dylib


VM Arguments:
jvm_args: -Dorg.gradle.native=false -javaagent:build/tmp/expandedArchives/org.jacoco.agent-0.8.6.jar_a26f6511a7813217be4cd6439d66563b/jacocoagent.jar=destfile=build/jacoco/test.exec,append=true,inclnolocationclasses=false,dumponexit=true,output=file,jmx=false -Xmx512m -Dfile.encoding=UTF-8 -Duser.country=KR -Duser.language=ko -Duser.variant -ea 
java_command: worker.org.gradle.process.internal.worker.GradleWorkerMain 'Gradle Test Executor 20'
java_class_path (initial): /Users/hkpark02/.gradle/caches/6.8.3/workerMain/gradle-worker.jar:/Users/hkpark02/source/private/ink-backend/ink-admin/build/classes/java/test:/Users/hkpark02/source/private/ink-backend/ink-admin/build/resources/test:/Users/hkpark02/source/private/ink-backend/ink-admin/build/classes/java/main:/Users/hkpark02/source/private/ink-backend/ink-admin/build/resources/main:/Users/hkpark02/source/private/ink-backend/ink-core/build/classes/java/test:/Users/hkpark02/source/private/ink-backend/ink-core/build/resources/test:/Users/hkpark02/source/private/ink-backend/ink-core/build/libs/ink-core-0.0.1-SNAPSHOT-plain.jar:/Users/hkpark02/.gradle/caches/modules-2/files-2.1/org.springframework.boot/spring-boot-starter-data-jpa/2.5.0/84f42b4c2b85d59070d1b67c7e5b35a1f62c3e82/spring-boot-starter-data-jpa-2.5.0.jar:/Users/hkpark02/.gradle/caches/modules-2/files-2.1/org.springframework.boot/spring-boot-starter-validation/2.5.0/e5822bbdd2f3aa489a787c3fc8a915daf68f84b1/spring-boot-starter-validation-2.5.0.jar:/Users/hkpark02/.gradle/caches/modules-2/files-2.1/mysql/mysql-connector-java/8.0.25/f8b9123acd13058c941aff25f308c9ed8000bb73/mysql-connector-java-8.0.25.jar:/Users/hkpark02/.gradle/caches/modules-2/files-2.1/org.mapstruct/mapstruct/1.4.2.Final/68d82e631f75d073b3a432cb6cc1920fec57357b/mapstruct-1.4.2.Final.jar:/Users/hkpark02/.gradle/caches/modules-2/files-2.1/org.liquibase/liquibase-core/4.3.5/cfe99addf94f07ca1af1e42b8c2bcde8079d8fe0/liquibase-core-4.3.5.jar:/Users/hkpark02/.gradle/caches/modules-2/files-2.1/com.google.firebase/firebase-admin/6.8.1/ffd7e5352421639a249018cc5413b2796009a2e4/firebase-admin-6.8.1.jar:/Users/hkpark02/.gradle/caches/modules-2/files-2.1/ca.pjer/logback-awslogs-appender/1.4.0/72cbe19fb3bfda64a37aebbdbdfc8f086f7e6217/logback-awslogs-appender-1.4.0.jar:/Users/hkpark02/.gradle/caches/modules-2/files-2.1/org.springframework.cloud/spring-cloud-aws-context/2.2.1.RELEASE/c77669562d27d1aec88bb4f5e42a0b055d2b3c28/spring-cloud-aws-context-2
Launcher Type: SUN_STANDARD

[Global flags]
     intx CICompilerCount                          = 4                                         {product} {ergonomic}
     uint ConcGCThreads                            = 2                                         {product} {ergonomic}
     uint G1ConcRefinementThreads                  = 8                                         {product} {ergonomic}
   size_t G1HeapRegionSize                         = 1048576                                   {product} {ergonomic}
    uintx GCDrainStackTargetSize                   = 64                                        {product} {ergonomic}
   size_t InitialHeapSize                          = 268435456                                 {product} {ergonomic}
   size_t MarkStackSize                            = 4194304                                   {product} {ergonomic}
   size_t MaxHeapSize                              = 536870912                                 {product} {command line}
   size_t MaxNewSize                               = 321912832                                 {product} {ergonomic}
   size_t MinHeapDeltaBytes                        = 1048576                                   {product} {ergonomic}
   size_t MinHeapSize                              = 8388608                                   {product} {ergonomic}
    uintx NonNMethodCodeHeapSize                   = 5839564                                {pd product} {ergonomic}
    uintx NonProfiledCodeHeapSize                  = 122909338                              {pd product} {ergonomic}
    uintx ProfiledCodeHeapSize                     = 122909338                              {pd product} {ergonomic}
    uintx ReservedCodeCacheSize                    = 251658240                              {pd product} {ergonomic}
     bool SegmentedCodeCache                       = true                                      {product} {ergonomic}
   size_t SoftMaxHeapSize                          = 536870912                              {manageable} {ergonomic}
     bool UseCompressedClassPointers               = true                                 {lp64_product} {ergonomic}
     bool UseCompressedOops                        = true                                 {lp64_product} {ergonomic}
     bool UseG1GC                                  = true                                      {product} {ergonomic}
     bool UseNUMA                                  = false                                     {product} {ergonomic}
     bool UseNUMAInterleaving                      = false                                     {product} {ergonomic}

Logging:
Log output configuration:
 #0: stdout all=warning uptime,level,tags
 #1: stderr all=off uptime,level,tags

Environment Variables:
PATH=/usr/bin:/bin:/usr/sbin:/sbin
SHELL=/bin/zsh

Signal Handlers:
SIGSEGV: [libjvm.dylib+0x929b20], sa_mask[0]=11111111011111110111111111111111, sa_flags=SA_ONSTACK|SA_RESTART|SA_SIGINFO
SIGBUS: [libjvm.dylib+0x929b20], sa_mask[0]=11111111011111110111111111111111, sa_flags=SA_RESTART|SA_SIGINFO
SIGFPE: [libjvm.dylib+0x929b20], sa_mask[0]=11111111011111110111111111111111, sa_flags=SA_RESTART|SA_SIGINFO
SIGPIPE: [libjvm.dylib+0x713fe0], sa_mask[0]=11111111011111110111111111111111, sa_flags=SA_RESTART|SA_SIGINFO
SIGXFSZ: [libjvm.dylib+0x713fe0], sa_mask[0]=11111111011111110111111111111111, sa_flags=SA_RESTART|SA_SIGINFO
SIGILL: [libjvm.dylib+0x929b20], sa_mask[0]=11111111011111110111111111111111, sa_flags=SA_RESTART|SA_SIGINFO
SIGUSR2: [libjvm.dylib+0x714a14], sa_mask[0]=00100000000000000000000000000000, sa_flags=SA_RESTART|SA_SIGINFO
SIGHUP: [libjvm.dylib+0x7130b0], sa_mask[0]=11111111011111110111111111111111, sa_flags=SA_RESTART|SA_SIGINFO
SIGINT: [libjvm.dylib+0x7130b0], sa_mask[0]=11111111011111110111111111111111, sa_flags=SA_RESTART|SA_SIGINFO
SIGTERM: [libjvm.dylib+0x7130b0], sa_mask[0]=11111111011111110111111111111111, sa_flags=SA_RESTART|SA_SIGINFO
SIGQUIT: [libjvm.dylib+0x7130b0], sa_mask[0]=11111111011111110111111111111111, sa_flags=SA_RESTART|SA_SIGINFO


---------------  S Y S T E M  ---------------

OS:uname: Darwin 22.2.0 Darwin Kernel Version 22.2.0: Fri Nov 11 02:03:51 PST 2022; root:xnu-8792.61.2~4/RELEASE_ARM64_T6000 arm64
OS uptime: 0 days 6:45 hours
rlimit (soft/hard): STACK 8176k/65520k , CORE 0k/infinity , NPROC 2666/4000 , NOFILE 10240/infinity , AS infinity/infinity , CPU infinity/infinity , DATA infinity/infinity , FSIZE infinity/infinity , MEMLOCK infinity/infinity , RSS infinity/infinity
load average: 4.27 4.62 4.24

CPU: total 8 (initial active 8) 0x61:0x0:0x1b588bb3:0, simd, crc, lse

Memory: 16k page, physical 16777216k(199360k free), swap 0k(0k free)

vm_info: OpenJDK 64-Bit Server VM (15.0.7+4-MTS) for bsd-aarch64 JRE (15.0.7+4-MTS) (Zulu15.40+19-CA), built on Apr 16 2022 08:21:05 by "zulu_re" with clang Apple LLVM 12.0.0 (clang-1200.0.32.28)

END.
