#
# A fatal error has been detected by the Java Runtime Environment:
#
#  SIGBUS (0xa) at pc=0x0000000105ffe0a4, pid=53900, tid=39427
#
# JRE version: OpenJDK Runtime Environment Zulu15.40+19-CA (15.0.7+4) (build 15.0.7+4-MTS)
# Java VM: OpenJDK 64-Bit Server VM Zulu15.40+19-CA (15.0.7+4-MTS, mixed mode, tiered, compressed oops, g1 gc, bsd-aarch64)
# Problematic frame:
# V  [libjvm.dylib+0x8920a4]  MarkActivationClosure::do_code_blob(CodeBlob*)+0x3c
#
# No core dump will be written. Core dumps have been disabled. To enable core dumping, try "ulimit -c unlimited" before starting Java again
#
# If you would like to submit a bug report, please visit:
#   http://www.azul.com/support/
#

---------------  S U M M A R Y ------------

Command Line: -Dorg.gradle.native=false -javaagent:build/tmp/expandedArchives/org.jacoco.agent-0.8.6.jar_a26f6511a7813217be4cd6439d66563b/jacocoagent.jar=destfile=build/jacoco/test.exec,append=true,inclnolocationclasses=false,dumponexit=true,output=file,jmx=false -Xmx512m -Dfile.encoding=UTF-8 -Duser.country=KR -Duser.language=ko -Duser.variant -ea worker.org.gradle.process.internal.worker.GradleWorkerMain 'Gradle Test Executor 26'

Host: MacBookPro18,3 arm64 1 MHz, 8 cores, 16G, Darwin 22.2.0
Time: Thu Apr 20 02:08:40 2023 KST elapsed time: 1.458944 seconds (0d 0h 0m 1s)

---------------  T H R E A D  ---------------

Current thread (0x000000014a309400):  JavaThread "background-preinit" [_thread_in_vm, id=39427, stack(0x000000016f290000,0x000000016f493000)]

Stack: [0x000000016f290000,0x000000016f493000],  sp=0x000000016f48dbb0,  free space=2038k
Native frames: (J=compiled Java code, A=aot compiled Java code, j=interpreted, Vv=VM code, C=native code)
V  [libjvm.dylib+0x8920a4]  MarkActivationClosure::do_code_blob(CodeBlob*)+0x3c
V  [libjvm.dylib+0x8cd8e8]  JavaThread::nmethods_do(CodeBlobClosure*)+0x80
V  [libjvm.dylib+0x38972c]  HandshakeState::process_self_inner()+0x170
V  [libjvm.dylib+0x79e9a8]  SafepointMechanism::block_if_requested_slow(JavaThread*)+0x74
V  [libjvm.dylib+0x8ccfb4]  JavaThread::check_safepoint_and_suspend_for_native_trans(JavaThread*)+0x58
V  [libjvm.dylib+0x557a3c]  jvmti_Allocate(_jvmtiEnv*, long, unsigned char**)+0x100
C  [libinstrument.dylib+0x3ab8]  transformClassFile+0x394
C  [libinstrument.dylib+0x251c]  eventHandlerClassFileLoadHook+0x88
V  [libjvm.dylib+0x5acdcc]  JvmtiClassFileLoadHookPoster::post_to_env(JvmtiEnv*, bool)+0xb0
V  [libjvm.dylib+0x5accac]  JvmtiClassFileLoadHookPoster::post_all_envs()+0xf8
V  [libjvm.dylib+0x5a3570]  JvmtiExport::post_class_file_load_hook(Symbol*, Handle, Handle, unsigned char**, unsigned char**, JvmtiCachedClassFileData**)+0x58
V  [libjvm.dylib+0x5c80e0]  KlassFactory::create_from_stream(ClassFileStream*, Symbol*, ClassLoaderData*, ClassLoadInfo const&, Thread*)+0x294
V  [libjvm.dylib+0x8a169c]  SystemDictionary::resolve_from_stream(Symbol*, Handle, Handle, ClassFileStream*, Thread*)+0x25c
V  [libjvm.dylib+0x47ff04]  jvm_define_class_common(JNIEnv_*, char const*, _jobject*, signed char const*, int, _jobject*, char const*, Thread*)+0x2fc
V  [libjvm.dylib+0x480904]  JVM_DefineClassWithSource+0xf4
C  [libjava.dylib+0x3e20]  Java_java_lang_ClassLoader_defineClass1+0x24c
J 1055  java.lang.ClassLoader.defineClass1(Ljava/lang/ClassLoader;Ljava/lang/String;[BIILjava/security/ProtectionDomain;Ljava/lang/String;)Ljava/lang/Class; java.base@15.0.7 (0 bytes) @ 0x000000011569339c [0x00000001156932c0+0x00000000000000dc]
J 790 c1 sun.net.util.URLUtil.urlNoFragString(Ljava/net/URL;)Ljava/lang/String; java.base@15.0.7 (114 bytes) @ 0x000000010e2a14d4 [0x000000010e2a0940+0x0000000000000b94]
J 1365 c1 java.security.CodeSource.<init>(Ljava/net/URL;[Ljava/security/CodeSigner;)V java.base@15.0.7 (52 bytes) @ 0x000000010e41f728 [0x000000010e41f640+0x00000000000000e8]
J 1826 c1 jdk.internal.loader.BuiltinClassLoader.defineClass(Ljava/lang/String;Ljdk/internal/loader/Resource;)Ljava/lang/Class; java.base@15.0.7 (121 bytes) @ 0x000000010e5055f8 [0x000000010e505200+0x00000000000003f8]
J 1606 c1 jdk.internal.loader.BuiltinClassLoader.findClassOnClassPathOrNull(Ljava/lang/String;)Ljava/lang/Class; java.base@15.0.7 (64 bytes) @ 0x000000010e4abe58 [0x000000010e4abc40+0x0000000000000218]
J 629 c1 jdk.internal.loader.BuiltinClassLoader.loadClassOrNull(Ljava/lang/String;Z)Ljava/lang/Class; java.base@15.0.7 (143 bytes) @ 0x000000010e234f7c [0x000000010e2340c0+0x0000000000000ebc]
J 1510 c1 jdk.internal.loader.ClassLoaders$AppClassLoader.loadClass(Ljava/lang/String;Z)Ljava/lang/Class; java.base@15.0.7 (40 bytes) @ 0x000000010e483554 [0x000000010e483400+0x0000000000000154]
J 813 c1 java.lang.ClassLoader.loadClass(Ljava/lang/String;)Ljava/lang/Class; java.base@15.0.7 (7 bytes) @ 0x000000010e2abdf0 [0x000000010e2abcc0+0x0000000000000130]
v  ~StubRoutines::call_stub
V  [libjvm.dylib+0x3e00a4]  JavaCalls::call_helper(JavaValue*, methodHandle const&, JavaCallArguments*, Thread*)+0x324
V  [libjvm.dylib+0x3df17c]  JavaCalls::call_virtual(JavaValue*, Klass*, Symbol*, Symbol*, JavaCallArguments*, Thread*)+0xf8
V  [libjvm.dylib+0x3df2d4]  JavaCalls::call_virtual(JavaValue*, Handle, Klass*, Symbol*, Symbol*, Handle, Thread*)+0x68
V  [libjvm.dylib+0x8a08dc]  SystemDictionary::load_instance_class(Symbol*, Handle, Thread*)+0xf4
V  [libjvm.dylib+0x89f888]  SystemDictionary::resolve_instance_class_or_null(Symbol*, Handle, Handle, Thread*)+0x808
V  [libjvm.dylib+0x89ea70]  SystemDictionary::resolve_or_fail(Symbol*, Handle, Handle, bool, Thread*)+0x80
V  [libjvm.dylib+0x24e694]  ConstantPool::klass_at_impl(constantPoolHandle const&, int, bool, Thread*)+0x1c8
V  [libjvm.dylib+0x3d6844]  InterpreterRuntime::_new(JavaThread*, ConstantPool*, int)+0x60
j  org.apache.logging.log4j.MarkerManager.getMarker(Ljava/lang/String;)Lorg/apache/logging/log4j/Marker;+36
j  org.apache.logging.log4j.spi.AbstractLogger.<clinit>()V+6
v  ~StubRoutines::call_stub
V  [libjvm.dylib+0x3e00a4]  JavaCalls::call_helper(JavaValue*, methodHandle const&, JavaCallArguments*, Thread*)+0x324
V  [libjvm.dylib+0x3c2794]  InstanceKlass::call_class_initializer(Thread*)+0x1cc
V  [libjvm.dylib+0x3c1f98]  InstanceKlass::initialize_impl(Thread*)+0x53c
V  [libjvm.dylib+0x3c1d00]  InstanceKlass::initialize_impl(Thread*)+0x2a4
V  [libjvm.dylib+0x5f1c34]  LinkResolver::resolve_static_call(CallInfo&, LinkInfo const&, bool, Thread*)+0x78
V  [libjvm.dylib+0x5f3a54]  LinkResolver::resolve_invoke(CallInfo&, Handle, constantPoolHandle const&, int, Bytecodes::Code, Thread*)+0xac
V  [libjvm.dylib+0x3d9aa4]  InterpreterRuntime::resolve_invoke(JavaThread*, Bytecodes::Code)+0x250
V  [libjvm.dylib+0x3da0ac]  InterpreterRuntime::resolve_from_cache(JavaThread*, Bytecodes::Code)+0x7c
j  org.apache.logging.log4j.LogManager.<clinit>()V+4
v  ~StubRoutines::call_stub
V  [libjvm.dylib+0x3e00a4]  JavaCalls::call_helper(JavaValue*, methodHandle const&, JavaCallArguments*, Thread*)+0x324
V  [libjvm.dylib+0x3c2794]  InstanceKlass::call_class_initializer(Thread*)+0x1cc
V  [libjvm.dylib+0x3c1f98]  InstanceKlass::initialize_impl(Thread*)+0x53c
V  [libjvm.dylib+0x47f4e0]  JVM_FindClassFromCaller+0x328
C  [libjava.dylib+0x3a50]  Java_java_lang_Class_forName0+0x138
J 1680  java.lang.Class.forName0(Ljava/lang/String;ZLjava/lang/ClassLoader;Ljava/lang/Class;)Ljava/lang/Class; java.base@15.0.7 (0 bytes) @ 0x00000001156b6ef4 [0x00000001156b6e40+0x00000000000000b4]
C  0x00000007a0c3e848

Java frames: (J=compiled Java code, j=interpreted, Vv=VM code)
J 1055  java.lang.ClassLoader.defineClass1(Ljava/lang/ClassLoader;Ljava/lang/String;[BIILjava/security/ProtectionDomain;Ljava/lang/String;)Ljava/lang/Class; java.base@15.0.7 (0 bytes) @ 0x00000001156933a0 [0x00000001156932c0+0x00000000000000e0]
J 1590 c1 java.lang.ClassLoader.defineClass(Ljava/lang/String;[BIILjava/security/ProtectionDomain;)Ljava/lang/Class; java.base@15.0.7 (43 bytes) @ 0x000000010e4a6b10 [0x000000010e4a6a00+0x0000000000000110]
J 1589 c1 java.security.SecureClassLoader.defineClass(Ljava/lang/String;[BIILjava/security/CodeSource;)Ljava/lang/Class; java.base@15.0.7 (16 bytes) @ 0x000000010e4a65e8 [0x000000010e4a6540+0x00000000000000a8]
J 1826 c1 jdk.internal.loader.BuiltinClassLoader.defineClass(Ljava/lang/String;Ljdk/internal/loader/Resource;)Ljava/lang/Class; java.base@15.0.7 (121 bytes) @ 0x000000010e5055f8 [0x000000010e505200+0x00000000000003f8]
J 1606 c1 jdk.internal.loader.BuiltinClassLoader.findClassOnClassPathOrNull(Ljava/lang/String;)Ljava/lang/Class; java.base@15.0.7 (64 bytes) @ 0x000000010e4abe58 [0x000000010e4abc40+0x0000000000000218]
J 629 c1 jdk.internal.loader.BuiltinClassLoader.loadClassOrNull(Ljava/lang/String;Z)Ljava/lang/Class; java.base@15.0.7 (143 bytes) @ 0x000000010e234f7c [0x000000010e2340c0+0x0000000000000ebc]
J 1510 c1 jdk.internal.loader.ClassLoaders$AppClassLoader.loadClass(Ljava/lang/String;Z)Ljava/lang/Class; java.base@15.0.7 (40 bytes) @ 0x000000010e483554 [0x000000010e483400+0x0000000000000154]
J 813 c1 java.lang.ClassLoader.loadClass(Ljava/lang/String;)Ljava/lang/Class; java.base@15.0.7 (7 bytes) @ 0x000000010e2abdf0 [0x000000010e2abcc0+0x0000000000000130]
v  ~StubRoutines::call_stub
j  org.apache.logging.log4j.MarkerManager.getMarker(Ljava/lang/String;)Lorg/apache/logging/log4j/Marker;+36
j  org.apache.logging.log4j.spi.AbstractLogger.<clinit>()V+6
v  ~StubRoutines::call_stub
j  org.apache.logging.log4j.LogManager.<clinit>()V+4
v  ~StubRoutines::call_stub
J 1680  java.lang.Class.forName0(Ljava/lang/String;ZLjava/lang/ClassLoader;Ljava/lang/Class;)Ljava/lang/Class; java.base@15.0.7 (0 bytes) @ 0x00000001156b6ef8 [0x00000001156b6e40+0x00000000000000b8]
J 1760 c1 java.lang.Class.forName(Ljava/lang/String;ZLjava/lang/ClassLoader;)Ljava/lang/Class; java.base@15.0.7 (47 bytes) @ 0x000000010e4e6a4c [0x000000010e4e6940+0x000000000000010c]
j  org.jboss.logging.LoggerProviders.tryLog4j2(Ljava/lang/ClassLoader;Ljava/lang/String;)Lorg/jboss/logging/LoggerProvider;+21
j  org.jboss.logging.LoggerProviders.findProvider()Lorg/jboss/logging/LoggerProvider;+331
j  org.jboss.logging.LoggerProviders.find()Lorg/jboss/logging/LoggerProvider;+4
j  org.jboss.logging.LoggerProviders.<clinit>()V+4
v  ~StubRoutines::call_stub
j  org.jboss.logging.Logger.getLogger(Ljava/lang/String;)Lorg/jboss/logging/Logger;+4
j  org.jboss.logging.Logger.doGetMessageLogger(Ljava/lang/Class;Ljava/lang/String;Ljava/util/Locale;)Ljava/lang/Object;+517
j  org.jboss.logging.Logger.getMessageLogger(Ljava/lang/Class;Ljava/lang/String;Ljava/util/Locale;)Ljava/lang/Object;+19
j  org.jboss.logging.Logger.getMessageLogger(Ljava/lang/Class;Ljava/lang/String;)Ljava/lang/Object;+9
j  org.hibernate.validator.internal.util.logging.LoggerFactory.make(Ljava/lang/invoke/MethodHandles$Lookup;)Lorg/hibernate/validator/internal/util/logging/Log;+19
j  org.hibernate.validator.internal.util.Version.<clinit>()V+7
v  ~StubRoutines::call_stub
j  org.hibernate.validator.internal.engine.AbstractConfigurationImpl.<clinit>()V+39
v  ~StubRoutines::call_stub
j  org.hibernate.validator.HibernateValidator.createGenericConfiguration(Ljavax/validation/spi/BootstrapState;)Ljavax/validation/Configuration;+4
j  javax.validation.Validation$GenericBootstrapImpl.configure()Ljavax/validation/Configuration;+144
j  org.springframework.boot.autoconfigure.BackgroundPreinitializer$ValidationInitializer.run()V+7
j  org.springframework.boot.autoconfigure.BackgroundPreinitializer$1.runSafely(Ljava/lang/Runnable;)V+5
j  org.springframework.boot.autoconfigure.BackgroundPreinitializer$1.run()V+29
j  java.lang.Thread.run()V+11 java.base@15.0.7
v  ~StubRoutines::call_stub

siginfo: si_signo: 10 (SIGBUS), si_code: 1 (BUS_ADRALN), si_addr: 0x0000000115693258

Register to memory mapping:

 x0=0x00000001062c8148: _MergedGlobals+0 in /Users/hkpark02/Library/Java/JavaVirtualMachines/azul-15.0.7/Contents/Home/lib/server/libjvm.dylib at 0x000000010576c000
 x1=0x0000000115693110 is at entry_point+-432 in (nmethod*)0x0000000115693110
 x2=0x0000000105ffe068: _ZN21MarkActivationClosure12do_code_blobEP8CodeBlob+0 in /Users/hkpark02/Library/Java/JavaVirtualMachines/azul-15.0.7/Contents/Home/lib/server/libjvm.dylib at 0x000000010576c000
 x3=0x0000000fffffc088 points into unknown readable memory: 0xfffff3aa5f6869bd | bd 69 68 5f aa f3 ff ff
 x4=0x0000000000000372 is an unknown value
 x5=0x000000016f48e298 is pointing into the stack for thread: 0x000000014a309400
 x6=0x0000000100000008 is an unknown value
 x7=0x000000014a309400 is a thread
 x8=0x0000000106274000: _ZN12StubRoutines11_jbyte_fillE+0 in /Users/hkpark02/Library/Java/JavaVirtualMachines/azul-15.0.7/Contents/Home/lib/server/libjvm.dylib at 0x000000010576c000
 x9=0x00000000000001e0 is an unknown value
x10=0x0 is NULL
x11=0x0000000104b34000 points into unknown readable memory: 0x0100050403020100 | 00 01 02 03 04 05 00 01
x12=0x00000000000009e2 is an unknown value
x13=0x0 is NULL
x14=0x0 is NULL
x15=0x0000000000001cb3 is an unknown value
x16=0xffffffffffffffda is an unknown value
x17=0x0000600001df5ad0 points into unknown readable memory: 0x0000000000000000 | 00 00 00 00 00 00 00 00
x18=0x0 is NULL
x19=0x0000000115693110 is at entry_point+-432 in (nmethod*)0x0000000115693110
x20=0x000000014a309400 is a thread
x21=0x000000016f48dc00 is pointing into the stack for thread: 0x000000014a309400
x22=0x0000000106273ef8: _ZN12StubRoutines25_call_stub_return_addressE+0 in /Users/hkpark02/Library/Java/JavaVirtualMachines/azul-15.0.7/Contents/Home/lib/server/libjvm.dylib at 0x000000010576c000
x23=0x000000014a309854 points into unknown readable memory: 03 9b 00 00
x24=0x000000010620f000: _type2aelembytes+0x30 in /Users/hkpark02/Library/Java/JavaVirtualMachines/azul-15.0.7/Contents/Home/lib/server/libjvm.dylib at 0x000000010576c000
x25=0x000000010498f0d4: <offset 0x70d4> in /Users/hkpark02/Library/Java/JavaVirtualMachines/azul-15.0.7/Contents/Home/lib/libinstrument.dylib at 0x0000000104988000
x26=0x0 is NULL
x27=0x0000000000000006 is an unknown value
x28=0x0000000000000005 is an unknown value


Registers:
 x0=0x00000001062c8148  x1=0x0000000115693110  x2=0x0000000105ffe068  x3=0x0000000fffffc088
 x4=0x0000000000000372  x5=0x000000016f48e298  x6=0x0000000100000008  x7=0x000000014a309400
 x8=0x0000000106274000  x9=0x00000000000001e0 x10=0x0000000000000000 x11=0x0000000104b34000
x12=0x00000000000009e2 x13=0x0000000000000000 x14=0x0000000000000000 x15=0x0000000000001cb3
x16=0xffffffffffffffda x17=0x0000600001df5ad0 x18=0x0000000000000000 x19=0x0000000115693110
x20=0x000000014a309400 x21=0x000000016f48dc00 x22=0x0000000106273ef8 x23=0x000000014a309854
x24=0x000000010620f000 x25=0x000000010498f0d4 x26=0x0000000000000000 x27=0x0000000000000006
x28=0x0000000000000005  fp=0x000000016f48dbc0  lr=0x00000001060398e8  sp=0x000000016f48dbb0
pc=0x0000000105ffe0a4 cpsr=0x0000000080001000
Top of Stack: (sp=0x000000016f48dbb0)
0x000000016f48dbb0:   000000014a309400 00000001062c8148
0x000000016f48dbc0:   000000016f48e2b0 00000001060398e8
0x000000016f48dbd0:   000000016f48f110 00000001156933a0
0x000000016f48dbe0:   0000000115693110 0000000700000000
0x000000016f48dbf0:   0000000000000000 000000016f48f110
0x000000016f48dc00:   0000000000000000 0000000000000000
0x000000016f48dc10:   00000021000017b5 00000007a34187d0
0x000000016f48dc20:   0000000000000000 0000000000000000
0x000000016f48dc30:   0000000000000000 0000000000000000
0x000000016f48dc40:   0000000400000044 00000007a345d4d8
0x000000016f48dc50:   00000007a34145e8 0000001200001217
0x000000016f48dc60:   00000007a345d550 0000122700000004
0x000000016f48dc70:   0000000000000012 00000001000017b5
0x000000016f48dc80:   0000000000000000 0000000200000779
0x000000016f48dc90:   000000070000122f 00000007a3414058
0x000000016f48dca0:   0000002100000000 0000000000000000
0x000000016f48dcb0:   0000000000000049 000000a800000000
0x000000016f48dcc0:   0000000200000970 000000010e3b5324
0x000000016f48dcd0:   000000000000122f 0000000000000779
0x000000016f48dce0:   00000007a3416920 00000007a3413eb8
0x000000016f48dcf0:   000000016f48e180 000000010e47c8b8
0x000000016f48dd00:   000000016f48e180 000000010e41651c
0x000000016f48dd10:   0000000700000032 0000000000000000
0x000000016f48dd20:   000000016f48e180 000000010e325138
0x000000016f48dd30:   0000000000000000 00000007a345dd78
0x000000016f48dd40:   0000000100000002 00000007a3414680
0x000000016f48dd50:   00000007a345d4d8 00000007a345d550
0x000000016f48dd60:   0000000100000000 0000000100000000
0x000000016f48dd70:   00000007a3417088 000009ce00000000
0x000000016f48dd80:   0000000700000000 000000010e304638
0x000000016f48dd90:   000000016f48e180 000000010e42ee88
0x000000016f48dda0:   00000007a34145e8 0000000000000000 

Instructions: (pc=0x0000000105ffe0a4)
0x0000000105ffdfa4:   91203421 aa1303e0 97fa2d75 f00013a8
0x0000000105ffdfb4:   fd417d00 5e61d800 d2d09008 f2e825c8
0x0000000105ffdfc4:   9e670101 1e611800 fd0003e0 90000a21
0x0000000105ffdfd4:   9120b021 aa1303e0 97fa2d69 f00013a8
0x0000000105ffdfe4:   f9415908 f90003e8 90000a21 91216421
0x0000000105ffdff4:   aa1303e0 97fa2d62 f00013a8 f9417108
0x0000000105ffe004:   d00013a9 f9417529 a90027e8 f0000a01
0x0000000105ffe014:   91220021 aa1303e0 97fa2d59 d00013a8
0x0000000105ffe024:   f9417908 d34afd08 f90003e8 f0000a01
0x0000000105ffe034:   91230021 aa1303e0 97fa2d51 aa1403e0
0x0000000105ffe044:   a9427bfd a9414ff4 9100c3ff 17fa37bc
0x0000000105ffe054:   a9bf7bfd 910003fd d2800000 a8c17bfd
0x0000000105ffe064:   d65f03c0 a9be4ff4 a9017bfd 910043fd
0x0000000105ffe074:   aa0103f3 d00013a8 b942d909 35000129
0x0000000105ffe084:   b0001089 d503201f f9425929 d354fd2a
0x0000000105ffe094:   531f794a f144013f 1a9f2549 b902d909
0x0000000105ffe0a4:   b9014a69 f9400268 f9404108 aa1303e0
0x0000000105ffe0b4:   d63f0100 340000a0 aa1303e0 a9417bfd
0x0000000105ffe0c4:   a8c24ff4 17f957d3 a9417bfd a8c24ff4
0x0000000105ffe0d4:   d65f03c0 a9bf7bfd 910003fd d00013a8
0x0000000105ffe0e4:   b942d909 34000089 b9014829 a8c17bfd
0x0000000105ffe0f4:   d65f03c0 b0001089 d503201f f9425929
0x0000000105ffe104:   d354fd2a 531f794a f144013f 1a9f2549
0x0000000105ffe114:   b902d909 b9014829 a8c17bfd d65f03c0
0x0000000105ffe124:   a9be4ff4 a9017bfd 910043fd aa0103f3
0x0000000105ffe134:   aa0003f4 f9400028 f9402108 aa0103e0
0x0000000105ffe144:   d63f0100 340000c0 f9400268 f9402908
0x0000000105ffe154:   aa1303e0 d63f0100 36000080 a9417bfd
0x0000000105ffe164:   a8c24ff4 d65f03c0 f9400a81 f9400268
0x0000000105ffe174:   f9406d02 aa1303e0 a9417bfd a8c24ff4
0x0000000105ffe184:   d61f0040 a9bc5ff8 a90157f6 a9024ff4
0x0000000105ffe194:   a9037bfd 9100c3fd 39404008 34000288 


Stack slot to memory mapping:
stack at sp + 0 slots: 0x000000014a309400 is a thread
stack at sp + 1 slots: 0x00000001062c8148: _MergedGlobals+0 in /Users/hkpark02/Library/Java/JavaVirtualMachines/azul-15.0.7/Contents/Home/lib/server/libjvm.dylib at 0x000000010576c000
stack at sp + 2 slots: 0x000000016f48e2b0 is pointing into the stack for thread: 0x000000014a309400
stack at sp + 3 slots: 0x00000001060398e8: _ZN10JavaThread11nmethods_doEP15CodeBlobClosure+0x80 in /Users/hkpark02/Library/Java/JavaVirtualMachines/azul-15.0.7/Contents/Home/lib/server/libjvm.dylib at 0x000000010576c000
stack at sp + 4 slots: 0x000000016f48f110 is pointing into the stack for thread: 0x000000014a309400
stack at sp + 5 slots: 0x00000001156933a0 is at entry_point+224 in (nmethod*)0x0000000115693110
stack at sp + 6 slots: 0x0000000115693110 is at entry_point+-432 in (nmethod*)0x0000000115693110
stack at sp + 7 slots: 0x0000000700000000 is an unknown value


---------------  P R O C E S S  ---------------

Threads class SMR info:
_java_thread_list=0x000060000132b780, length=15, elements={
0x000000014c008800, 0x000000014b818e00, 0x000000014b819400, 0x000000014a00ca00,
0x000000014b819a00, 0x000000014b824000, 0x000000014b826a00, 0x000000014b827200,
0x000000014a80a400, 0x000000014ba51400, 0x000000014bc7f600, 0x000000014ac91600,
0x000000014ac92800, 0x000000014a308e00, 0x000000014a309400
}

Java Threads: ( => current thread )
  0x000000014c008800 JavaThread "main" [_thread_blocked, id=5379, stack(0x000000016b61c000,0x000000016b81f000)]
  0x000000014b818e00 JavaThread "Reference Handler" daemon [_thread_blocked, id=17155, stack(0x000000016c470000,0x000000016c673000)]
  0x000000014b819400 JavaThread "Finalizer" daemon [_thread_blocked, id=17411, stack(0x000000016c67c000,0x000000016c87f000)]
  0x000000014a00ca00 JavaThread "Signal Dispatcher" daemon [_thread_blocked, id=22787, stack(0x000000016c9a0000,0x000000016cba3000)]
  0x000000014b819a00 JavaThread "Service Thread" daemon [_thread_blocked, id=23043, stack(0x000000016cbac000,0x000000016cdaf000)]
  0x000000014b824000 JavaThread "C2 CompilerThread0" daemon [_thread_in_native, id=23555, stack(0x000000016cdb8000,0x000000016cfbb000)]
  0x000000014b826a00 JavaThread "C1 CompilerThread0" daemon [_thread_blocked, id=29187, stack(0x000000016cfc4000,0x000000016d1c7000)]
  0x000000014b827200 JavaThread "Sweeper thread" daemon [_thread_blocked, id=28419, stack(0x000000016d1d0000,0x000000016d3d3000)]
  0x000000014a80a400 JavaThread "Common-Cleaner" daemon [_thread_blocked, id=27651, stack(0x000000016d3dc000,0x000000016d5df000)]
  0x000000014ba51400 JavaThread "Notification Thread" daemon [_thread_blocked, id=24579, stack(0x000000016d5e8000,0x000000016d7eb000)]
  0x000000014bc7f600 JavaThread "Test worker" [_thread_in_Java, id=33795, stack(0x000000016e43c000,0x000000016e63f000)]
  0x000000014ac91600 JavaThread "/127.0.0.1:61367 to /127.0.0.1:61366 workers Thread 2" [_thread_blocked, id=42243, stack(0x000000016e648000,0x000000016e84b000)]
  0x000000014ac92800 JavaThread "/127.0.0.1:61367 to /127.0.0.1:61366 workers Thread 3" [_thread_in_native, id=34563, stack(0x000000016e854000,0x000000016ea57000)]
  0x000000014a308e00 JavaThread "ASYNC_AWS_LOGS Async Worker" daemon [_thread_blocked, id=40195, stack(0x000000016f084000,0x000000016f287000)]
=>0x000000014a309400 JavaThread "background-preinit" [_thread_in_vm, id=39427, stack(0x000000016f290000,0x000000016f493000)]

Other Threads:
  0x000000014b105470 VMThread "VM Thread" [stack: 0x000000016c264000,0x000000016c467000] [id=20739] _threads_hazard_ptr=0x000060000132b780
  0x000000014b0243c0 WatcherThread [stack: 0x000000016d7f4000,0x000000016d9f7000] [id=24835]
  0x000000014b007730 GCTaskThread "GC Thread#0" [stack: 0x000000016b828000,0x000000016ba2b000] [id=14339]
  0x0000000139e1bb30 GCTaskThread "GC Thread#1" [stack: 0x000000016da00000,0x000000016dc03000] [id=26371]
  0x0000000139e1c1f0 GCTaskThread "GC Thread#2" [stack: 0x000000016dc0c000,0x000000016de0f000] [id=26115]
  0x0000000139e1c8b0 GCTaskThread "GC Thread#3" [stack: 0x000000016de18000,0x000000016e01b000] [id=25603]
  0x0000000139e1d360 GCTaskThread "GC Thread#4" [stack: 0x000000016e024000,0x000000016e227000] [id=32771]
  0x0000000139e1de10 GCTaskThread "GC Thread#5" [stack: 0x000000016e230000,0x000000016e433000] [id=33027]
  0x000000014b11b990 GCTaskThread "GC Thread#6" [stack: 0x000000016ea60000,0x000000016ec63000] [id=41219]
  0x000000014b11c100 GCTaskThread "GC Thread#7" [stack: 0x000000016ec6c000,0x000000016ee6f000] [id=40963]
  0x000000014b008020 ConcurrentGCThread "G1 Main Marker" [stack: 0x000000016ba34000,0x000000016bc37000] [id=13059]
  0x000000014b008af0 ConcurrentGCThread "G1 Conc#0" [stack: 0x000000016bc40000,0x000000016be43000] [id=13827]
  0x0000000149f1f080 ConcurrentGCThread "G1 Conc#1" [stack: 0x000000016ee78000,0x000000016f07b000] [id=35075]
  0x000000014b01cc20 ConcurrentGCThread "G1 Refine#0" [stack: 0x000000016be4c000,0x000000016c04f000] [id=21507]
  0x000000014b01d700 ConcurrentGCThread "G1 Young RemSet Sampling" [stack: 0x000000016c058000,0x000000016c25b000] [id=16899]

Threads with active compile tasks:
C2 CompilerThread0     1471 1927       4       org.jacoco.agent.rt.internal_f3994fa.asm.Type::getDescriptor (93 bytes)

VM state: not at safepoint (normal execution)

VM Mutex/Monitor currently owned by a thread:  ([mutex/lock_event])
[0x00006000037bcb40] ProtectionDomainSet_lock - owner thread: 0x0000000000000000

Heap address: 0x00000007a0000000, size: 512 MB, Compressed Oops mode: Zero based, Oop shift amount: 3
Compressed class space mapped at: 0x0000000300000000-0x0000000340000000, size: 1073741824
Narrow klass base: 0x0000000000000000, Narrow klass shift: 3, Narrow klass range: 0x340000000

GC Precious Log:
 CPUs: 8 total, 8 available
 Memory: 16384M
 Large Page Support: Disabled
 NUMA Support: Disabled
 Compressed Oops: Enabled (Zero based)
 Heap Region Size: 1M
 Heap Min Capacity: 8M
 Heap Initial Capacity: 256M
 Heap Max Capacity: 512M
 Pre-touch: Disabled
 Parallel Workers: 8
 Concurrent Workers: 2
 Concurrent Refinement Workers: 8
 Periodic GC: Disabled

Heap:
 garbage-first heap   total 66560K, used 34507K [0x00000007a0000000, 0x00000007c0000000)
  region size 1024K, 21 young (21504K), 4 survivors (4096K)
 Metaspace       used 30537K, capacity 30998K, committed 31216K, reserved 1077248K
  class space    used 3336K, capacity 3467K, committed 3568K, reserved 1048576K

Heap Regions: E=young(eden), S=young(survivor), O=old, HS=humongous(starts), HC=humongous(continues), CS=collection set, F=free, OA=open archive, CA=closed archive, TAMS=top-at-mark-start (previous, next)
|   0|0x00000007a0000000, 0x00000007a0100000, 0x00000007a0100000|100%|HS|  |TAMS 0x00000007a0100000, 0x00000007a0000000| Complete 
|   1|0x00000007a0100000, 0x00000007a0200000, 0x00000007a0200000|100%|HS|  |TAMS 0x00000007a0200000, 0x00000007a0100000| Complete 
|   2|0x00000007a0200000, 0x00000007a0300000, 0x00000007a0300000|100%| O|  |TAMS 0x00000007a0300000, 0x00000007a0200000| Untracked 
|   3|0x00000007a0300000, 0x00000007a0400000, 0x00000007a0400000|100%| O|  |TAMS 0x00000007a0400000, 0x00000007a0300000| Untracked 
|   4|0x00000007a0400000, 0x00000007a0500000, 0x00000007a0500000|100%| O|  |TAMS 0x00000007a0500000, 0x00000007a0400000| Untracked 
|   5|0x00000007a0500000, 0x00000007a0600000, 0x00000007a0600000|100%| O|  |TAMS 0x00000007a0600000, 0x00000007a0500000| Untracked 
|   6|0x00000007a0600000, 0x00000007a0700000, 0x00000007a0700000|100%| O|  |TAMS 0x00000007a0700000, 0x00000007a0600000| Untracked 
|   7|0x00000007a0700000, 0x00000007a0800000, 0x00000007a0800000|100%| O|  |TAMS 0x00000007a0800000, 0x00000007a0700000| Untracked 
|   8|0x00000007a0800000, 0x00000007a0900000, 0x00000007a0900000|100%| O|  |TAMS 0x00000007a0900000, 0x00000007a0800000| Untracked 
|   9|0x00000007a0900000, 0x00000007a0a00000, 0x00000007a0a00000|100%| O|  |TAMS 0x00000007a0a00000, 0x00000007a0900000| Untracked 
|  10|0x00000007a0a00000, 0x00000007a0b00000, 0x00000007a0b00000|100%| O|  |TAMS 0x00000007a0b00000, 0x00000007a0a00000| Untracked 
|  11|0x00000007a0b00000, 0x00000007a0c00000, 0x00000007a0c00000|100%| O|  |TAMS 0x00000007a0c00000, 0x00000007a0b00000| Untracked 
|  12|0x00000007a0c00000, 0x00000007a0c4dc00, 0x00000007a0d00000| 30%| O|  |TAMS 0x00000007a0c4dc00, 0x00000007a0c00000| Untracked 
|  13|0x00000007a0d00000, 0x00000007a0e00000, 0x00000007a0e00000|100%| O|  |TAMS 0x00000007a0d00000, 0x00000007a0d00000| Untracked 
|  14|0x00000007a0e00000, 0x00000007a0f00000, 0x00000007a0f00000|100%| O|  |TAMS 0x00000007a0e00000, 0x00000007a0e00000| Untracked 
|  15|0x00000007a0f00000, 0x00000007a1000000, 0x00000007a1000000|100%| O|  |TAMS 0x00000007a0f00000, 0x00000007a0f00000| Untracked 
|  16|0x00000007a1000000, 0x00000007a1030800, 0x00000007a1100000| 18%| O|  |TAMS 0x00000007a1000000, 0x00000007a1000000| Untracked 
|  17|0x00000007a1100000, 0x00000007a1100000, 0x00000007a1200000|  0%| F|  |TAMS 0x00000007a1100000, 0x00000007a1100000| Untracked 
|  18|0x00000007a1200000, 0x00000007a1200000, 0x00000007a1300000|  0%| F|  |TAMS 0x00000007a1200000, 0x00000007a1200000| Untracked 
|  19|0x00000007a1300000, 0x00000007a1300000, 0x00000007a1400000|  0%| F|  |TAMS 0x00000007a1300000, 0x00000007a1300000| Untracked 
|  20|0x00000007a1400000, 0x00000007a1400000, 0x00000007a1500000|  0%| F|  |TAMS 0x00000007a1400000, 0x00000007a1400000| Untracked 
|  21|0x00000007a1500000, 0x00000007a1500000, 0x00000007a1600000|  0%| F|  |TAMS 0x00000007a1500000, 0x00000007a1500000| Untracked 
|  22|0x00000007a1600000, 0x00000007a1600000, 0x00000007a1700000|  0%| F|  |TAMS 0x00000007a1600000, 0x00000007a1600000| Untracked 
|  23|0x00000007a1700000, 0x00000007a1700000, 0x00000007a1800000|  0%| F|  |TAMS 0x00000007a1700000, 0x00000007a1700000| Untracked 
|  24|0x00000007a1800000, 0x00000007a1800000, 0x00000007a1900000|  0%| F|  |TAMS 0x00000007a1800000, 0x00000007a1800000| Untracked 
|  25|0x00000007a1900000, 0x00000007a1900000, 0x00000007a1a00000|  0%| F|  |TAMS 0x00000007a1900000, 0x00000007a1900000| Untracked 
|  26|0x00000007a1a00000, 0x00000007a1a00000, 0x00000007a1b00000|  0%| F|  |TAMS 0x00000007a1a00000, 0x00000007a1a00000| Untracked 
|  27|0x00000007a1b00000, 0x00000007a1b34ae0, 0x00000007a1c00000| 20%| S|CS|TAMS 0x00000007a1b00000, 0x00000007a1b00000| Complete 
|  28|0x00000007a1c00000, 0x00000007a1d00000, 0x00000007a1d00000|100%| S|CS|TAMS 0x00000007a1c00000, 0x00000007a1c00000| Complete 
|  29|0x00000007a1d00000, 0x00000007a1e00000, 0x00000007a1e00000|100%| S|CS|TAMS 0x00000007a1d00000, 0x00000007a1d00000| Complete 
|  30|0x00000007a1e00000, 0x00000007a1f00000, 0x00000007a1f00000|100%| S|CS|TAMS 0x00000007a1e00000, 0x00000007a1e00000| Complete 
|  31|0x00000007a1f00000, 0x00000007a1f00000, 0x00000007a2000000|  0%| F|  |TAMS 0x00000007a1f00000, 0x00000007a1f00000| Untracked 
|  32|0x00000007a2000000, 0x00000007a2000000, 0x00000007a2100000|  0%| F|  |TAMS 0x00000007a2000000, 0x00000007a2000000| Untracked 
|  33|0x00000007a2100000, 0x00000007a2100000, 0x00000007a2200000|  0%| F|  |TAMS 0x00000007a2100000, 0x00000007a2100000| Untracked 
|  34|0x00000007a2200000, 0x00000007a2200000, 0x00000007a2300000|  0%| F|  |TAMS 0x00000007a2200000, 0x00000007a2200000| Untracked 
|  35|0x00000007a2300000, 0x00000007a2300000, 0x00000007a2400000|  0%| F|  |TAMS 0x00000007a2300000, 0x00000007a2300000| Untracked 
|  36|0x00000007a2400000, 0x00000007a2400000, 0x00000007a2500000|  0%| F|  |TAMS 0x00000007a2400000, 0x00000007a2400000| Untracked 
|  37|0x00000007a2500000, 0x00000007a2500000, 0x00000007a2600000|  0%| F|  |TAMS 0x00000007a2500000, 0x00000007a2500000| Untracked 
|  38|0x00000007a2600000, 0x00000007a2600000, 0x00000007a2700000|  0%| F|  |TAMS 0x00000007a2600000, 0x00000007a2600000| Untracked 
|  39|0x00000007a2700000, 0x00000007a2700000, 0x00000007a2800000|  0%| F|  |TAMS 0x00000007a2700000, 0x00000007a2700000| Untracked 
|  40|0x00000007a2800000, 0x00000007a2800000, 0x00000007a2900000|  0%| F|  |TAMS 0x00000007a2800000, 0x00000007a2800000| Untracked 
|  41|0x00000007a2900000, 0x00000007a2900000, 0x00000007a2a00000|  0%| F|  |TAMS 0x00000007a2900000, 0x00000007a2900000| Untracked 
|  42|0x00000007a2a00000, 0x00000007a2a00000, 0x00000007a2b00000|  0%| F|  |TAMS 0x00000007a2a00000, 0x00000007a2a00000| Untracked 
|  43|0x00000007a2b00000, 0x00000007a2b00000, 0x00000007a2c00000|  0%| F|  |TAMS 0x00000007a2b00000, 0x00000007a2b00000| Untracked 
|  44|0x00000007a2c00000, 0x00000007a2c00000, 0x00000007a2d00000|  0%| F|  |TAMS 0x00000007a2c00000, 0x00000007a2c00000| Untracked 
|  45|0x00000007a2d00000, 0x00000007a2d00000, 0x00000007a2e00000|  0%| F|  |TAMS 0x00000007a2d00000, 0x00000007a2d00000| Untracked 
|  46|0x00000007a2e00000, 0x00000007a2e00000, 0x00000007a2f00000|  0%| F|  |TAMS 0x00000007a2e00000, 0x00000007a2e00000| Untracked 
|  47|0x00000007a2f00000, 0x00000007a2f00000, 0x00000007a3000000|  0%| F|  |TAMS 0x00000007a2f00000, 0x00000007a2f00000| Untracked 
|  48|0x00000007a3000000, 0x00000007a307fe00, 0x00000007a3100000| 49%| E|  |TAMS 0x00000007a3000000, 0x00000007a3000000| Complete 
|  49|0x00000007a3100000, 0x00000007a3200000, 0x00000007a3200000|100%| E|CS|TAMS 0x00000007a3100000, 0x00000007a3100000| Complete 
|  50|0x00000007a3200000, 0x00000007a3300000, 0x00000007a3300000|100%| E|CS|TAMS 0x00000007a3200000, 0x00000007a3200000| Complete 
|  51|0x00000007a3300000, 0x00000007a3400000, 0x00000007a3400000|100%| E|  |TAMS 0x00000007a3300000, 0x00000007a3300000| Complete 
|  52|0x00000007a3400000, 0x00000007a3500000, 0x00000007a3500000|100%| E|CS|TAMS 0x00000007a3400000, 0x00000007a3400000| Complete 
|  53|0x00000007a3500000, 0x00000007a3600000, 0x00000007a3600000|100%| E|CS|TAMS 0x00000007a3500000, 0x00000007a3500000| Complete 
|  54|0x00000007a3600000, 0x00000007a3700000, 0x00000007a3700000|100%| E|CS|TAMS 0x00000007a3600000, 0x00000007a3600000| Complete 
|  55|0x00000007a3700000, 0x00000007a3800000, 0x00000007a3800000|100%| E|CS|TAMS 0x00000007a3700000, 0x00000007a3700000| Complete 
|  56|0x00000007a3800000, 0x00000007a3900000, 0x00000007a3900000|100%| E|CS|TAMS 0x00000007a3800000, 0x00000007a3800000| Complete 
|  57|0x00000007a3900000, 0x00000007a3a00000, 0x00000007a3a00000|100%| E|CS|TAMS 0x00000007a3900000, 0x00000007a3900000| Complete 
|  58|0x00000007a3a00000, 0x00000007a3b00000, 0x00000007a3b00000|100%| E|CS|TAMS 0x00000007a3a00000, 0x00000007a3a00000| Complete 
|  59|0x00000007a3b00000, 0x00000007a3c00000, 0x00000007a3c00000|100%| E|CS|TAMS 0x00000007a3b00000, 0x00000007a3b00000| Complete 
| 173|0x00000007aad00000, 0x00000007aae00000, 0x00000007aae00000|100%| E|CS|TAMS 0x00000007aad00000, 0x00000007aad00000| Complete 
| 174|0x00000007aae00000, 0x00000007aaf00000, 0x00000007aaf00000|100%| E|CS|TAMS 0x00000007aae00000, 0x00000007aae00000| Complete 
| 175|0x00000007aaf00000, 0x00000007ab000000, 0x00000007ab000000|100%| E|CS|TAMS 0x00000007aaf00000, 0x00000007aaf00000| Complete 
| 176|0x00000007ab000000, 0x00000007ab100000, 0x00000007ab100000|100%| E|CS|TAMS 0x00000007ab000000, 0x00000007ab000000| Complete 
| 255|0x00000007aff00000, 0x00000007b0000000, 0x00000007b0000000|100%| E|CS|TAMS 0x00000007aff00000, 0x00000007aff00000| Complete 

Card table byte_map: [0x0000000104d20000,0x0000000104e20000] _byte_map_base: 0x0000000101020000

Marking Bits (Prev, Next): (CMBitMap*) 0x000000014c028650, (CMBitMap*) 0x000000014c028610
 Prev Bits: [0x000000011cb7c000, 0x000000011d37c000)
 Next Bits: [0x0000000104f20000, 0x0000000105720000)

Polling page: 0x00000001048c8000

Metaspace:

Usage:
  Non-class:     26.89 MB capacity,    26.57 MB ( 99%) used,   280.11 KB (  1%) free+waste,    46.31 KB ( <1%) overhead. 
      Class:      3.39 MB capacity,     3.26 MB ( 96%) used,   112.52 KB (  3%) free+waste,    17.50 KB ( <1%) overhead. 
       Both:     30.27 MB capacity,    29.83 MB ( 99%) used,   392.63 KB (  1%) free+waste,    63.81 KB ( <1%) overhead. 

Virtual space:
  Non-class space:       28.00 MB reserved,      27.00 MB ( 96%) committed 
      Class space:        1.00 GB reserved,       3.48 MB ( <1%) committed 
             Both:        1.03 GB reserved,      30.48 MB (  3%) committed 

Chunk freelists:
   Non-Class:  53.00 KB
       Class:  21.00 KB
        Both:  74.00 KB

MaxMetaspaceSize: unlimited
CompressedClassSpaceSize: 1.00 GB

CodeHeap 'non-profiled nmethods': size=120032Kb used=1032Kb max_used=1032Kb free=118999Kb
 bounds [0x0000000115644000, 0x00000001158b4000, 0x000000011cb7c000]
CodeHeap 'profiled nmethods': size=120016Kb used=6315Kb max_used=6315Kb free=113700Kb
 bounds [0x000000010e110000, 0x000000010e740000, 0x0000000115644000]
CodeHeap 'non-nmethods': size=5712Kb used=1161Kb max_used=1303Kb free=4550Kb
 bounds [0x000000010db7c000, 0x000000010ddec000, 0x000000010e110000]
 total_blobs=3393 nmethods=2944 adapters=365
 compilation: enabled
              stopped_count=0, restarted_count=0
 full_count=0

Compilation events (20 events):
Event: 1.434 Thread 0x000000014b824000 1341       4       org.jacoco.agent.rt.internal_f3994fa.asm.tree.LabelNode::getLabel (23 bytes)
Event: 1.437 Thread 0x000000014b824000 nmethod 1341 0x000000011573fc10 code [0x000000011573fdc0, 0x000000011573fff0]
Event: 1.437 Thread 0x000000014b824000 1182       4       java.lang.String::indexOf (29 bytes)
Event: 1.439 Thread 0x000000014b824000 nmethod 1182 0x0000000115740090 code [0x0000000115740240, 0x00000001157404f0]
Event: 1.439 Thread 0x000000014b824000 3094       4       org.jacoco.agent.rt.internal_f3994fa.asm.commons.AnalyzerAdapter::pop (94 bytes)
Event: 1.445 Thread 0x000000014b824000 nmethod 3094 0x0000000115740690 code [0x0000000115740940, 0x0000000115741310]
Event: 1.445 Thread 0x000000014b824000 3098       4       jdk.internal.jimage.ImageStringsReader::unmaskedHashCode (173 bytes)
Event: 1.447 Thread 0x000000014b824000 nmethod 3098 0x0000000115741a10 code [0x0000000115741bc0, 0x0000000115741eb0]
Event: 1.447 Thread 0x000000014b824000 3097       4       org.jacoco.agent.rt.internal_f3994fa.asm.tree.MethodNode::getLabelNodes (55 bytes)
Event: 1.451 Thread 0x000000014b824000 nmethod 3097 0x0000000115742010 code [0x0000000115742200, 0x0000000115742860]
Event: 1.451 Thread 0x000000014b824000 1339       4       org.jacoco.agent.rt.internal_f3994fa.asm.tree.MethodNode::getLabelNode (29 bytes)
Event: 1.452 Thread 0x000000014b824000 nmethod 1339 0x0000000115742a90 code [0x0000000115742c40, 0x0000000115742ef0]
Event: 1.452 Thread 0x000000014b824000 2281       4       org.jacoco.agent.rt.internal_f3994fa.core.internal.flow.LabelInfo::get (21 bytes)
Event: 1.452 Thread 0x000000014b824000 nmethod 2281 0x0000000115743010 code [0x00000001157431c0, 0x0000000115743280]
Event: 1.452 Thread 0x000000014b824000 2269       4       java.lang.AbstractStringBuilder::isLatin1 (19 bytes)
Event: 1.452 Thread 0x000000014b824000 nmethod 2269 0x0000000115743390 code [0x0000000115743500, 0x00000001157435a0]
Event: 1.452 Thread 0x000000014b824000 1460       4       org.jacoco.agent.rt.internal_f3994fa.core.internal.instr.DuplicateFrameEliminator::visitVarInsn (15 bytes)
Event: 1.454 Thread 0x000000014b826a00 3102       2       org.jacoco.agent.rt.internal_f3994fa.asm.FieldWriter::visitAnnotation (40 bytes)
Event: 1.454 Thread 0x000000014b826a00 nmethod 3102 0x000000010e738810 code [0x000000010e7389c0, 0x000000010e738c48]
Event: 1.457 Thread 0x000000014b824000 nmethod 1460 0x0000000115743690 code [0x0000000115743940, 0x0000000115744470]

GC Heap History (16 events):
Event: 0.492 GC heap before
{Heap before GC invocations=0 (full 0):
 garbage-first heap   total 262144K, used 24576K [0x00000007a0000000, 0x00000007c0000000)
  region size 1024K, 23 young (23552K), 0 survivors (0K)
 Metaspace       used 9366K, capacity 9559K, committed 9728K, reserved 1058816K
  class space    used 851K, capacity 925K, committed 1024K, reserved 1048576K
}
Event: 0.494 GC heap after
{Heap after GC invocations=1 (full 0):
 garbage-first heap   total 262144K, used 12571K [0x00000007a0000000, 0x00000007c0000000)
  region size 1024K, 3 young (3072K), 3 survivors (3072K)
 Metaspace       used 9366K, capacity 9559K, committed 9728K, reserved 1058816K
  class space    used 851K, capacity 925K, committed 1024K, reserved 1048576K
}
Event: 0.637 GC heap before
{Heap before GC invocations=1 (full 0):
 garbage-first heap   total 262144K, used 36123K [0x00000007a0000000, 0x00000007c0000000)
  region size 1024K, 26 young (26624K), 3 survivors (3072K)
 Metaspace       used 13453K, capacity 13730K, committed 14080K, reserved 1062912K
  class space    used 1326K, capacity 1433K, committed 1536K, reserved 1048576K
}
Event: 0.639 GC heap after
{Heap after GC invocations=2 (full 0):
 garbage-first heap   total 262144K, used 14107K [0x00000007a0000000, 0x00000007c0000000)
  region size 1024K, 2 young (2048K), 2 survivors (2048K)
 Metaspace       used 13453K, capacity 13730K, committed 14080K, reserved 1062912K
  class space    used 1326K, capacity 1433K, committed 1536K, reserved 1048576K
}
Event: 0.794 GC heap before
{Heap before GC invocations=2 (full 0):
 garbage-first heap   total 262144K, used 57115K [0x00000007a0000000, 0x00000007c0000000)
  region size 1024K, 44 young (45056K), 2 survivors (2048K)
 Metaspace       used 16661K, capacity 17032K, committed 17280K, reserved 1064960K
  class space    used 1739K, capacity 1846K, committed 1920K, reserved 1048576K
}
Event: 0.796 GC heap after
{Heap after GC invocations=3 (full 0):
 garbage-first heap   total 262144K, used 15045K [0x00000007a0000000, 0x00000007c0000000)
  region size 1024K, 3 young (3072K), 3 survivors (3072K)
 Metaspace       used 16661K, capacity 17032K, committed 17280K, reserved 1064960K
  class space    used 1739K, capacity 1846K, committed 1920K, reserved 1048576K
}
Event: 1.035 GC heap before
{Heap before GC invocations=3 (full 0):
 garbage-first heap   total 262144K, used 91845K [0x00000007a0000000, 0x00000007c0000000)
  region size 1024K, 79 young (80896K), 3 survivors (3072K)
 Metaspace       used 20911K, capacity 21218K, committed 21248K, reserved 1069056K
  class space    used 2200K, capacity 2278K, committed 2304K, reserved 1048576K
}
Event: 1.037 GC heap after
{Heap after GC invocations=4 (full 0):
 garbage-first heap   total 262144K, used 16070K [0x00000007a0000000, 0x00000007c0000000)
  region size 1024K, 4 young (4096K), 4 survivors (4096K)
 Metaspace       used 20911K, capacity 21218K, committed 21248K, reserved 1069056K
  class space    used 2200K, capacity 2278K, committed 2304K, reserved 1048576K
}
Event: 1.157 GC heap before
{Heap before GC invocations=5 (full 0):
 garbage-first heap   total 61440K, used 60102K [0x00000007a0000000, 0x00000007c0000000)
  region size 1024K, 47 young (48128K), 4 survivors (4096K)
 Metaspace       used 23822K, capacity 24181K, committed 24432K, reserved 1071104K
  class space    used 2511K, capacity 2604K, committed 2672K, reserved 1048576K
}
Event: 1.159 GC heap after
{Heap after GC invocations=6 (full 0):
 garbage-first heap   total 66560K, used 16839K [0x00000007a0000000, 0x00000007c0000000)
  region size 1024K, 5 young (5120K), 5 survivors (5120K)
 Metaspace       used 23822K, capacity 24181K, committed 24432K, reserved 1071104K
  class space    used 2511K, capacity 2604K, committed 2672K, reserved 1048576K
}
Event: 1.240 GC heap before
{Heap before GC invocations=6 (full 0):
 garbage-first heap   total 66560K, used 46535K [0x00000007a0000000, 0x00000007c0000000)
  region size 1024K, 34 young (34816K), 5 survivors (5120K)
 Metaspace       used 25366K, capacity 25736K, committed 25968K, reserved 1073152K
  class space    used 2706K, capacity 2802K, committed 2928K, reserved 1048576K
}
Event: 1.243 GC heap after
{Heap after GC invocations=7 (full 0):
 garbage-first heap   total 66560K, used 17470K [0x00000007a0000000, 0x00000007c0000000)
  region size 1024K, 3 young (3072K), 3 survivors (3072K)
 Metaspace       used 25366K, capacity 25736K, committed 25968K, reserved 1073152K
  class space    used 2706K, capacity 2802K, committed 2928K, reserved 1048576K
}
Event: 1.353 GC heap before
{Heap before GC invocations=7 (full 0):
 garbage-first heap   total 66560K, used 48190K [0x00000007a0000000, 0x00000007c0000000)
  region size 1024K, 33 young (33792K), 3 survivors (3072K)
 Metaspace       used 28428K, capacity 28883K, committed 29168K, reserved 1075200K
  class space    used 3081K, capacity 3210K, committed 3312K, reserved 1048576K
}
Event: 1.355 GC heap after
{Heap after GC invocations=8 (full 0):
 garbage-first heap   total 66560K, used 18121K [0x00000007a0000000, 0x00000007c0000000)
  region size 1024K, 4 young (4096K), 4 survivors (4096K)
 Metaspace       used 28428K, capacity 28883K, committed 29168K, reserved 1075200K
  class space    used 3081K, capacity 3210K, committed 3312K, reserved 1048576K
}
Event: 1.435 GC heap before
{Heap before GC invocations=8 (full 0):
 garbage-first heap   total 66560K, used 48841K [0x00000007a0000000, 0x00000007c0000000)
  region size 1024K, 34 young (34816K), 4 survivors (4096K)
 Metaspace       used 29766K, capacity 30166K, committed 30320K, reserved 1077248K
  class space    used 3250K, capacity 3403K, committed 3440K, reserved 1048576K
}
Event: 1.437 GC heap after
{Heap after GC invocations=9 (full 0):
 garbage-first heap   total 66560K, used 19147K [0x00000007a0000000, 0x00000007c0000000)
  region size 1024K, 4 young (4096K), 4 survivors (4096K)
 Metaspace       used 29766K, capacity 30166K, committed 30320K, reserved 1077248K
  class space    used 3250K, capacity 3403K, committed 3440K, reserved 1048576K
}

Deoptimization events (20 events):
Event: 1.430 Thread 0x000000014a309400 DEOPT PACKING pc=0x000000010e70416c sp=0x000000016f48ee20
Event: 1.430 Thread 0x000000014a309400 DEOPT UNPACKING pc=0x000000010dbb5bfc sp=0x000000016f48ee00 mode 0
Event: 1.432 Thread 0x000000014a309400 DEOPT PACKING pc=0x000000010e705b3c sp=0x000000016f48ee20
Event: 1.432 Thread 0x000000014a309400 DEOPT UNPACKING pc=0x000000010dbb5bfc sp=0x000000016f48ee00 mode 0
Event: 1.433 Thread 0x000000014bc7f600 DEOPT PACKING pc=0x000000010e5c996c sp=0x000000016e6364a0
Event: 1.433 Thread 0x000000014bc7f600 DEOPT UNPACKING pc=0x000000010dbb5bfc sp=0x000000016e6362d0 mode 0
Event: 1.434 Thread 0x000000014bc7f600 DEOPT PACKING pc=0x000000010e70416c sp=0x000000016e636690
Event: 1.434 Thread 0x000000014bc7f600 DEOPT UNPACKING pc=0x000000010dbb5bfc sp=0x000000016e636670 mode 0
Event: 1.443 Thread 0x000000014a309400 DEOPT PACKING pc=0x000000010e70416c sp=0x000000016f48e410
Event: 1.443 Thread 0x000000014a309400 DEOPT UNPACKING pc=0x000000010dbb5bfc sp=0x000000016f48e3f0 mode 0
Event: 1.445 Thread 0x000000014bc7f600 DEOPT PACKING pc=0x000000010e7366f8 sp=0x000000016e635180
Event: 1.445 Thread 0x000000014bc7f600 DEOPT UNPACKING pc=0x000000010dbb5bfc sp=0x000000016e634fe0 mode 0
Event: 1.448 Thread 0x000000014a309400 DEOPT PACKING pc=0x000000010e70416c sp=0x000000016f48c530
Event: 1.448 Thread 0x000000014a309400 DEOPT UNPACKING pc=0x000000010dbb5bfc sp=0x000000016f48c510 mode 0
Event: 1.449 Thread 0x000000014a309400 DEOPT PACKING pc=0x000000010e70416c sp=0x000000016f48c530
Event: 1.449 Thread 0x000000014a309400 DEOPT UNPACKING pc=0x000000010dbb5bfc sp=0x000000016f48c510 mode 0
Event: 1.449 Thread 0x000000014a309400 DEOPT PACKING pc=0x000000010e5cdbb4 sp=0x000000016f48c430
Event: 1.450 Thread 0x000000014a309400 DEOPT UNPACKING pc=0x000000010dbb5bfc sp=0x000000016f48c210 mode 0
Event: 1.450 Thread 0x000000014a309400 DEOPT PACKING pc=0x000000010e705b3c sp=0x000000016f48c530
Event: 1.450 Thread 0x000000014a309400 DEOPT UNPACKING pc=0x000000010dbb5bfc sp=0x000000016f48c510 mode 0

Classes unloaded (0 events):
No events

Classes redefined (0 events):
No events

Internal exceptions (20 events):
Event: 1.144 Thread 0x000000014bc7f600 Exception <a 'java/lang/NoSuchMethodError'{0x00000007a11f39c8}: 'java.lang.Object java.lang.invoke.Invokers$Holder.linkToTargetMethod(java.lang.Object, java.lang.Object, java.lang.Object, java.lang.Object, java.lang.Object, java.lang.Object, java.lang.Object)'> (0x00000007a11f39c8) 
thrown [src/hotspot/share/interpreter/linkResolver.cpp, line 782]
Event: 1.145 Thread 0x000000014bc7f600 Exception <a 'java/lang/NoSuchMethodError'{0x00000007a11ff988}: 'java.lang.Object java.lang.invoke.DirectMethodHandle$Holder.invokeInterface(java.lang.Object, java.lang.Object, java.lang.Object, java.lang.Object, java.lang.Object)'> (0x00000007a11ff988) 
thrown [src/hotspot/share/interpreter/linkResolver.cpp, line 782]
Event: 1.145 Thread 0x000000014bc7f600 Exception <a 'java/lang/IncompatibleClassChangeError'{0x00000007a1003f48}: Found class java.lang.Object, but interface was expected> (0x00000007a1003f48) 
thrown [src/hotspot/share/interpreter/linkResolver.cpp, line 848]
Event: 1.153 Thread 0x000000014bc7f600 Exception <a 'java/lang/NoSuchMethodError'{0x00000007a0ec0f10}: 'int java.lang.invoke.DirectMethodHandle$Holder.invokeVirtual(java.lang.Object, java.lang.Object, java.lang.Object)'> (0x00000007a0ec0f10) 
thrown [src/hotspot/share/interpreter/linkResolver.cpp, line 782]
Event: 1.194 Thread 0x000000014bc7f600 Exception <a 'java/lang/IncompatibleClassChangeError'{0x00000007a30e4110}: Found class java.lang.Object, but interface was expected> (0x00000007a30e4110) 
thrown [src/hotspot/share/interpreter/linkResolver.cpp, line 848]
Event: 1.201 Thread 0x000000014bc7f600 Exception <a 'java/lang/NoSuchMethodError'{0x00000007a2d9e130}: 'int java.lang.invoke.DirectMethodHandle$Holder.invokeSpecial(java.lang.Object, java.lang.Object, java.lang.Object, java.lang.Object)'> (0x00000007a2d9e130) 
thrown [src/hotspot/share/interpreter/linkResolver.cpp, line 782]
Event: 1.208 Thread 0x000000014bc7f600 Exception <a 'java/lang/NoSuchMethodError'{0x00000007a2a0d778}: 'void java.lang.invoke.DirectMethodHandle$Holder.invokeStatic(java.lang.Object, java.lang.Object, java.lang.Object, java.lang.Object, java.lang.Object, java.lang.Object)'> (0x00000007a2a0d778) 
thrown [src/hotspot/share/interpreter/linkResolver.cpp, line 782]
Event: 1.213 Thread 0x000000014bc7f600 Exception <a 'java/lang/NoSuchMethodError'{0x00000007a29e4ed0}: 'java.lang.Object java.lang.invoke.DirectMethodHandle$Holder.newInvokeSpecial(java.lang.Object, java.lang.Object, java.lang.Object, java.lang.Object, java.lang.Object, java.lang.Object, int)'> (0x00000007a29e4ed0) 
thrown [src/hotspot/share/interpreter/linkResolver.cpp, line 782]
Event: 1.282 Thread 0x000000014bc7f600 Exception <a 'java/lang/NoSuchMethodError'{0x00000007a32d3810}: 'java.lang.Object java.lang.invoke.DirectMethodHandle$Holder.newInvokeSpecial(java.lang.Object, java.lang.Object, java.lang.Object, int, java.lang.Object)'> (0x00000007a32d3810) 
thrown [src/hotspot/share/interpreter/linkResolver.cpp, line 782]
Event: 1.283 Thread 0x000000014bc7f600 Exception <a 'java/lang/NoSuchMethodError'{0x00000007a3100b10}: 'java.lang.Object java.lang.invoke.DirectMethodHandle$Holder.invokeSpecial(java.lang.Object, java.lang.Object, int, java.lang.Object)'> (0x00000007a3100b10) 
thrown [src/hotspot/share/interpreter/linkResolver.cpp, line 782]
Event: 1.283 Thread 0x000000014bc7f600 Exception <a 'java/lang/NoSuchMethodError'{0x00000007a3104de8}: 'java.lang.Object java.lang.invoke.Invokers$Holder.linkToTargetMethod(int, java.lang.Object, java.lang.Object)'> (0x00000007a3104de8) 
thrown [src/hotspot/share/interpreter/linkResolver.cpp, line 782]
Event: 1.312 Thread 0x000000014bc7f600 Exception <a 'java/lang/NoSuchMethodError'{0x00000007a2cb6ca0}: 'java.lang.Object java.lang.invoke.DirectMethodHandle$Holder.invokeStatic(java.lang.Object, long)'> (0x00000007a2cb6ca0) 
thrown [src/hotspot/share/interpreter/linkResolver.cpp, line 782]
Event: 1.312 Thread 0x000000014bc7f600 Exception <a 'java/lang/NoSuchMethodError'{0x00000007a2cc9b20}: 'java.lang.Object java.lang.invoke.DirectMethodHandle$Holder.invokeSpecial(java.lang.Object, java.lang.Object, long)'> (0x00000007a2cc9b20) 
thrown [src/hotspot/share/interpreter/linkResolver.cpp, line 782]
Event: 1.313 Thread 0x000000014bc7f600 Exception <a 'java/lang/NoSuchMethodError'{0x00000007a2ceb6c0}: 'java.lang.Object java.lang.invoke.DirectMethodHandle$Holder.invokeStatic(java.lang.Object, java.lang.Object, java.lang.Object, java.lang.Object, java.lang.Object, java.lang.Object, java.lang.Object, java.lang.Object)'> (0x00000007a2ceb6c0) 
thrown [src/hotspot/share/interpreter/linkResolver.cpp, line 782]
Event: 1.313 Thread 0x000000014bc7f600 Exception <a 'java/lang/NoSuchMethodError'{0x00000007a2b0d718}: 'java.lang.Object java.lang.invoke.DirectMethodHandle$Holder.invokeStatic(java.lang.Object, java.lang.Object, java.lang.Object, java.lang.Object, long)'> (0x00000007a2b0d718) 
thrown [src/hotspot/share/interpreter/linkResolver.cpp, line 782]
Event: 1.314 Thread 0x000000014bc7f600 Exception <a 'java/lang/NoSuchMethodError'{0x00000007a2b26610}: 'java.lang.Object java.lang.invoke.DirectMethodHandle$Holder.invokeStatic(java.lang.Object, java.lang.Object, java.lang.Object, java.lang.Object, java.lang.Object, java.lang.Object, java.lang.Object, java.lang.Object, java.lang.Object)'> (0x00000007a2b26610) 
thrown [src/hotspot/share/interpreter/linkResolver.cpp, line 782]
Event: 1.315 Thread 0x000000014bc7f600 Exception <a 'java/lang/NoSuchMethodError'{0x00000007a2b46630}: 'java.lang.Object java.lang.invoke.DirectMethodHandle$Holder.invokeStatic(java.lang.Object, java.lang.Object, java.lang.Object, java.lang.Object, java.lang.Object, java.lang.Object, java.lang.Object, java.lang.Object, java.lang.Object, java.lang.Object)'> (0x00000007a2b46630) 
thrown [src/hotspot/share/interpreter/linkResolver.cpp, line 782]
Event: 1.334 Thread 0x000000014bc7f600 Exception <a 'java/lang/NoSuchMethodError'{0x00000007a254ba00}: 'java.lang.Object java.lang.invoke.DirectMethodHandle$Holder.invokeStatic(java.lang.Object, java.lang.Object, java.lang.Object, java.lang.Object, java.lang.Object, java.lang.Object, java.lang.Object, java.lang.Object, java.lang.Object, java.lang.Object, java.lang.Object)'> (0x00000007a254ba00) 
thrown [src/hotspot/share/interpreter/linkResolver.cpp, line 782]
Event: 1.335 Thread 0x000000014bc7f600 Exception <a 'java/lang/NoSuchMethodError'{0x00000007a2569e30}: 'java.lang.Object java.lang.invoke.DirectMethodHandle$Holder.invokeStatic(java.lang.Object, java.lang.Object, java.lang.Object, java.lang.Object, java.lang.Object, java.lang.Object, java.lang.Object, java.lang.Object, java.lang.Object, java.lang.Object, java.lang.Object, java.lang.Object)'> (0x00000007a2569e30) 
thrown [src/hotspot/share/interpreter/linkResolver.cpp, line 782]
Event: 1.401 Thread 0x000000014bc7f600 Exception <a 'java/lang/NoSuchMethodError'{0x00000007a35d30a0}: 'void java.lang.invoke.DirectMethodHandle$Holder.invokeStatic(java.lang.Object, java.lang.Object, int)'> (0x00000007a35d30a0) 
thrown [src/hotspot/share/interpreter/linkResolver.cpp, line 782]

Events (20 events):
Event: 1.402 Protecting memory [0x000000016f290000,0x000000016f29c000] with protection modes 0
Event: 1.411 loading class java/util/ServiceConfigurationError
Event: 1.411 loading class java/util/ServiceConfigurationError done
Event: 1.413 loading class java/io/Console
Event: 1.413 loading class java/io/Console done
Event: 1.413 loading class java/io/Console$2
Event: 1.413 loading class jdk/internal/access/JavaIOAccess
Event: 1.413 loading class jdk/internal/access/JavaIOAccess done
Event: 1.413 loading class java/io/Console$2 done
Event: 1.435 Executing VM operation: G1CollectForAllocation
Event: 1.440 loading class javax/xml/stream/XMLStreamException
Event: 1.440 loading class javax/xml/stream/XMLStreamException done
Event: 1.440 loading class java/util/regex/PatternSyntaxException
Event: 1.440 loading class java/util/regex/PatternSyntaxException done
Event: 1.441 Executing VM operation: G1CollectForAllocation done
Event: 1.442 Executing VM operation: HandshakeAllThreads
Event: 1.442 Executing VM operation: HandshakeAllThreads done
Event: 1.455 loading class java/io/NotSerializableException
Event: 1.455 loading class java/io/NotSerializableException done
Event: 1.457 Executing VM operation: HandshakeAllThreads


Dynamic libraries:
0x0000000104924000 	/Users/hkpark02/Library/Java/JavaVirtualMachines/azul-15.0.7/Contents/Home/lib/libjli.dylib
0x00000001a149a000 	/usr/lib/libz.1.dylib
0x00000001a1554000 	/usr/lib/libSystem.B.dylib
0x00000001a154e000 	/usr/lib/system/libcache.dylib
0x00000001a1507000 	/usr/lib/system/libcommonCrypto.dylib
0x00000001a1535000 	/usr/lib/system/libcompiler_rt.dylib
0x00000001a152b000 	/usr/lib/system/libcopyfile.dylib
0x0000000195c7c000 	/usr/lib/system/libcorecrypto.dylib
0x0000000195d32000 	/usr/lib/system/libdispatch.dylib
0x0000000195ec3000 	/usr/lib/system/libdyld.dylib
0x00000001a1544000 	/usr/lib/system/libkeymgr.dylib
0x00000001a14e5000 	/usr/lib/system/libmacho.dylib
0x00000001a0bb6000 	/usr/lib/system/libquarantine.dylib
0x00000001a1541000 	/usr/lib/system/libremovefile.dylib
0x000000019ab83000 	/usr/lib/system/libsystem_asl.dylib
0x0000000195c19000 	/usr/lib/system/libsystem_blocks.dylib
0x0000000195d7d000 	/usr/lib/system/libsystem_c.dylib
0x00000001a1539000 	/usr/lib/system/libsystem_collections.dylib
0x00000001a00d7000 	/usr/lib/system/libsystem_configuration.dylib
0x000000019f147000 	/usr/lib/system/libsystem_containermanager.dylib
0x00000001a11ed000 	/usr/lib/system/libsystem_coreservices.dylib
0x0000000198d18000 	/usr/lib/system/libsystem_darwin.dylib
0x00000001a1545000 	/usr/lib/system/libsystem_dnssd.dylib
0x0000000195d7a000 	/usr/lib/system/libsystem_featureflags.dylib
0x0000000195eef000 	/usr/lib/system/libsystem_info.dylib
0x00000001a14ac000 	/usr/lib/system/libsystem_m.dylib
0x0000000195d06000 	/usr/lib/system/libsystem_malloc.dylib
0x000000019ab03000 	/usr/lib/system/libsystem_networkextension.dylib
0x0000000199182000 	/usr/lib/system/libsystem_notify.dylib
0x00000001a00dc000 	/usr/lib/system/libsystem_sandbox.dylib
0x00000001a153e000 	/usr/lib/system/libsystem_secinit.dylib
0x0000000195e7d000 	/usr/lib/system/libsystem_kernel.dylib
0x0000000195ee7000 	/usr/lib/system/libsystem_platform.dylib
0x0000000195eb6000 	/usr/lib/system/libsystem_pthread.dylib
0x000000019c358000 	/usr/lib/system/libsystem_symptoms.dylib
0x0000000195c62000 	/usr/lib/system/libsystem_trace.dylib
0x00000001a1518000 	/usr/lib/system/libunwind.dylib
0x0000000195c1e000 	/usr/lib/system/libxpc.dylib
0x0000000195e65000 	/usr/lib/libc++abi.dylib
0x0000000195b48000 	/usr/lib/libobjc.A.dylib
0x00000001a1523000 	/usr/lib/liboah.dylib
0x0000000195dfe000 	/usr/lib/libc++.1.dylib
0x00000001ad359000 	/System/Library/Frameworks/Cocoa.framework/Versions/A/Cocoa
0x00000001991e3000 	/System/Library/Frameworks/AppKit.framework/Versions/C/AppKit
0x000000019bb87000 	/System/Library/Frameworks/CoreData.framework/Versions/A/CoreData
0x0000000196e47000 	/System/Library/Frameworks/Foundation.framework/Versions/C/Foundation
0x000000019a0ee000 	/System/Library/PrivateFrameworks/UIFoundation.framework/Versions/A/UIFoundation
0x0000000201be2000 	/System/Library/PrivateFrameworks/CollectionViewCore.framework/Versions/A/CollectionViewCore
0x00000001a7805000 	/System/Library/PrivateFrameworks/RemoteViewServices.framework/Versions/A/RemoteViewServices
0x000000019f98a000 	/System/Library/PrivateFrameworks/XCTTargetBootstrap.framework/Versions/A/XCTTargetBootstrap
0x00000001a32e8000 	/System/Library/PrivateFrameworks/InternationalSupport.framework/Versions/A/InternationalSupport
0x00000001a336f000 	/System/Library/PrivateFrameworks/UserActivity.framework/Versions/A/UserActivity
0x0000000218d6a000 	/System/Library/PrivateFrameworks/WindowManagement.framework/Versions/A/WindowManagement
0x0000000196b11000 	/System/Library/Frameworks/SystemConfiguration.framework/Versions/A/SystemConfiguration
0x00000001a27ec000 	/usr/lib/libspindump.dylib
0x000000019a294000 	/System/Library/Frameworks/UniformTypeIdentifiers.framework/Versions/A/UniformTypeIdentifiers
0x000000019dc9e000 	/usr/lib/libapp_launch_measurement.dylib
0x000000019d14e000 	/System/Library/PrivateFrameworks/CoreAnalytics.framework/Versions/A/CoreAnalytics
0x000000019dca5000 	/System/Library/PrivateFrameworks/CoreAutoLayout.framework/Versions/A/CoreAutoLayout
0x000000019f199000 	/System/Library/Frameworks/Metal.framework/Versions/A/Metal
0x00000001a00e8000 	/usr/lib/liblangid.dylib
0x000000019f990000 	/System/Library/PrivateFrameworks/CoreSVG.framework/Versions/A/CoreSVG
0x000000019abb9000 	/System/Library/PrivateFrameworks/SkyLight.framework/Versions/A/SkyLight
0x000000019afd1000 	/System/Library/Frameworks/CoreGraphics.framework/Versions/A/CoreGraphics
0x00000001a7ed0000 	/System/Library/Frameworks/Accelerate.framework/Versions/A/Accelerate
0x00000001a225a000 	/System/Library/PrivateFrameworks/IconServices.framework/Versions/A/IconServices
0x000000019f179000 	/System/Library/Frameworks/IOSurface.framework/Versions/A/IOSurface
0x000000019d17b000 	/usr/lib/libDiagnosticMessagesClient.dylib
0x00000001ab137000 	/System/Library/Frameworks/ApplicationServices.framework/Versions/A/ApplicationServices
0x000000019f972000 	/System/Library/PrivateFrameworks/DFRFoundation.framework/Versions/A/DFRFoundation
0x0000000198a61000 	/usr/lib/libicucore.A.dylib
0x00000001a4278000 	/System/Library/Frameworks/AudioToolbox.framework/Versions/A/AudioToolbox
0x00000001a32f3000 	/System/Library/PrivateFrameworks/DataDetectorsCore.framework/Versions/A/DataDetectorsCore
0x00000001ba3f6000 	/System/Library/PrivateFrameworks/TextInput.framework/Versions/A/TextInput
0x000000019ab1e000 	/usr/lib/libMobileGestalt.dylib
0x000000019f63e000 	/System/Library/Frameworks/Carbon.framework/Versions/A/Frameworks/HIToolbox.framework/Versions/A/HIToolbox
0x000000019d626000 	/System/Library/Frameworks/QuartzCore.framework/Versions/A/QuartzCore
0x00000001986bd000 	/System/Library/Frameworks/Security.framework/Versions/A/Security
0x00000001a7845000 	/System/Library/Frameworks/Carbon.framework/Versions/A/Frameworks/SpeechRecognition.framework/Versions/A/SpeechRecognition
0x000000019d9dd000 	/System/Library/PrivateFrameworks/CoreUI.framework/Versions/A/CoreUI
0x0000000197fb6000 	/System/Library/Frameworks/CoreAudio.framework/Versions/A/CoreAudio
0x000000019d257000 	/System/Library/Frameworks/DiskArbitration.framework/Versions/A/DiskArbitration
0x00000001a2c20000 	/System/Library/PrivateFrameworks/MultitouchSupport.framework/Versions/A/MultitouchSupport
0x000000019ab1c000 	/usr/lib/libenergytrace.dylib
0x00000001990a6000 	/System/Library/Frameworks/IOKit.framework/Versions/A/IOKit
0x00000001a7c2c000 	/System/Library/Frameworks/CoreServices.framework/Versions/A/CoreServices
0x000000019dc2b000 	/System/Library/PrivateFrameworks/PerformanceAnalysis.framework/Versions/A/PerformanceAnalysis
0x00000001e5212000 	/System/Library/Frameworks/OpenGL.framework/Versions/A/OpenGL
0x000000019dcef000 	/usr/lib/libxml2.2.dylib
0x00000001a0abc000 	/System/Library/PrivateFrameworks/MobileKeyBag.framework/Versions/A/MobileKeyBag
0x000000019b61c000 	/System/Library/Frameworks/ColorSync.framework/Versions/A/ColorSync
0x0000000195f1b000 	/System/Library/Frameworks/CoreFoundation.framework/Versions/A/CoreFoundation
0x000000019fd0a000 	/System/Library/Frameworks/CoreImage.framework/Versions/A/CoreImage
0x0000000197dd7000 	/System/Library/Frameworks/CoreText.framework/Versions/A/CoreText
0x000000019f9c9000 	/System/Library/Frameworks/ImageIO.framework/Versions/A/ImageIO
0x00000001a155a000 	/System/Library/PrivateFrameworks/SoftLinking.framework/Versions/A/SoftLinking
0x00000001a17ee000 	/usr/lib/libcompression.dylib
0x00000001a3244000 	/System/Library/PrivateFrameworks/TextureIO.framework/Versions/A/TextureIO
0x00000001a1f2c000 	/usr/lib/libate.dylib
0x00000001a1deb000 	/usr/lib/liblzma.5.dylib
0x00000001a1556000 	/usr/lib/libfakelink.dylib
0x000000019a741000 	/System/Library/Frameworks/CFNetwork.framework/Versions/A/CFNetwork
0x00000001a1695000 	/usr/lib/libarchive.2.dylib
0x00000001a5b83000 	/System/Library/Frameworks/Combine.framework/Versions/A/Combine
0x00000001a3c42000 	/usr/lib/swift/libswiftCore.dylib
0x00000001b74cf000 	/usr/lib/swift/libswiftCoreFoundation.dylib
0x00000001b53ab000 	/usr/lib/swift/libswiftDarwin.dylib
0x00000001a9144000 	/usr/lib/swift/libswiftDispatch.dylib
0x00000001b74f0000 	/usr/lib/swift/libswiftIOKit.dylib
0x00000001ab55a000 	/usr/lib/swift/libswiftObjectiveC.dylib
0x00000001b74e3000 	/usr/lib/swift/libswiftXPC.dylib
0x000000021f595000 	/usr/lib/swift/libswift_Concurrency.dylib
0x000000021f6e7000 	/usr/lib/swift/libswift_StringProcessing.dylib
0x00000001ab55e000 	/usr/lib/swift/libswiftos.dylib
0x000000019902b000 	/System/Library/PrivateFrameworks/CoreServicesInternal.framework/Versions/A/CoreServicesInternal
0x00000001a0be1000 	/usr/lib/libbsm.0.dylib
0x00000001a14eb000 	/usr/lib/system/libkxld.dylib
0x000000019dc67000 	/System/Library/Frameworks/CoreServices.framework/Versions/A/Frameworks/FSEvents.framework/Versions/A/FSEvents
0x0000000198d23000 	/System/Library/Frameworks/CoreServices.framework/Versions/A/Frameworks/CarbonCore.framework/Versions/A/CarbonCore
0x000000019d1be000 	/System/Library/Frameworks/CoreServices.framework/Versions/A/Frameworks/Metadata.framework/Versions/A/Metadata
0x00000001a11f3000 	/System/Library/Frameworks/CoreServices.framework/Versions/A/Frameworks/OSServices.framework/Versions/A/OSServices
0x00000001a171c000 	/System/Library/Frameworks/CoreServices.framework/Versions/A/Frameworks/SearchKit.framework/Versions/A/SearchKit
0x000000019c2db000 	/System/Library/Frameworks/CoreServices.framework/Versions/A/Frameworks/AE.framework/Versions/A/AE
0x00000001963f3000 	/System/Library/Frameworks/CoreServices.framework/Versions/A/Frameworks/LaunchServices.framework/Versions/A/LaunchServices
0x00000001a1d94000 	/System/Library/Frameworks/CoreServices.framework/Versions/A/Frameworks/DictionaryServices.framework/Versions/A/DictionaryServices
0x000000019dc74000 	/System/Library/Frameworks/CoreServices.framework/Versions/A/Frameworks/SharedFileList.framework/Versions/A/SharedFileList
0x00000001a17bb000 	/usr/lib/libapple_nghttp2.dylib
0x000000019a73d000 	/usr/lib/libnetwork.dylib
0x000000019bf5f000 	/usr/lib/libsqlite3.dylib
0x000000019c361000 	/System/Library/Frameworks/Network.framework/Versions/A/Network
0x000000021e6e7000 	/usr/lib/libCoreEntitlements.dylib
0x000000020b1c2000 	/System/Library/PrivateFrameworks/MessageSecurity.framework/Versions/A/MessageSecurity
0x000000019bf45000 	/System/Library/PrivateFrameworks/ProtocolBuffer.framework/Versions/A/ProtocolBuffer
0x00000001a11cf000 	/System/Library/PrivateFrameworks/AppleFSCompression.framework/Versions/A/AppleFSCompression
0x00000001a0bc9000 	/usr/lib/libcoretls.dylib
0x00000001a1e04000 	/usr/lib/libcoretls_cfhelpers.dylib
0x00000001a17e8000 	/usr/lib/libpam.2.dylib
0x00000001a1e6a000 	/usr/lib/libxar.1.dylib
0x00000001a2235000 	/usr/lib/libheimdal-asn1.dylib
0x00000001a155b000 	/usr/lib/libpcap.A.dylib
0x000000019c34e000 	/usr/lib/libdns_services.dylib
0x00000001a00e4000 	/System/Library/PrivateFrameworks/AppleSystemInfo.framework/Versions/A/AppleSystemInfo
0x00000001a08bd000 	/System/Library/PrivateFrameworks/IOMobileFramebuffer.framework/Versions/A/IOMobileFramebuffer
0x00000001a11e0000 	/usr/lib/libbz2.1.0.dylib
0x00000001a0bb9000 	/usr/lib/libCheckFix.dylib
0x000000019ab9b000 	/System/Library/PrivateFrameworks/TCC.framework/Versions/A/TCC
0x00000001a00ea000 	/System/Library/PrivateFrameworks/CoreNLP.framework/Versions/A/CoreNLP
0x000000019d17d000 	/System/Library/PrivateFrameworks/MetadataUtilities.framework/Versions/A/MetadataUtilities
0x00000001a0bf2000 	/usr/lib/libmecab.dylib
0x0000000196b9b000 	/usr/lib/libCRFSuite.dylib
0x00000001a0c4f000 	/usr/lib/libgermantok.dylib
0x00000001a1794000 	/usr/lib/libThaiTokenizer.dylib
0x000000019d260000 	/System/Library/Frameworks/Accelerate.framework/Versions/A/Frameworks/vImage.framework/Versions/A/vImage
0x00000001a7c03000 	/System/Library/Frameworks/Accelerate.framework/Versions/A/Frameworks/vecLib.framework/Versions/A/vecLib
0x00000001a1eb0000 	/System/Library/Frameworks/Accelerate.framework/Versions/A/Frameworks/vecLib.framework/Versions/A/libvMisc.dylib
0x00000001a07bd000 	/System/Library/Frameworks/Accelerate.framework/Versions/A/Frameworks/vecLib.framework/Versions/A/libvDSP.dylib
0x00000001967a7000 	/System/Library/Frameworks/Accelerate.framework/Versions/A/Frameworks/vecLib.framework/Versions/A/libBLAS.dylib
0x00000001a18c0000 	/System/Library/Frameworks/Accelerate.framework/Versions/A/Frameworks/vecLib.framework/Versions/A/libLAPACK.dylib
0x00000001a0c52000 	/System/Library/Frameworks/Accelerate.framework/Versions/A/Frameworks/vecLib.framework/Versions/A/libLinearAlgebra.dylib
0x00000001a17d3000 	/System/Library/Frameworks/Accelerate.framework/Versions/A/Frameworks/vecLib.framework/Versions/A/libSparseBLAS.dylib
0x00000001a18bb000 	/System/Library/Frameworks/Accelerate.framework/Versions/A/Frameworks/vecLib.framework/Versions/A/libQuadrature.dylib
0x00000001a01e3000 	/System/Library/Frameworks/Accelerate.framework/Versions/A/Frameworks/vecLib.framework/Versions/A/libBNNS.dylib
0x0000000196aaa000 	/System/Library/Frameworks/Accelerate.framework/Versions/A/Frameworks/vecLib.framework/Versions/A/libSparse.dylib
0x000000020a4f8000 	/System/Library/PrivateFrameworks/MIL.framework/Versions/A/MIL
0x00000001a1590000 	/usr/lib/libiconv.2.dylib
0x00000001a14e4000 	/usr/lib/libcharset.1.dylib
0x000000019dc47000 	/System/Library/Frameworks/OpenDirectory.framework/Versions/A/Frameworks/CFOpenDirectory.framework/Versions/A/CFOpenDirectory
0x000000019dc37000 	/System/Library/Frameworks/OpenDirectory.framework/Versions/A/OpenDirectory
0x00000001a1e06000 	/System/Library/PrivateFrameworks/APFS.framework/Versions/A/APFS
0x00000001a0af3000 	/System/Library/Frameworks/SecurityFoundation.framework/Versions/A/SecurityFoundation
0x00000001a1e79000 	/usr/lib/libutil.dylib
0x0000000209579000 	/System/Library/PrivateFrameworks/InstalledContentLibrary.framework/Versions/A/InstalledContentLibrary
0x0000000199069000 	/System/Library/PrivateFrameworks/CoreServicesStore.framework/Versions/A/CoreServicesStore
0x00000002005af000 	/System/Library/PrivateFrameworks/AppleMobileFileIntegrity.framework/Versions/A/AppleMobileFileIntegrity
0x00000001b74ae000 	/usr/lib/libmis.dylib
0x00000001c53d3000 	/System/Library/PrivateFrameworks/MobileSystemServices.framework/Versions/A/MobileSystemServices
0x00000001dfb18000 	/System/Library/PrivateFrameworks/ConfigProfileHelper.framework/Versions/A/ConfigProfileHelper
0x00000001a1796000 	/System/Library/PrivateFrameworks/AppleSauce.framework/Versions/A/AppleSauce
0x0000000197880000 	/System/Library/PrivateFrameworks/LanguageModeling.framework/Versions/A/LanguageModeling
0x00000001a1e7d000 	/usr/lib/libxslt.1.dylib
0x00000001a1683000 	/usr/lib/libcmph.dylib
0x00000001a08aa000 	/System/Library/PrivateFrameworks/CoreEmoji.framework/Versions/A/CoreEmoji
0x00000001a01dd000 	/System/Library/PrivateFrameworks/LinguisticData.framework/Versions/A/LinguisticData
0x0000000196a62000 	/System/Library/PrivateFrameworks/Lexicon.framework/Versions/A/Lexicon
0x00000001a0b86000 	/System/Library/PrivateFrameworks/BackgroundTaskManagement.framework/Versions/A/BackgroundTaskManagement
0x000000021e886000 	/usr/lib/libTLE.dylib
0x000000021f632000 	/usr/lib/swift/libswift_RegexParser.dylib
0x00000001a2ae5000 	/System/Library/PrivateFrameworks/AppleJPEG.framework/Versions/A/AppleJPEG
0x00000001a221a000 	/usr/lib/libexpat.1.dylib
0x00000001a30a6000 	/System/Library/Frameworks/ImageIO.framework/Versions/A/Resources/libPng.dylib
0x00000001a30d1000 	/System/Library/Frameworks/ImageIO.framework/Versions/A/Resources/libTIFF.dylib
0x00000001a31ba000 	/System/Library/Frameworks/ImageIO.framework/Versions/A/Resources/libGIF.dylib
0x00000001a2b2a000 	/System/Library/Frameworks/ImageIO.framework/Versions/A/Resources/libJP2.dylib
0x00000001a315e000 	/System/Library/Frameworks/ImageIO.framework/Versions/A/Resources/libJPEG.dylib
0x00000001a3155000 	/System/Library/Frameworks/ImageIO.framework/Versions/A/Resources/libRadiance.dylib
0x000000019f4c7000 	/System/Library/PrivateFrameworks/FontServices.framework/libFontParser.dylib
0x000000019c27d000 	/System/Library/PrivateFrameworks/RunningBoardServices.framework/Versions/A/RunningBoardServices
0x00000001ada8a000 	/System/Library/PrivateFrameworks/IOSurfaceAccelerator.framework/Versions/A/IOSurfaceAccelerator
0x00000001a2c1c000 	/System/Library/PrivateFrameworks/WatchdogClient.framework/Versions/A/WatchdogClient
0x00000001979f9000 	/System/Library/Frameworks/CoreDisplay.framework/Versions/A/CoreDisplay
0x000000019f3a1000 	/System/Library/Frameworks/CoreMedia.framework/Versions/A/CoreMedia
0x000000019f18f000 	/System/Library/PrivateFrameworks/IOAccelerator.framework/Versions/A/IOAccelerator
0x000000019ddd8000 	/System/Library/Frameworks/CoreVideo.framework/Versions/A/CoreVideo
0x00000001a17e6000 	/System/Library/Frameworks/MetalPerformanceShaders.framework/Versions/A/MetalPerformanceShaders
0x00000001a2c5b000 	/System/Library/Frameworks/VideoToolbox.framework/Versions/A/VideoToolbox
0x000000019c1c0000 	/System/Library/PrivateFrameworks/BaseBoard.framework/Versions/A/BaseBoard
0x00000001a3150000 	/System/Library/PrivateFrameworks/GPUWrangler.framework/Versions/A/GPUWrangler
0x00000001a3130000 	/System/Library/PrivateFrameworks/IOPresentment.framework/Versions/A/IOPresentment
0x00000001a3158000 	/System/Library/PrivateFrameworks/DSExternalDisplay.framework/Versions/A/DSExternalDisplay
0x0000000205d53000 	/System/Library/PrivateFrameworks/GPUCompiler.framework/Versions/31001/Libraries/libllvm-flatbuffers.dylib
0x00000001e5205000 	/System/Library/Frameworks/OpenGL.framework/Versions/A/Libraries/libCoreFSCache.dylib
0x0000000205d4f000 	/System/Library/PrivateFrameworks/GPUCompiler.framework/Versions/31001/Libraries/libGPUCompilerUtils.dylib
0x00000001a31c0000 	/System/Library/PrivateFrameworks/CMCaptureCore.framework/Versions/A/CMCaptureCore
0x00000001fa7ee000 	/System/Library/Frameworks/ExtensionFoundation.framework/Versions/A/ExtensionFoundation
0x00000001a98eb000 	/System/Library/PrivateFrameworks/CoreTime.framework/Versions/A/CoreTime
0x00000001a27d7000 	/System/Library/PrivateFrameworks/AppServerSupport.framework/Versions/A/AppServerSupport
0x00000001a4b5a000 	/System/Library/PrivateFrameworks/perfdata.framework/Versions/A/perfdata
0x0000000197b19000 	/System/Library/PrivateFrameworks/AudioToolboxCore.framework/Versions/A/AudioToolboxCore
0x000000019f377000 	/System/Library/PrivateFrameworks/caulk.framework/Versions/A/caulk
0x00000001a4417000 	/usr/lib/libAudioStatistics.dylib
0x00000001b68e8000 	/System/Library/PrivateFrameworks/SystemPolicy.framework/Versions/A/SystemPolicy
0x00000001a46b9000 	/usr/lib/libSMC.dylib
0x00000001ad22e000 	/System/Library/Frameworks/CoreMIDI.framework/Versions/A/CoreMIDI
0x00000001a3073000 	/usr/lib/libAudioToolboxUtility.dylib
0x00000001b266b000 	/System/Library/PrivateFrameworks/OSAServicesClient.framework/Versions/A/OSAServicesClient
0x00000001a4b67000 	/usr/lib/libperfcheck.dylib
0x00000001a2105000 	/System/Library/PrivateFrameworks/PlugInKit.framework/Versions/A/PlugInKit
0x00000001a0ae5000 	/System/Library/PrivateFrameworks/AssertionServices.framework/Versions/A/AssertionServices
0x00000001e5267000 	/System/Library/Frameworks/OpenGL.framework/Versions/A/Libraries/libGLU.dylib
0x00000001e5226000 	/System/Library/Frameworks/OpenGL.framework/Versions/A/Libraries/libGFXShared.dylib
0x00000001e540d000 	/System/Library/Frameworks/OpenGL.framework/Versions/A/Libraries/libGL.dylib
0x00000001e522f000 	/System/Library/Frameworks/OpenGL.framework/Versions/A/Libraries/libGLImage.dylib
0x00000001e5223000 	/System/Library/Frameworks/OpenGL.framework/Versions/A/Libraries/libCVMSPluginSupport.dylib
0x000000021e865000 	/usr/lib/libRosetta.dylib
0x00000001e520c000 	/System/Library/Frameworks/OpenGL.framework/Versions/A/Libraries/libCoreVMClient.dylib
0x00000001a005c000 	/System/Library/Frameworks/MetalPerformanceShaders.framework/Versions/A/Frameworks/MPSCore.framework/Versions/A/MPSCore
0x00000001a1145000 	/System/Library/Frameworks/MetalPerformanceShaders.framework/Versions/A/Frameworks/MPSImage.framework/Versions/A/MPSImage
0x00000001a0c67000 	/System/Library/Frameworks/MetalPerformanceShaders.framework/Versions/A/Frameworks/MPSNeuralNetwork.framework/Versions/A/MPSNeuralNetwork
0x00000001a1053000 	/System/Library/Frameworks/MetalPerformanceShaders.framework/Versions/A/Frameworks/MPSMatrix.framework/Versions/A/MPSMatrix
0x00000001a0e65000 	/System/Library/Frameworks/MetalPerformanceShaders.framework/Versions/A/Frameworks/MPSRayIntersector.framework/Versions/A/MPSRayIntersector
0x00000001a1081000 	/System/Library/Frameworks/MetalPerformanceShaders.framework/Versions/A/Frameworks/MPSNDArray.framework/Versions/A/MPSNDArray
0x00000001fbbbc000 	/System/Library/Frameworks/MetalPerformanceShaders.framework/Versions/A/Frameworks/MPSFunctions.framework/Versions/A/MPSFunctions
0x000000019666d000 	/System/Library/PrivateFrameworks/MetalTools.framework/Versions/A/MetalTools
0x00000001a00e2000 	/System/Library/PrivateFrameworks/AggregateDictionary.framework/Versions/A/AggregateDictionary
0x00000001a1fbe000 	/usr/lib/libIOReport.dylib
0x00000001ac41e000 	/System/Library/PrivateFrameworks/ASEProcessing.framework/Versions/A/ASEProcessing
0x00000001a2375000 	/System/Library/PrivateFrameworks/GraphVisualizer.framework/Versions/A/GraphVisualizer
0x0000000205c60000 	/System/Library/PrivateFrameworks/FontServices.framework/Versions/A/FontServices
0x00000001a2795000 	/System/Library/PrivateFrameworks/OTSVG.framework/Versions/A/OTSVG
0x000000019d98b000 	/System/Library/Frameworks/ApplicationServices.framework/Versions/A/Frameworks/ATS.framework/Versions/A/Resources/libFontRegistry.dylib
0x00000001a27e1000 	/System/Library/PrivateFrameworks/FontServices.framework/libhvf.dylib
0x0000000205c61000 	/System/Library/PrivateFrameworks/FontServices.framework/libXTFontStaticRegistryData.dylib
0x0000000217a7e000 	/System/Library/PrivateFrameworks/VideoToolboxParavirtualizationSupport.framework/Versions/A/VideoToolboxParavirtualizationSupport
0x00000001a21ce000 	/System/Library/PrivateFrameworks/AppleVA.framework/Versions/A/AppleVA
0x00000001a4457000 	/System/Library/Frameworks/ApplicationServices.framework/Versions/A/Frameworks/ATS.framework/Versions/A/ATS
0x000000019b70f000 	/System/Library/Frameworks/ApplicationServices.framework/Versions/A/Frameworks/HIServices.framework/Versions/A/HIServices
0x00000001a31cc000 	/System/Library/Frameworks/ApplicationServices.framework/Versions/A/Frameworks/PrintCore.framework/Versions/A/PrintCore
0x00000001a4812000 	/System/Library/Frameworks/ApplicationServices.framework/Versions/A/Frameworks/QD.framework/Versions/A/QD
0x00000001a4806000 	/System/Library/Frameworks/ApplicationServices.framework/Versions/A/Frameworks/ColorSyncLegacy.framework/Versions/A/ColorSyncLegacy
0x00000001a442b000 	/System/Library/Frameworks/ApplicationServices.framework/Versions/A/Frameworks/SpeechSynthesis.framework/Versions/A/SpeechSynthesis
0x00000001a318a000 	/System/Library/Frameworks/ApplicationServices.framework/Versions/A/Frameworks/ATSUI.framework/Versions/A/ATSUI
0x00000001a4799000 	/usr/lib/libcups.2.dylib
0x00000001a4b75000 	/System/Library/Frameworks/Kerberos.framework/Versions/A/Kerberos
0x00000001a4b86000 	/System/Library/Frameworks/GSS.framework/Versions/A/GSS
0x00000001a44c9000 	/usr/lib/libresolv.9.dylib
0x00000001a27f1000 	/System/Library/PrivateFrameworks/Heimdal.framework/Versions/A/Heimdal
0x00000001ab4dc000 	/System/Library/Frameworks/Kerberos.framework/Versions/A/Libraries/libHeimdalProxy.dylib
0x00000001a4bd6000 	/System/Library/PrivateFrameworks/CommonAuth.framework/Versions/A/CommonAuth
0x00000001f9a28000 	/System/Library/Frameworks/AVFAudio.framework/Versions/A/AVFAudio
0x00000001b26ba000 	/System/Library/PrivateFrameworks/AXCoreUtilities.framework/Versions/A/AXCoreUtilities
0x00000001a43a3000 	/System/Library/PrivateFrameworks/AudioSession.framework/Versions/A/AudioSession
0x00000001a593a000 	/System/Library/Frameworks/IOBluetooth.framework/Versions/A/IOBluetooth
0x00000001a22cf000 	/System/Library/PrivateFrameworks/MediaExperience.framework/Versions/A/MediaExperience
0x00000001a423e000 	/System/Library/PrivateFrameworks/AudioSession.framework/libSessionUtility.dylib
0x00000001a481e000 	/System/Library/PrivateFrameworks/AudioResourceArbitration.framework/Versions/A/AudioResourceArbitration
0x00000001a881b000 	/System/Library/PrivateFrameworks/PowerLog.framework/Versions/A/PowerLog
0x00000001a875d000 	/System/Library/Frameworks/CoreBluetooth.framework/Versions/A/CoreBluetooth
0x00000001ab4dd000 	/System/Library/Frameworks/AudioUnit.framework/Versions/A/AudioUnit
0x00000001a0948000 	/System/Library/PrivateFrameworks/CoreUtils.framework/Versions/A/CoreUtils
0x0000000204665000 	/System/Library/PrivateFrameworks/CoreUtilsExtras.framework/Versions/A/CoreUtilsExtras
0x0000000209417000 	/System/Library/PrivateFrameworks/IO80211.framework/Versions/A/IO80211
0x00000001a223f000 	/System/Library/PrivateFrameworks/IconFoundation.framework/Versions/A/IconFoundation
0x00000001a7831000 	/System/Library/PrivateFrameworks/SpeechRecognitionCore.framework/Versions/A/SpeechRecognitionCore
0x000000010576c000 	/Users/hkpark02/Library/Java/JavaVirtualMachines/azul-15.0.7/Contents/Home/lib/server/libjvm.dylib
0x00000001048dc000 	/Users/hkpark02/Library/Java/JavaVirtualMachines/azul-15.0.7/Contents/Home/lib/libjimage.dylib
0x0000000104988000 	/Users/hkpark02/Library/Java/JavaVirtualMachines/azul-15.0.7/Contents/Home/lib/libinstrument.dylib
0x00000001049d4000 	/Users/hkpark02/Library/Java/JavaVirtualMachines/azul-15.0.7/Contents/Home/lib/libjava.dylib
0x0000000105720000 	/Users/hkpark02/Library/Java/JavaVirtualMachines/azul-15.0.7/Contents/Home/lib/libzip.dylib
0x000000012187c000 	/Users/hkpark02/Library/Java/JavaVirtualMachines/azul-15.0.7/Contents/Home/lib/libnio.dylib
0x000000012189c000 	/Users/hkpark02/Library/Java/JavaVirtualMachines/azul-15.0.7/Contents/Home/lib/libnet.dylib
0x00000001218c0000 	/Users/hkpark02/Library/Java/JavaVirtualMachines/azul-15.0.7/Contents/Home/lib/libverify.dylib
0x0000000105738000 	/Users/hkpark02/Library/Java/JavaVirtualMachines/azul-15.0.7/Contents/Home/lib/libextnet.dylib
0x000000010574c000 	/Users/hkpark02/Library/Java/JavaVirtualMachines/azul-15.0.7/Contents/Home/lib/libmanagement.dylib
0x00000001218dc000 	/Users/hkpark02/Library/Java/JavaVirtualMachines/azul-15.0.7/Contents/Home/lib/libmanagement_ext.dylib


VM Arguments:
jvm_args: -Dorg.gradle.native=false -javaagent:build/tmp/expandedArchives/org.jacoco.agent-0.8.6.jar_a26f6511a7813217be4cd6439d66563b/jacocoagent.jar=destfile=build/jacoco/test.exec,append=true,inclnolocationclasses=false,dumponexit=true,output=file,jmx=false -Xmx512m -Dfile.encoding=UTF-8 -Duser.country=KR -Duser.language=ko -Duser.variant -ea 
java_command: worker.org.gradle.process.internal.worker.GradleWorkerMain 'Gradle Test Executor 26'
java_class_path (initial): /Users/hkpark02/.gradle/caches/6.8.3/workerMain/gradle-worker.jar:/Users/hkpark02/source/private/ink-backend/ink-admin/build/classes/java/test:/Users/hkpark02/source/private/ink-backend/ink-admin/build/resources/test:/Users/hkpark02/source/private/ink-backend/ink-admin/build/classes/java/main:/Users/hkpark02/source/private/ink-backend/ink-admin/build/resources/main:/Users/hkpark02/source/private/ink-backend/ink-core/build/classes/java/test:/Users/hkpark02/source/private/ink-backend/ink-core/build/resources/test:/Users/hkpark02/source/private/ink-backend/ink-core/build/libs/ink-core-0.0.1-SNAPSHOT-plain.jar:/Users/hkpark02/.gradle/caches/modules-2/files-2.1/org.springframework.boot/spring-boot-starter-data-jpa/2.5.0/84f42b4c2b85d59070d1b67c7e5b35a1f62c3e82/spring-boot-starter-data-jpa-2.5.0.jar:/Users/hkpark02/.gradle/caches/modules-2/files-2.1/org.springframework.boot/spring-boot-starter-validation/2.5.0/e5822bbdd2f3aa489a787c3fc8a915daf68f84b1/spring-boot-starter-validation-2.5.0.jar:/Users/hkpark02/.gradle/caches/modules-2/files-2.1/mysql/mysql-connector-java/8.0.25/f8b9123acd13058c941aff25f308c9ed8000bb73/mysql-connector-java-8.0.25.jar:/Users/hkpark02/.gradle/caches/modules-2/files-2.1/org.mapstruct/mapstruct/1.4.2.Final/68d82e631f75d073b3a432cb6cc1920fec57357b/mapstruct-1.4.2.Final.jar:/Users/hkpark02/.gradle/caches/modules-2/files-2.1/org.liquibase/liquibase-core/4.3.5/cfe99addf94f07ca1af1e42b8c2bcde8079d8fe0/liquibase-core-4.3.5.jar:/Users/hkpark02/.gradle/caches/modules-2/files-2.1/com.google.firebase/firebase-admin/6.8.1/ffd7e5352421639a249018cc5413b2796009a2e4/firebase-admin-6.8.1.jar:/Users/hkpark02/.gradle/caches/modules-2/files-2.1/ca.pjer/logback-awslogs-appender/1.4.0/72cbe19fb3bfda64a37aebbdbdfc8f086f7e6217/logback-awslogs-appender-1.4.0.jar:/Users/hkpark02/.gradle/caches/modules-2/files-2.1/org.springframework.cloud/spring-cloud-aws-context/2.2.1.RELEASE/c77669562d27d1aec88bb4f5e42a0b055d2b3c28/spring-cloud-aws-context-2
Launcher Type: SUN_STANDARD

[Global flags]
     intx CICompilerCount                          = 4                                         {product} {ergonomic}
     uint ConcGCThreads                            = 2                                         {product} {ergonomic}
     uint G1ConcRefinementThreads                  = 8                                         {product} {ergonomic}
   size_t G1HeapRegionSize                         = 1048576                                   {product} {ergonomic}
    uintx GCDrainStackTargetSize                   = 64                                        {product} {ergonomic}
   size_t InitialHeapSize                          = 268435456                                 {product} {ergonomic}
   size_t MarkStackSize                            = 4194304                                   {product} {ergonomic}
   size_t MaxHeapSize                              = 536870912                                 {product} {command line}
   size_t MaxNewSize                               = 321912832                                 {product} {ergonomic}
   size_t MinHeapDeltaBytes                        = 1048576                                   {product} {ergonomic}
   size_t MinHeapSize                              = 8388608                                   {product} {ergonomic}
    uintx NonNMethodCodeHeapSize                   = 5839564                                {pd product} {ergonomic}
    uintx NonProfiledCodeHeapSize                  = 122909338                              {pd product} {ergonomic}
    uintx ProfiledCodeHeapSize                     = 122909338                              {pd product} {ergonomic}
    uintx ReservedCodeCacheSize                    = 251658240                              {pd product} {ergonomic}
     bool SegmentedCodeCache                       = true                                      {product} {ergonomic}
   size_t SoftMaxHeapSize                          = 536870912                              {manageable} {ergonomic}
     bool UseCompressedClassPointers               = true                                 {lp64_product} {ergonomic}
     bool UseCompressedOops                        = true                                 {lp64_product} {ergonomic}
     bool UseG1GC                                  = true                                      {product} {ergonomic}
     bool UseNUMA                                  = false                                     {product} {ergonomic}
     bool UseNUMAInterleaving                      = false                                     {product} {ergonomic}

Logging:
Log output configuration:
 #0: stdout all=warning uptime,level,tags
 #1: stderr all=off uptime,level,tags

Environment Variables:
PATH=/usr/bin:/bin:/usr/sbin:/sbin
SHELL=/bin/zsh

Signal Handlers:
SIGSEGV: [libjvm.dylib+0x929b20], sa_mask[0]=11111111011111110111111111111111, sa_flags=SA_ONSTACK|SA_RESTART|SA_SIGINFO
SIGBUS: [libjvm.dylib+0x929b20], sa_mask[0]=11111111011111110111111111111111, sa_flags=SA_RESTART|SA_SIGINFO
SIGFPE: [libjvm.dylib+0x929b20], sa_mask[0]=11111111011111110111111111111111, sa_flags=SA_RESTART|SA_SIGINFO
SIGPIPE: [libjvm.dylib+0x713fe0], sa_mask[0]=11111111011111110111111111111111, sa_flags=SA_RESTART|SA_SIGINFO
SIGXFSZ: [libjvm.dylib+0x713fe0], sa_mask[0]=11111111011111110111111111111111, sa_flags=SA_RESTART|SA_SIGINFO
SIGILL: [libjvm.dylib+0x929b20], sa_mask[0]=11111111011111110111111111111111, sa_flags=SA_RESTART|SA_SIGINFO
SIGUSR2: [libjvm.dylib+0x714a14], sa_mask[0]=00100000000000000000000000000000, sa_flags=SA_RESTART|SA_SIGINFO
SIGHUP: [libjvm.dylib+0x7130b0], sa_mask[0]=11111111011111110111111111111111, sa_flags=SA_RESTART|SA_SIGINFO
SIGINT: [libjvm.dylib+0x7130b0], sa_mask[0]=11111111011111110111111111111111, sa_flags=SA_RESTART|SA_SIGINFO
SIGTERM: [libjvm.dylib+0x7130b0], sa_mask[0]=11111111011111110111111111111111, sa_flags=SA_RESTART|SA_SIGINFO
SIGQUIT: [libjvm.dylib+0x7130b0], sa_mask[0]=11111111011111110111111111111111, sa_flags=SA_RESTART|SA_SIGINFO


---------------  S Y S T E M  ---------------

OS:uname: Darwin 22.2.0 Darwin Kernel Version 22.2.0: Fri Nov 11 02:03:51 PST 2022; root:xnu-8792.61.2~4/RELEASE_ARM64_T6000 arm64
OS uptime: 10 days 13:49 hours
rlimit (soft/hard): STACK 8176k/65520k , CORE 0k/infinity , NPROC 2666/4000 , NOFILE 10240/infinity , AS infinity/infinity , CPU infinity/infinity , DATA infinity/infinity , FSIZE infinity/infinity , MEMLOCK infinity/infinity , RSS infinity/infinity
load average: 6.45 5.04 5.00

CPU: total 8 (initial active 8) 0x61:0x0:0x1b588bb3:0, simd, crc, lse

Memory: 16k page, physical 16777216k(57712k free), swap 8388608k(756544k free)

vm_info: OpenJDK 64-Bit Server VM (15.0.7+4-MTS) for bsd-aarch64 JRE (15.0.7+4-MTS) (Zulu15.40+19-CA), built on Apr 16 2022 08:21:05 by "zulu_re" with clang Apple LLVM 12.0.0 (clang-1200.0.32.28)

END.
